#0 building with "default" instance using docker driver

#1 [patient-service internal] load build definition from Dockerfile
#1 transferring dockerfile: 365B 0.0s done
#1 DONE 0.0s

#2 [patient-service auth] library/openjdk:pull token for registry-1.docker.io
#2 DONE 0.0s

#3 [patient-service auth] library/maven:pull token for registry-1.docker.io
#3 DONE 0.0s

#4 [patient-service internal] load metadata for docker.io/library/maven:3.9.9-eclipse-temurin-21
#4 ...

#5 [patient-service internal] load metadata for docker.io/library/openjdk:21-jdk
#5 DONE 4.0s

#4 [patient-service internal] load metadata for docker.io/library/maven:3.9.9-eclipse-temurin-21
#4 DONE 4.0s

#6 [patient-service internal] load .dockerignore
#6 transferring context: 2B done
#6 DONE 0.0s

#7 [patient-service builder 1/6] FROM docker.io/library/maven:3.9.9-eclipse-temurin-21@sha256:933900d8738eab72ddebb7ad971fc9bca91ae6bc4c7b6d6bbc17fb3609f5e64b
#7 DONE 0.0s

#8 [patient-service runner 1/3] FROM docker.io/library/openjdk:21-jdk@sha256:af9de795d1f8d3b6172f6c55ca9ba1c5768baa11bb2dc8af7045c7db9d4c33ac
#8 DONE 0.0s

#9 [patient-service runner 2/3] WORKDIR /app
#9 CACHED

#10 [patient-service internal] load build context
#10 transferring context: 2.90kB 0.0s done
#10 DONE 0.0s

#11 [patient-service builder 3/6] COPY pom.xml .
#11 CACHED

#12 [patient-service builder 4/6] RUN mvn dependency:go-offline -B
#12 CACHED

#13 [patient-service builder 2/6] WORKDIR /app
#13 CACHED

#14 [patient-service builder 5/6] COPY src ./src
#14 CACHED

#15 [patient-service builder 6/6] RUN mvn clean package
#15 3.885 [INFO] Scanning for projects...
#15 4.386 [INFO] 
#15 4.386 [INFO] ---------------------< com.stklue:patient-service >---------------------
#15 4.386 [INFO] Building patient-service 0.0.1-SNAPSHOT
#15 4.386 [INFO]   from pom.xml
#15 4.386 [INFO] --------------------------------[ jar ]---------------------------------
#15 5.493 Downloading from central: https://repo.maven.apache.org/maven2/io/micrometer/micrometer-observation/1.14.6/micrometer-observation-1.14.6.pom
#15 6.965 Progress (1): 1.4/3.8 kBProgress (1): 2.8/3.8 kBProgress (1): 3.8 kB                        Downloaded from central: https://repo.maven.apache.org/maven2/io/micrometer/micrometer-observation/1.14.6/micrometer-observation-1.14.6.pom (3.8 kB at 2.5 kB/s)
#15 7.009 Downloading from central: https://repo.maven.apache.org/maven2/io/micrometer/micrometer-commons/1.14.6/micrometer-commons-1.14.6.pom
#15 7.107 Progress (1): 1.4/3.4 kBProgress (1): 2.8/3.4 kBProgress (1): 3.4 kB                        Downloaded from central: https://repo.maven.apache.org/maven2/io/micrometer/micrometer-commons/1.14.6/micrometer-commons-1.14.6.pom (3.4 kB at 31 kB/s)
#15 7.286 Downloading from central: https://repo.maven.apache.org/maven2/org/jboss/logging/jboss-logging/3.6.1.Final/jboss-logging-3.6.1.Final.pom
#15 7.403 Progress (1): 1.4/18 kBProgress (1): 2.8/18 kBProgress (1): 4.1/18 kBProgress (1): 5.5/18 kBProgress (1): 6.9/18 kBProgress (1): 8.3/18 kBProgress (1): 9.7/18 kBProgress (1): 11/18 kB Progress (1): 12/18 kBProgress (1): 14/18 kBProgress (1): 15/18 kBProgress (1): 16/18 kBProgress (1): 17/18 kBProgress (1): 18 kB                      Downloaded from central: https://repo.maven.apache.org/maven2/org/jboss/logging/jboss-logging/3.6.1.Final/jboss-logging-3.6.1.Final.pom (18 kB at 99 kB/s)
#15 7.493 Downloading from central: https://repo.maven.apache.org/maven2/org/jboss/logging/logging-parent/1.0.3.Final/logging-parent-1.0.3.Final.pom
#15 7.604 Progress (1): 1.4/5.7 kBProgress (1): 2.8/5.7 kBProgress (1): 4.1/5.7 kBProgress (1): 5.5/5.7 kBProgress (1): 5.7 kB                        Downloaded from central: https://repo.maven.apache.org/maven2/org/jboss/logging/logging-parent/1.0.3.Final/logging-parent-1.0.3.Final.pom (5.7 kB at 45 kB/s)
#15 7.624 Downloading from central: https://repo.maven.apache.org/maven2/org/jboss/jboss-parent/42/jboss-parent-42.pom
#15 7.734 Progress (1): 1.4/76 kBProgress (1): 2.8/76 kBProgress (1): 4.1/76 kBProgress (1): 5.5/76 kBProgress (1): 6.9/76 kBProgress (1): 8.3/76 kBProgress (1): 9.7/76 kBProgress (1): 11/76 kB Progress (1): 12/76 kBProgress (1): 14/76 kBProgress (1): 15/76 kBProgress (1): 16/76 kBProgress (1): 32/76 kBProgress (1): 49/76 kBProgress (1): 65/76 kBProgress (1): 76 kB                      Downloaded from central: https://repo.maven.apache.org/maven2/org/jboss/jboss-parent/42/jboss-parent-42.pom (76 kB at 299 kB/s)
#15 7.927 Downloading from central: https://repo.maven.apache.org/maven2/com/fasterxml/classmate/1.7.0/classmate-1.7.0.pom
#15 8.042 Progress (1): 7.0 kB                    Downloaded from central: https://repo.maven.apache.org/maven2/com/fasterxml/classmate/1.7.0/classmate-1.7.0.pom (7.0 kB at 60 kB/s)
#15 8.050 Downloading from central: https://repo.maven.apache.org/maven2/com/fasterxml/oss-parent/56/oss-parent-56.pom
#15 8.201 Progress (1): 16/24 kBProgress (1): 24 kB                      Downloaded from central: https://repo.maven.apache.org/maven2/com/fasterxml/oss-parent/56/oss-parent-56.pom (24 kB at 145 kB/s)
#15 8.246 Downloading from central: https://repo.maven.apache.org/maven2/org/glassfish/jaxb/jaxb-runtime/4.0.5/jaxb-runtime-4.0.5.pom
#15 8.379 Progress (1): 11 kB                   Downloaded from central: https://repo.maven.apache.org/maven2/org/glassfish/jaxb/jaxb-runtime/4.0.5/jaxb-runtime-4.0.5.pom (11 kB at 80 kB/s)
#15 8.388 Downloading from central: https://repo.maven.apache.org/maven2/com/sun/xml/bind/mvn/jaxb-runtime-parent/4.0.5/jaxb-runtime-parent-4.0.5.pom
#15 8.527 Progress (1): 1.2 kB                    Downloaded from central: https://repo.maven.apache.org/maven2/com/sun/xml/bind/mvn/jaxb-runtime-parent/4.0.5/jaxb-runtime-parent-4.0.5.pom (1.2 kB at 8.3 kB/s)
#15 8.543 Downloading from central: https://repo.maven.apache.org/maven2/com/sun/xml/bind/mvn/jaxb-parent/4.0.5/jaxb-parent-4.0.5.pom
#15 8.709 Progress (1): 16/35 kBProgress (1): 33/35 kBProgress (1): 35 kB                      Downloaded from central: https://repo.maven.apache.org/maven2/com/sun/xml/bind/mvn/jaxb-parent/4.0.5/jaxb-parent-4.0.5.pom (35 kB at 183 kB/s)
#15 8.742 Downloading from central: https://repo.maven.apache.org/maven2/com/sun/xml/bind/jaxb-bom-ext/4.0.5/jaxb-bom-ext-4.0.5.pom
#15 8.849 Progress (1): 3.5 kB                    Downloaded from central: https://repo.maven.apache.org/maven2/com/sun/xml/bind/jaxb-bom-ext/4.0.5/jaxb-bom-ext-4.0.5.pom (3.5 kB at 31 kB/s)
#15 8.870 Downloading from central: https://repo.maven.apache.org/maven2/org/glassfish/jaxb/jaxb-core/4.0.5/jaxb-core-4.0.5.pom
#15 9.009 Progress (1): 3.7 kB                    Downloaded from central: https://repo.maven.apache.org/maven2/org/glassfish/jaxb/jaxb-core/4.0.5/jaxb-core-4.0.5.pom (3.7 kB at 26 kB/s)
#15 9.019 Downloading from central: https://repo.maven.apache.org/maven2/org/eclipse/angus/angus-activation/2.0.2/angus-activation-2.0.2.pom
#15 9.144 Progress (1): 4.0 kB                    Downloaded from central: https://repo.maven.apache.org/maven2/org/eclipse/angus/angus-activation/2.0.2/angus-activation-2.0.2.pom (4.0 kB at 31 kB/s)
#15 9.151 Downloading from central: https://repo.maven.apache.org/maven2/org/eclipse/angus/angus-activation-project/2.0.2/angus-activation-project-2.0.2.pom
#15 9.319 Progress (1): 16/21 kBProgress (1): 21 kB                      Downloaded from central: https://repo.maven.apache.org/maven2/org/eclipse/angus/angus-activation-project/2.0.2/angus-activation-project-2.0.2.pom (21 kB at 121 kB/s)
#15 9.334 Downloading from central: https://repo.maven.apache.org/maven2/org/glassfish/jaxb/txw2/4.0.5/txw2-4.0.5.pom
#15 9.475 Progress (1): 1.8 kB                    Downloaded from central: https://repo.maven.apache.org/maven2/org/glassfish/jaxb/txw2/4.0.5/txw2-4.0.5.pom (1.8 kB at 12 kB/s)
#15 9.492 Downloading from central: https://repo.maven.apache.org/maven2/com/sun/xml/bind/mvn/jaxb-txw-parent/4.0.5/jaxb-txw-parent-4.0.5.pom
#15 9.609 Progress (1): 1.2 kB                    Downloaded from central: https://repo.maven.apache.org/maven2/com/sun/xml/bind/mvn/jaxb-txw-parent/4.0.5/jaxb-txw-parent-4.0.5.pom (1.2 kB at 9.9 kB/s)
#15 9.649 Downloading from central: https://repo.maven.apache.org/maven2/com/sun/istack/istack-commons-runtime/4.1.2/istack-commons-runtime-4.1.2.pom
#15 9.784 Progress (1): 1.6 kB                    Downloaded from central: https://repo.maven.apache.org/maven2/com/sun/istack/istack-commons-runtime/4.1.2/istack-commons-runtime-4.1.2.pom (1.6 kB at 12 kB/s)
#15 9.791 Downloading from central: https://repo.maven.apache.org/maven2/com/sun/istack/istack-commons/4.1.2/istack-commons-4.1.2.pom
#15 9.968 Progress (1): 16/26 kBProgress (1): 26 kB                      Downloaded from central: https://repo.maven.apache.org/maven2/com/sun/istack/istack-commons/4.1.2/istack-commons-4.1.2.pom (26 kB at 137 kB/s)
#15 10.04 Downloading from central: https://repo.maven.apache.org/maven2/org/aspectj/aspectjweaver/1.9.24/aspectjweaver-1.9.24.pom
#15 10.19 Progress (1): 2.2 kB                    Downloaded from central: https://repo.maven.apache.org/maven2/org/aspectj/aspectjweaver/1.9.24/aspectjweaver-1.9.24.pom (2.2 kB at 15 kB/s)
#15 10.67 Downloading from central: https://repo.maven.apache.org/maven2/net/bytebuddy/byte-buddy-agent/1.15.11/byte-buddy-agent-1.15.11.pom
#15 10.83 Progress (1): 12 kB                   Downloaded from central: https://repo.maven.apache.org/maven2/net/bytebuddy/byte-buddy-agent/1.15.11/byte-buddy-agent-1.15.11.pom (12 kB at 74 kB/s)
#15 11.04 Downloading from central: https://repo.maven.apache.org/maven2/com/fasterxml/jackson/dataformat/jackson-dataformat-yaml/2.18.3/jackson-dataformat-yaml-2.18.3.pom
#15 11.15 Progress (1): 2.6 kB                    Downloaded from central: https://repo.maven.apache.org/maven2/com/fasterxml/jackson/dataformat/jackson-dataformat-yaml/2.18.3/jackson-dataformat-yaml-2.18.3.pom (2.6 kB at 23 kB/s)
#15 11.16 Downloading from central: https://repo.maven.apache.org/maven2/com/fasterxml/jackson/dataformat/jackson-dataformats-text/2.18.3/jackson-dataformats-text-2.18.3.pom
#15 11.29 Progress (1): 3.7 kB                    Downloaded from central: https://repo.maven.apache.org/maven2/com/fasterxml/jackson/dataformat/jackson-dataformats-text/2.18.3/jackson-dataformats-text-2.18.3.pom (3.7 kB at 28 kB/s)
#15 11.37 Downloading from central: https://repo.maven.apache.org/maven2/org/jboss/logging/jboss-logging/3.6.1.Final/jboss-logging-3.6.1.Final.jar
#15 11.49 Progress (1): 16/62 kBProgress (1): 33/62 kBProgress (1): 49/62 kBProgress (1): 62 kB                      Downloaded from central: https://repo.maven.apache.org/maven2/org/jboss/logging/jboss-logging/3.6.1.Final/jboss-logging-3.6.1.Final.jar (62 kB at 331 kB/s)
#15 11.56 Downloading from central: https://repo.maven.apache.org/maven2/org/glassfish/jaxb/jaxb-runtime/4.0.5/jaxb-runtime-4.0.5.jar
#15 11.56 Downloading from central: https://repo.maven.apache.org/maven2/org/glassfish/jaxb/jaxb-core/4.0.5/jaxb-core-4.0.5.jar
#15 11.57 Downloading from central: https://repo.maven.apache.org/maven2/com/fasterxml/classmate/1.7.0/classmate-1.7.0.jar
#15 11.57 Downloading from central: https://repo.maven.apache.org/maven2/org/eclipse/angus/angus-activation/2.0.2/angus-activation-2.0.2.jar
#15 11.58 Downloading from central: https://repo.maven.apache.org/maven2/org/glassfish/jaxb/txw2/4.0.5/txw2-4.0.5.jar
#15 11.72 Progress (1): 16/139 kBProgress (1): 33/139 kBProgress (1): 49/139 kBProgress (1): 66/139 kBProgress (2): 66/139 kB | 1.4/73 kBProgress (2): 66/139 kB | 2.8/73 kBProgress (2): 66/139 kB | 4.1/73 kBProgress (2): 66/139 kB | 5.5/73 kBProgress (2): 82/139 kB | 5.5/73 kBProgress (2): 98/139 kB | 5.5/73 kBProgress (2): 98/139 kB | 6.9/73 kBProgress (2): 115/139 kB | 6.9/73 kBProgress (2): 131/139 kB | 6.9/73 kBProgress (2): 139 kB | 6.9/73 kB    Progress (2): 139 kB | 8.3/73 kB                                Downloaded from central: https://repo.maven.apache.org/maven2/org/glassfish/jaxb/jaxb-core/4.0.5/jaxb-core-4.0.5.jar (139 kB at 378 kB/s)
#15 11.93 Downloading from central: https://repo.maven.apache.org/maven2/com/sun/istack/istack-commons-runtime/4.1.2/istack-commons-runtime-4.1.2.jar
#15 11.93 Progress (1): 9.7/73 kBProgress (1): 11/73 kB Progress (2): 11/73 kB | 1.4/27 kBProgress (2): 12/73 kB | 1.4/27 kBProgress (2): 12/73 kB | 2.8/27 kBProgress (2): 12/73 kB | 4.1/27 kBProgress (2): 12/73 kB | 5.5/27 kBProgress (2): 14/73 kB | 5.5/27 kBProgress (2): 14/73 kB | 6.9/27 kBProgress (2): 14/73 kB | 8.3/27 kBProgress (2): 15/73 kB | 8.3/27 kBProgress (2): 17/73 kB | 8.3/27 kBProgress (2): 17/73 kB | 9.7/27 kBProgress (2): 17/73 kB | 11/27 kB Progress (2): 17/73 kB | 12/27 kBProgress (2): 18/73 kB | 12/27 kBProgress (2): 18/73 kB | 14/27 kBProgress (2): 19/73 kB | 14/27 kBProgress (2): 21/73 kB | 14/27 kBProgress (2): 21/73 kB | 15/27 kBProgress (2): 22/73 kB | 15/27 kBProgress (2): 22/73 kB | 17/27 kBProgress (3): 22/73 kB | 17/27 kB | 16/69 kBProgress (4): 22/73 kB | 17/27 kB | 16/69 kB | 16/920 kBProgress (4): 22/73 kB | 18/27 kB | 16/69 kB | 16/920 kBProgress (4): 22/73 kB | 19/27 kB | 16/69 kB | 16/920 kBProgress (4): 22/73 kB | 21/27 kB | 16/69 kB | 16/920 kBProgress (4): 22/73 kB | 22/27 kB | 16/69 kB | 16/920 kBProgress (4): 22/73 kB | 23/27 kB | 16/69 kB | 16/920 kBProgress (4): 22/73 kB | 25/27 kB | 16/69 kB | 16/920 kBProgress (4): 22/73 kB | 26/27 kB | 16/69 kB | 16/920 kBProgress (4): 22/73 kB | 27 kB | 16/69 kB | 16/920 kB                                                        Downloaded from central: https://repo.maven.apache.org/maven2/org/eclipse/angus/angus-activation/2.0.2/angus-activation-2.0.2.jar (27 kB at 49 kB/s)
#15 12.12 Downloading from central: https://repo.maven.apache.org/maven2/org/aspectj/aspectjweaver/1.9.24/aspectjweaver-1.9.24.jar
#15 12.13 Progress (4): 22/73 kB | 16/69 kB | 16/920 kB | 16/26 kBProgress (5): 22/73 kB | 16/69 kB | 16/920 kB | 16/26 kB | 0/2.2 MBProgress (5): 22/73 kB | 16/69 kB | 16/920 kB | 16/26 kB | 0/2.2 MBProgress (5): 22/73 kB | 16/69 kB | 16/920 kB | 16/26 kB | 0/2.2 MBProgress (5): 23/73 kB | 16/69 kB | 16/920 kB | 16/26 kB | 0/2.2 MBProgress (5): 25/73 kB | 16/69 kB | 16/920 kB | 16/26 kB | 0/2.2 MBProgress (5): 26/73 kB | 16/69 kB | 16/920 kB | 16/26 kB | 0/2.2 MBProgress (5): 26/73 kB | 16/69 kB | 16/920 kB | 26 kB | 0/2.2 MB                                                                   Downloaded from central: https://repo.maven.apache.org/maven2/com/sun/istack/istack-commons-runtime/4.1.2/istack-commons-runtime-4.1.2.jar (26 kB at 37 kB/s)
#15 12.28 Downloading from central: https://repo.maven.apache.org/maven2/io/micrometer/micrometer-observation/1.14.6/micrometer-observation-1.14.6.jar
#15 12.29 Progress (4): 28/73 kB | 16/69 kB | 16/920 kB | 0/2.2 MBProgress (4): 29/73 kB | 16/69 kB | 16/920 kB | 0/2.2 MBProgress (4): 29/73 kB | 16/69 kB | 16/920 kB | 0/2.2 MBProgress (4): 29/73 kB | 16/69 kB | 16/920 kB | 0/2.2 MBProgress (4): 29/73 kB | 16/69 kB | 16/920 kB | 0/2.2 MBProgress (4): 29/73 kB | 16/69 kB | 16/920 kB | 0/2.2 MBProgress (4): 29/73 kB | 16/69 kB | 16/920 kB | 0/2.2 MBProgress (4): 29/73 kB | 16/69 kB | 16/920 kB | 0/2.2 MBProgress (4): 29/73 kB | 16/69 kB | 16/920 kB | 0/2.2 MBProgress (4): 29/73 kB | 16/69 kB | 16/920 kB | 0/2.2 MBProgress (4): 29/73 kB | 16/69 kB | 16/920 kB | 0/2.2 MBProgress (4): 30/73 kB | 16/69 kB | 16/920 kB | 0/2.2 MBProgress (4): 32/73 kB | 16/69 kB | 16/920 kB | 0/2.2 MBProgress (4): 33/73 kB | 16/69 kB | 16/920 kB | 0/2.2 MBProgress (4): 34/73 kB | 16/69 kB | 16/920 kB | 0/2.2 MBProgress (4): 36/73 kB | 16/69 kB | 16/920 kB | 0/2.2 MBProgress (4): 37/73 kB | 16/69 kB | 16/920 kB | 0/2.2 MBProgress (4): 39/73 kB | 16/69 kB | 16/920 kB | 0/2.2 MBProgress (4): 40/73 kB | 16/69 kB | 16/920 kB | 0/2.2 MBProgress (4): 41/73 kB | 16/69 kB | 16/920 kB | 0/2.2 MBProgress (4): 43/73 kB | 16/69 kB | 16/920 kB | 0/2.2 MBProgress (4): 44/73 kB | 16/69 kB | 16/920 kB | 0/2.2 MBProgress (4): 46/73 kB | 16/69 kB | 16/920 kB | 0/2.2 MBProgress (4): 47/73 kB | 16/69 kB | 16/920 kB | 0/2.2 MBProgress (4): 48/73 kB | 16/69 kB | 16/920 kB | 0/2.2 MBProgress (4): 50/73 kB | 16/69 kB | 16/920 kB | 0/2.2 MBProgress (4): 51/73 kB | 16/69 kB | 16/920 kB | 0/2.2 MBProgress (4): 52/73 kB | 16/69 kB | 16/920 kB | 0/2.2 MBProgress (4): 54/73 kB | 16/69 kB | 16/920 kB | 0/2.2 MBProgress (4): 54/73 kB | 16/69 kB | 33/920 kB | 0/2.2 MBProgress (4): 55/73 kB | 16/69 kB | 33/920 kB | 0/2.2 MBProgress (4): 57/73 kB | 16/69 kB | 33/920 kB | 0/2.2 MBProgress (4): 58/73 kB | 16/69 kB | 33/920 kB | 0/2.2 MBProgress (4): 58/73 kB | 16/69 kB | 49/920 kB | 0/2.2 MBProgress (4): 58/73 kB | 33/69 kB | 49/920 kB | 0/2.2 MBProgress (4): 58/73 kB | 49/69 kB | 49/920 kB | 0/2.2 MBProgress (4): 58/73 kB | 49/69 kB | 65/920 kB | 0/2.2 MBProgress (4): 58/73 kB | 49/69 kB | 65/920 kB | 0/2.2 MBProgress (4): 73 kB | 49/69 kB | 65/920 kB | 0/2.2 MB   Progress (4): 73 kB | 66/69 kB | 65/920 kB | 0/2.2 MBProgress (4): 73 kB | 69 kB | 65/920 kB | 0/2.2 MB                                                     Downloaded from central: https://repo.maven.apache.org/maven2/com/fasterxml/classmate/1.7.0/classmate-1.7.0.jar (69 kB at 86 kB/s)
#15 12.36 Downloading from central: https://repo.maven.apache.org/maven2/io/micrometer/micrometer-commons/1.14.6/micrometer-commons-1.14.6.jar
#15 12.36 Downloaded from central: https://repo.maven.apache.org/maven2/org/glassfish/jaxb/txw2/4.0.5/txw2-4.0.5.jar (73 kB at 93 kB/s)
#15 12.36 Downloading from central: https://repo.maven.apache.org/maven2/net/bytebuddy/byte-buddy-agent/1.15.11/byte-buddy-agent-1.15.11.jar
#15 12.40 Progress (2): 82/920 kB | 0/2.2 MBProgress (2): 82/920 kB | 0/2.2 MBProgress (2): 82/920 kB | 0.1/2.2 MBProgress (2): 98/920 kB | 0.1/2.2 MBProgress (2): 114/920 kB | 0.1/2.2 MBProgress (3): 114/920 kB | 0.1/2.2 MB | 16/48 kBProgress (3): 114/920 kB | 0.1/2.2 MB | 16/48 kBProgress (4): 114/920 kB | 0.1/2.2 MB | 16/48 kB | 16/75 kBProgress (4): 114/920 kB | 0.1/2.2 MB | 16/48 kB | 33/75 kBProgress (4): 114/920 kB | 0.1/2.2 MB | 33/48 kB | 33/75 kBProgress (4): 114/920 kB | 0.1/2.2 MB | 48 kB | 33/75 kB                                                           Downloaded from central: https://repo.maven.apache.org/maven2/io/micrometer/micrometer-commons/1.14.6/micrometer-commons-1.14.6.jar (48 kB at 39 kB/s)
#15 12.81 Downloading from central: https://repo.maven.apache.org/maven2/com/fasterxml/jackson/dataformat/jackson-dataformat-yaml/2.18.3/jackson-dataformat-yaml-2.18.3.jar
#15 12.82 Progress (3): 114/920 kB | 0.1/2.2 MB | 33/75 kBProgress (4): 114/920 kB | 0.1/2.2 MB | 33/75 kB | 16/365 kBProgress (4): 131/920 kB | 0.1/2.2 MB | 33/75 kB | 16/365 kBProgress (4): 131/920 kB | 0.1/2.2 MB | 33/75 kB | 16/365 kBProgress (4): 147/920 kB | 0.1/2.2 MB | 33/75 kB | 16/365 kBProgress (4): 147/920 kB | 0.1/2.2 MB | 49/75 kB | 16/365 kBProgress (4): 147/920 kB | 0.1/2.2 MB | 64/75 kB | 16/365 kBProgress (4): 147/920 kB | 0.1/2.2 MB | 75 kB | 16/365 kB                                                            Downloaded from central: https://repo.maven.apache.org/maven2/io/micrometer/micrometer-observation/1.14.6/micrometer-observation-1.14.6.jar (75 kB at 55 kB/s)
#15 12.95 Progress (3): 164/920 kB | 0.1/2.2 MB | 16/365 kBProgress (3): 164/920 kB | 0.1/2.2 MB | 16/365 kBProgress (3): 164/920 kB | 0.1/2.2 MB | 16/365 kBProgress (4): 164/920 kB | 0.1/2.2 MB | 16/365 kB | 16/56 kBProgress (4): 164/920 kB | 0.1/2.2 MB | 33/365 kB | 16/56 kBProgress (4): 164/920 kB | 0.1/2.2 MB | 49/365 kB | 16/56 kBProgress (4): 164/920 kB | 0.1/2.2 MB | 66/365 kB | 16/56 kBProgress (4): 164/920 kB | 0.1/2.2 MB | 82/365 kB | 16/56 kBProgress (4): 164/920 kB | 0.2/2.2 MB | 82/365 kB | 16/56 kBProgress (4): 180/920 kB | 0.2/2.2 MB | 82/365 kB | 16/56 kBProgress (4): 180/920 kB | 0.2/2.2 MB | 82/365 kB | 32/56 kBProgress (4): 196/920 kB | 0.2/2.2 MB | 82/365 kB | 32/56 kBProgress (4): 213/920 kB | 0.2/2.2 MB | 82/365 kB | 32/56 kBProgress (4): 213/920 kB | 0.2/2.2 MB | 82/365 kB | 45/56 kBProgress (4): 213/920 kB | 0.2/2.2 MB | 98/365 kB | 45/56 kBProgress (4): 213/920 kB | 0.2/2.2 MB | 98/365 kB | 56 kB                                                            Downloaded from central: https://repo.maven.apache.org/maven2/com/fasterxml/jackson/dataformat/jackson-dataformat-yaml/2.18.3/jackson-dataformat-yaml-2.18.3.jar (56 kB at 34 kB/s)
#15 13.21 Progress (3): 213/920 kB | 0.2/2.2 MB | 98/365 kBProgress (3): 213/920 kB | 0.2/2.2 MB | 98/365 kBProgress (3): 229/920 kB | 0.2/2.2 MB | 98/365 kBProgress (3): 229/920 kB | 0.2/2.2 MB | 115/365 kBProgress (3): 229/920 kB | 0.2/2.2 MB | 115/365 kBProgress (3): 229/920 kB | 0.2/2.2 MB | 131/365 kBProgress (3): 229/920 kB | 0.2/2.2 MB | 147/365 kBProgress (3): 229/920 kB | 0.2/2.2 MB | 164/365 kBProgress (3): 229/920 kB | 0.2/2.2 MB | 164/365 kBProgress (3): 229/920 kB | 0.2/2.2 MB | 164/365 kBProgress (3): 246/920 kB | 0.2/2.2 MB | 164/365 kBProgress (3): 262/920 kB | 0.2/2.2 MB | 164/365 kBProgress (3): 262/920 kB | 0.3/2.2 MB | 164/365 kBProgress (3): 262/920 kB | 0.3/2.2 MB | 180/365 kBProgress (3): 278/920 kB | 0.3/2.2 MB | 180/365 kBProgress (3): 278/920 kB | 0.3/2.2 MB | 197/365 kBProgress (3): 278/920 kB | 0.3/2.2 MB | 197/365 kBProgress (3): 295/920 kB | 0.3/2.2 MB | 197/365 kBProgress (3): 295/920 kB | 0.3/2.2 MB | 213/365 kBProgress (3): 295/920 kB | 0.3/2.2 MB | 229/365 kBProgress (3): 295/920 kB | 0.3/2.2 MB | 229/365 kBProgress (3): 311/920 kB | 0.3/2.2 MB | 229/365 kBProgress (3): 311/920 kB | 0.3/2.2 MB | 246/365 kBProgress (3): 311/920 kB | 0.3/2.2 MB | 246/365 kBProgress (3): 327/920 kB | 0.3/2.2 MB | 246/365 kBProgress (3): 327/920 kB | 0.3/2.2 MB | 262/365 kBProgress (3): 327/920 kB | 0.3/2.2 MB | 262/365 kBProgress (3): 327/920 kB | 0.3/2.2 MB | 279/365 kBProgress (3): 344/920 kB | 0.3/2.2 MB | 279/365 kBProgress (3): 344/920 kB | 0.3/2.2 MB | 295/365 kBProgress (3): 344/920 kB | 0.3/2.2 MB | 295/365 kBProgress (3): 360/920 kB | 0.3/2.2 MB | 295/365 kBProgress (3): 360/920 kB | 0.3/2.2 MB | 311/365 kBProgress (3): 360/920 kB | 0.4/2.2 MB | 311/365 kBProgress (3): 360/920 kB | 0.4/2.2 MB | 328/365 kBProgress (3): 377/920 kB | 0.4/2.2 MB | 328/365 kBProgress (3): 377/920 kB | 0.4/2.2 MB | 328/365 kBProgress (3): 377/920 kB | 0.4/2.2 MB | 344/365 kBProgress (3): 393/920 kB | 0.4/2.2 MB | 344/365 kBProgress (3): 393/920 kB | 0.4/2.2 MB | 344/365 kBProgress (3): 393/920 kB | 0.4/2.2 MB | 360/365 kBProgress (3): 393/920 kB | 0.4/2.2 MB | 365 kB                                                  Downloaded from central: https://repo.maven.apache.org/maven2/net/bytebuddy/byte-buddy-agent/1.15.11/byte-buddy-agent-1.15.11.jar (365 kB at 137 kB/s)
#15 14.28 Progress (2): 393/920 kB | 0.4/2.2 MBProgress (2): 409/920 kB | 0.4/2.2 MBProgress (2): 426/920 kB | 0.4/2.2 MBProgress (2): 426/920 kB | 0.4/2.2 MBProgress (2): 426/920 kB | 0.4/2.2 MBProgress (2): 442/920 kB | 0.4/2.2 MBProgress (2): 442/920 kB | 0.5/2.2 MBProgress (2): 459/920 kB | 0.5/2.2 MBProgress (2): 459/920 kB | 0.5/2.2 MBProgress (2): 475/920 kB | 0.5/2.2 MBProgress (2): 475/920 kB | 0.5/2.2 MBProgress (2): 491/920 kB | 0.5/2.2 MBProgress (2): 491/920 kB | 0.5/2.2 MBProgress (2): 508/920 kB | 0.5/2.2 MBProgress (2): 508/920 kB | 0.5/2.2 MBProgress (2): 524/920 kB | 0.5/2.2 MBProgress (2): 524/920 kB | 0.5/2.2 MBProgress (2): 540/920 kB | 0.5/2.2 MBProgress (2): 540/920 kB | 0.6/2.2 MBProgress (2): 557/920 kB | 0.6/2.2 MBProgress (2): 557/920 kB | 0.6/2.2 MBProgress (2): 557/920 kB | 0.6/2.2 MBProgress (2): 573/920 kB | 0.6/2.2 MBProgress (2): 573/920 kB | 0.6/2.2 MBProgress (2): 590/920 kB | 0.6/2.2 MBProgress (2): 590/920 kB | 0.6/2.2 MBProgress (2): 606/920 kB | 0.6/2.2 MBProgress (2): 606/920 kB | 0.6/2.2 MBProgress (2): 622/920 kB | 0.6/2.2 MBProgress (2): 622/920 kB | 0.7/2.2 MBProgress (2): 639/920 kB | 0.7/2.2 MBProgress (2): 639/920 kB | 0.7/2.2 MBProgress (2): 655/920 kB | 0.7/2.2 MBProgress (2): 655/920 kB | 0.7/2.2 MBProgress (2): 672/920 kB | 0.7/2.2 MBProgress (2): 672/920 kB | 0.7/2.2 MBProgress (2): 688/920 kB | 0.7/2.2 MBProgress (2): 688/920 kB | 0.7/2.2 MBProgress (2): 704/920 kB | 0.7/2.2 MBProgress (2): 704/920 kB | 0.7/2.2 MBProgress (2): 704/920 kB | 0.8/2.2 MBProgress (2): 721/920 kB | 0.8/2.2 MBProgress (2): 721/920 kB | 0.8/2.2 MBProgress (2): 737/920 kB | 0.8/2.2 MBProgress (2): 737/920 kB | 0.8/2.2 MBProgress (2): 753/920 kB | 0.8/2.2 MBProgress (2): 753/920 kB | 0.8/2.2 MBProgress (2): 770/920 kB | 0.8/2.2 MBProgress (2): 770/920 kB | 0.8/2.2 MBProgress (2): 786/920 kB | 0.8/2.2 MBProgress (2): 786/920 kB | 0.8/2.2 MBProgress (2): 786/920 kB | 0.8/2.2 MBProgress (2): 803/920 kB | 0.8/2.2 MBProgress (2): 819/920 kB | 0.8/2.2 MBProgress (2): 819/920 kB | 0.9/2.2 MBProgress (2): 835/920 kB | 0.9/2.2 MBProgress (2): 835/920 kB | 0.9/2.2 MBProgress (2): 852/920 kB | 0.9/2.2 MBProgress (2): 852/920 kB | 0.9/2.2 MBProgress (2): 852/920 kB | 0.9/2.2 MBProgress (2): 868/920 kB | 0.9/2.2 MBProgress (2): 868/920 kB | 0.9/2.2 MBProgress (2): 884/920 kB | 0.9/2.2 MBProgress (2): 884/920 kB | 0.9/2.2 MBProgress (2): 901/920 kB | 0.9/2.2 MBProgress (2): 901/920 kB | 1.0/2.2 MBProgress (2): 917/920 kB | 1.0/2.2 MBProgress (2): 920 kB | 1.0/2.2 MB                                     Downloaded from central: https://repo.maven.apache.org/maven2/org/glassfish/jaxb/jaxb-runtime/4.0.5/jaxb-runtime-4.0.5.jar (920 kB at 201 kB/s)
#15 16.14 Progress (1): 1.0/2.2 MBProgress (1): 1.0/2.2 MBProgress (1): 1.0/2.2 MBProgress (1): 1.0/2.2 MBProgress (1): 1.0/2.2 MBProgress (1): 1.1/2.2 MBProgress (1): 1.1/2.2 MBProgress (1): 1.1/2.2 MBProgress (1): 1.1/2.2 MBProgress (1): 1.1/2.2 MBProgress (1): 1.1/2.2 MBProgress (1): 1.2/2.2 MBProgress (1): 1.2/2.2 MBProgress (1): 1.2/2.2 MBProgress (1): 1.2/2.2 MBProgress (1): 1.2/2.2 MBProgress (1): 1.2/2.2 MBProgress (1): 1.3/2.2 MBProgress (1): 1.3/2.2 MBProgress (1): 1.3/2.2 MBProgress (1): 1.3/2.2 MBProgress (1): 1.3/2.2 MBProgress (1): 1.3/2.2 MBProgress (1): 1.4/2.2 MBProgress (1): 1.4/2.2 MBProgress (1): 1.4/2.2 MBProgress (1): 1.4/2.2 MBProgress (1): 1.4/2.2 MBProgress (1): 1.4/2.2 MBProgress (1): 1.5/2.2 MBProgress (1): 1.5/2.2 MBProgress (1): 1.5/2.2 MBProgress (1): 1.5/2.2 MBProgress (1): 1.5/2.2 MBProgress (1): 1.5/2.2 MBProgress (1): 1.6/2.2 MBProgress (1): 1.6/2.2 MBProgress (1): 1.6/2.2 MBProgress (1): 1.6/2.2 MBProgress (1): 1.6/2.2 MBProgress (1): 1.6/2.2 MBProgress (1): 1.7/2.2 MBProgress (1): 1.7/2.2 MBProgress (1): 1.7/2.2 MBProgress (1): 1.7/2.2 MBProgress (1): 1.7/2.2 MBProgress (1): 1.7/2.2 MBProgress (1): 1.8/2.2 MBProgress (1): 1.8/2.2 MBProgress (1): 1.8/2.2 MBProgress (1): 1.8/2.2 MBProgress (1): 1.8/2.2 MBProgress (1): 1.8/2.2 MBProgress (1): 1.8/2.2 MBProgress (1): 1.9/2.2 MBProgress (1): 1.9/2.2 MBProgress (1): 1.9/2.2 MBProgress (1): 1.9/2.2 MBProgress (1): 1.9/2.2 MBProgress (1): 1.9/2.2 MBProgress (1): 2.0/2.2 MBProgress (1): 2.0/2.2 MBProgress (1): 2.0/2.2 MBProgress (1): 2.0/2.2 MBProgress (1): 2.0/2.2 MBProgress (1): 2.0/2.2 MBProgress (1): 2.1/2.2 MBProgress (1): 2.1/2.2 MBProgress (1): 2.1/2.2 MBProgress (1): 2.1/2.2 MBProgress (1): 2.1/2.2 MBProgress (1): 2.1/2.2 MBProgress (1): 2.2/2.2 MBProgress (1): 2.2/2.2 MBProgress (1): 2.2 MB                        Downloaded from central: https://repo.maven.apache.org/maven2/org/aspectj/aspectjweaver/1.9.24/aspectjweaver-1.9.24.jar (2.2 MB at 315 kB/s)
#15 18.55 [INFO] 
#15 18.55 [INFO] --- clean:3.4.1:clean (default-clean) @ patient-service ---
#15 18.69 [INFO] 
#15 18.69 [INFO] --- resources:3.3.1:resources (default-resources) @ patient-service ---
#15 18.90 [INFO] Copying 1 resource from src/main/resources to target/classes
#15 18.93 [INFO] Copying 0 resource from src/main/resources to target/classes
#15 18.94 [INFO] 
#15 18.94 [INFO] --- compiler:3.13.0:compile (default-compile) @ patient-service ---
#15 19.20 [INFO] Recompiling the module because of changed source code.
#15 19.21 [INFO] Compiling 12 source files with javac [debug parameters release 21] to target/classes
#15 21.60 [INFO] 
#15 21.60 [INFO] --- resources:3.3.1:testResources (default-testResources) @ patient-service ---
#15 21.61 [INFO] skip non existing resourceDirectory /app/src/test/resources
#15 21.61 [INFO] 
#15 21.61 [INFO] --- compiler:3.13.0:testCompile (default-testCompile) @ patient-service ---
#15 21.64 [INFO] Recompiling the module because of changed dependency.
#15 21.65 [INFO] Compiling 1 source file with javac [debug parameters release 21] to target/test-classes
#15 22.28 [INFO] 
#15 22.28 [INFO] --- surefire:3.5.3:test (default-test) @ patient-service ---
#15 22.53 [INFO] Using auto detected provider org.apache.maven.surefire.junitplatform.JUnitPlatformProvider
#15 22.55 Downloading from central: https://repo.maven.apache.org/maven2/org/apache/maven/surefire/surefire-junit-platform/3.5.3/surefire-junit-platform-3.5.3.pom
#15 22.67 Progress (1): 5.2 kB                    Downloaded from central: https://repo.maven.apache.org/maven2/org/apache/maven/surefire/surefire-junit-platform/3.5.3/surefire-junit-platform-3.5.3.pom (5.2 kB at 44 kB/s)
#15 22.68 Downloading from central: https://repo.maven.apache.org/maven2/org/apache/maven/surefire/surefire-providers/3.5.3/surefire-providers-3.5.3.pom
#15 22.78 Progress (1): 2.5 kB                    Downloaded from central: https://repo.maven.apache.org/maven2/org/apache/maven/surefire/surefire-providers/3.5.3/surefire-providers-3.5.3.pom (2.5 kB at 24 kB/s)
#15 22.79 Downloading from central: https://repo.maven.apache.org/maven2/org/apache/maven/surefire/common-java5/3.5.3/common-java5-3.5.3.pom
#15 22.91 Progress (1): 3.1 kB                    Downloaded from central: https://repo.maven.apache.org/maven2/org/apache/maven/surefire/common-java5/3.5.3/common-java5-3.5.3.pom (3.1 kB at 25 kB/s)
#15 22.94 Downloading from central: https://repo.maven.apache.org/maven2/org/junit/platform/junit-platform-engine/1.12.1/junit-platform-engine-1.12.1.pom
#15 23.06 Progress (1): 3.2 kB                    Downloaded from central: https://repo.maven.apache.org/maven2/org/junit/platform/junit-platform-engine/1.12.1/junit-platform-engine-1.12.1.pom (3.2 kB at 26 kB/s)
#15 23.07 Downloading from central: https://repo.maven.apache.org/maven2/org/junit/platform/junit-platform-commons/1.12.1/junit-platform-commons-1.12.1.pom
#15 23.19 Progress (1): 2.8 kB                    Downloaded from central: https://repo.maven.apache.org/maven2/org/junit/platform/junit-platform-commons/1.12.1/junit-platform-commons-1.12.1.pom (2.8 kB at 24 kB/s)
#15 23.20 Downloading from central: https://repo.maven.apache.org/maven2/org/junit/platform/junit-platform-launcher/1.12.1/junit-platform-launcher-1.12.1.pom
#15 23.31 Progress (1): 3.0 kB                    Downloaded from central: https://repo.maven.apache.org/maven2/org/junit/platform/junit-platform-launcher/1.12.1/junit-platform-launcher-1.12.1.pom (3.0 kB at 27 kB/s)
#15 23.32 Downloading from central: https://repo.maven.apache.org/maven2/org/apache/maven/surefire/surefire-junit-platform/3.5.3/surefire-junit-platform-3.5.3.jar
#15 23.48 Progress (1): 16/27 kBProgress (1): 27 kB                      Downloaded from central: https://repo.maven.apache.org/maven2/org/apache/maven/surefire/surefire-junit-platform/3.5.3/surefire-junit-platform-3.5.3.jar (27 kB at 168 kB/s)
#15 23.49 Downloading from central: https://repo.maven.apache.org/maven2/org/apache/maven/surefire/common-java5/3.5.3/common-java5-3.5.3.jar
#15 23.49 Downloading from central: https://repo.maven.apache.org/maven2/org/junit/platform/junit-platform-engine/1.12.1/junit-platform-engine-1.12.1.jar
#15 23.49 Downloading from central: https://repo.maven.apache.org/maven2/org/junit/platform/junit-platform-commons/1.12.1/junit-platform-commons-1.12.1.jar
#15 23.50 Downloading from central: https://repo.maven.apache.org/maven2/org/junit/platform/junit-platform-launcher/1.12.1/junit-platform-launcher-1.12.1.jar
#15 23.67 Progress (1): 16/18 kBProgress (1): 18 kB                      Downloaded from central: https://repo.maven.apache.org/maven2/org/apache/maven/surefire/common-java5/3.5.3/common-java5-3.5.3.jar (18 kB at 93 kB/s)
#15 23.69 Progress (1): 16/208 kBProgress (2): 16/208 kB | 16/152 kBProgress (3): 16/208 kB | 16/152 kB | 16/256 kBProgress (3): 33/208 kB | 16/152 kB | 16/256 kBProgress (3): 33/208 kB | 33/152 kB | 16/256 kBProgress (3): 33/208 kB | 49/152 kB | 16/256 kBProgress (3): 49/208 kB | 49/152 kB | 16/256 kBProgress (3): 49/208 kB | 49/152 kB | 33/256 kBProgress (3): 49/208 kB | 49/152 kB | 49/256 kBProgress (3): 66/208 kB | 49/152 kB | 49/256 kBProgress (3): 66/208 kB | 49/152 kB | 66/256 kBProgress (3): 82/208 kB | 49/152 kB | 66/256 kBProgress (3): 82/208 kB | 66/152 kB | 66/256 kBProgress (3): 82/208 kB | 82/152 kB | 66/256 kBProgress (3): 82/208 kB | 82/152 kB | 82/256 kBProgress (3): 82/208 kB | 82/152 kB | 98/256 kBProgress (3): 82/208 kB | 98/152 kB | 98/256 kBProgress (3): 98/208 kB | 98/152 kB | 98/256 kBProgress (3): 98/208 kB | 98/152 kB | 115/256 kBProgress (3): 115/208 kB | 98/152 kB | 115/256 kBProgress (3): 115/208 kB | 115/152 kB | 115/256 kBProgress (3): 115/208 kB | 115/152 kB | 131/256 kBProgress (3): 131/208 kB | 115/152 kB | 131/256 kBProgress (3): 131/208 kB | 131/152 kB | 131/256 kBProgress (3): 147/208 kB | 131/152 kB | 131/256 kBProgress (3): 147/208 kB | 131/152 kB | 147/256 kBProgress (3): 147/208 kB | 147/152 kB | 147/256 kBProgress (3): 147/208 kB | 152 kB | 147/256 kB                                                  Downloaded from central: https://repo.maven.apache.org/maven2/org/junit/platform/junit-platform-commons/1.12.1/junit-platform-commons-1.12.1.jar (152 kB at 174 kB/s)
#15 24.36 Progress (2): 147/208 kB | 164/256 kBProgress (2): 164/208 kB | 164/256 kBProgress (2): 164/208 kB | 180/256 kBProgress (2): 180/208 kB | 180/256 kBProgress (2): 180/208 kB | 197/256 kBProgress (2): 197/208 kB | 197/256 kBProgress (2): 197/208 kB | 213/256 kBProgress (2): 208 kB | 213/256 kB                                     Downloaded from central: https://repo.maven.apache.org/maven2/org/junit/platform/junit-platform-launcher/1.12.1/junit-platform-launcher-1.12.1.jar (208 kB at 198 kB/s)
#15 24.57 Progress (1): 229/256 kBProgress (1): 246/256 kBProgress (1): 256 kB                        Downloaded from central: https://repo.maven.apache.org/maven2/org/junit/platform/junit-platform-engine/1.12.1/junit-platform-engine-1.12.1.jar (256 kB at 220 kB/s)
#15 24.66 Downloading from central: https://repo.maven.apache.org/maven2/org/junit/platform/junit-platform-launcher/1.11.4/junit-platform-launcher-1.11.4.pom
#15 24.79 Progress (1): 3.0 kB                    Downloaded from central: https://repo.maven.apache.org/maven2/org/junit/platform/junit-platform-launcher/1.11.4/junit-platform-launcher-1.11.4.pom (3.0 kB at 23 kB/s)
#15 24.80 Downloading from central: https://repo.maven.apache.org/maven2/org/junit/platform/junit-platform-launcher/1.11.4/junit-platform-launcher-1.11.4.jar
#15 24.96 Progress (1): 16/189 kBProgress (1): 32/189 kBProgress (1): 49/189 kBProgress (1): 65/189 kBProgress (1): 81/189 kBProgress (1): 98/189 kBProgress (1): 114/189 kBProgress (1): 131/189 kBProgress (1): 147/189 kBProgress (1): 163/189 kBProgress (1): 180/189 kBProgress (1): 189 kB                        Downloaded from central: https://repo.maven.apache.org/maven2/org/junit/platform/junit-platform-launcher/1.11.4/junit-platform-launcher-1.11.4.jar (189 kB at 302 kB/s)
#15 25.45 [INFO] 
#15 25.45 [INFO] -------------------------------------------------------
#15 25.45 [INFO]  T E S T S
#15 25.46 [INFO] -------------------------------------------------------
#15 26.97 [INFO] Running com.stklue.patient_service.PatientServiceApplicationTests
#15 27.44 11:11:18.971 [main] INFO org.springframework.test.context.support.AnnotationConfigContextLoaderUtils -- Could not detect default configuration classes for test class [com.stklue.patient_service.PatientServiceApplicationTests]: PatientServiceApplicationTests does not declare any static, non-private, non-final, nested classes annotated with @Configuration.
#15 27.63 11:11:19.226 [main] INFO org.springframework.boot.test.context.SpringBootTestContextBootstrapper -- Found @SpringBootConfiguration com.stklue.patient_service.PatientServiceApplication for test class com.stklue.patient_service.PatientServiceApplicationTests
#15 27.93 11:11:19.556 [main] INFO org.springframework.boot.devtools.restart.RestartApplicationListener -- Restart disabled due to context in which it is running
#15 28.64 
#15 28.64   .   ____          _            __ _ _
#15 28.64  /\\ / ___'_ __ _ _(_)_ __  __ _ \ \ \ \
#15 28.64 ( ( )\___ | '_ | '_| | '_ \/ _` | \ \ \ \
#15 28.64  \\/  ___)| |_)| | | | | || (_| |  ) ) ) )
#15 28.64   '  |____| .__|_| |_|_| |_\__, | / / / /
#15 28.64  =========|_|==============|___/=/_/_/_/
#15 28.64 
#15 28.64  :: Spring Boot ::                (v3.4.5)
#15 28.64 
#15 28.74 2025-05-13T11:11:20.341Z  INFO 59 --- [patient-service] [           main] c.s.p.PatientServiceApplicationTests     : Starting PatientServiceApplicationTests using Java 21.0.7 with PID 59 (started by root in /app)
#15 28.74 2025-05-13T11:11:20.344Z  INFO 59 --- [patient-service] [           main] c.s.p.PatientServiceApplicationTests     : No active profile set, falling back to 1 default profile: "default"
#15 31.40 2025-05-13T11:11:23.028Z  INFO 59 --- [patient-service] [           main] .s.d.r.c.RepositoryConfigurationDelegate : Bootstrapping Spring Data JPA repositories in DEFAULT mode.
#15 31.60 2025-05-13T11:11:23.164Z  INFO 59 --- [patient-service] [           main] .s.d.r.c.RepositoryConfigurationDelegate : Finished Spring Data repository scanning in 110 ms. Found 1 JPA repository interface.
#15 32.61 2025-05-13T11:11:24.178Z  INFO 59 --- [patient-service] [           main] o.hibernate.jpa.internal.util.LogHelper  : HHH000204: Processing PersistenceUnitInfo [name: default]
#15 32.71 2025-05-13T11:11:24.294Z  INFO 59 --- [patient-service] [           main] org.hibernate.Version                    : HHH000412: Hibernate ORM core version 6.6.13.Final
#15 32.81 2025-05-13T11:11:24.374Z  INFO 59 --- [patient-service] [           main] o.h.c.internal.RegionFactoryInitiator    : HHH000026: Second-level cache disabled
#15 33.41 2025-05-13T11:11:24.988Z  INFO 59 --- [patient-service] [           main] o.s.o.j.p.SpringPersistenceUnitInfo      : No LoadTimeWeaver setup: ignoring JPA class transformer
#15 33.51 2025-05-13T11:11:25.059Z  INFO 59 --- [patient-service] [           main] com.zaxxer.hikari.HikariDataSource       : HikariPool-1 - Starting...
#15 38.83 2025-05-13T11:11:30.459Z  WARN 59 --- [patient-service] [           main] o.h.engine.jdbc.spi.SqlExceptionHelper   : SQL Error: 0, SQLState: 08001
#15 38.83 2025-05-13T11:11:30.460Z ERROR 59 --- [patient-service] [           main] o.h.engine.jdbc.spi.SqlExceptionHelper   : The connection attempt failed.
#15 38.93 2025-05-13T11:11:30.462Z  WARN 59 --- [patient-service] [           main] o.h.e.j.e.i.JdbcEnvironmentInitiator     : HHH000342: Could not obtain connection to query metadata
#15 38.93 
#15 38.93 org.hibernate.exception.JDBCConnectionException: unable to obtain isolated JDBC connection [The connection attempt failed.] [n/a]
#15 38.93 	at org.hibernate.exception.internal.SQLStateConversionDelegate.convert(SQLStateConversionDelegate.java:100) ~[hibernate-core-6.6.13.Final.jar:6.6.13.Final]
#15 38.93 	at org.hibernate.exception.internal.StandardSQLExceptionConverter.convert(StandardSQLExceptionConverter.java:58) ~[hibernate-core-6.6.13.Final.jar:6.6.13.Final]
#15 38.93 	at org.hibernate.engine.jdbc.spi.SqlExceptionHelper.convert(SqlExceptionHelper.java:108) ~[hibernate-core-6.6.13.Final.jar:6.6.13.Final]
#15 38.93 	at org.hibernate.engine.jdbc.spi.SqlExceptionHelper.convert(SqlExceptionHelper.java:94) ~[hibernate-core-6.6.13.Final.jar:6.6.13.Final]
#15 38.93 	at org.hibernate.resource.transaction.backend.jdbc.internal.JdbcIsolationDelegate.delegateWork(JdbcIsolationDelegate.java:116) ~[hibernate-core-6.6.13.Final.jar:6.6.13.Final]
#15 38.93 	at org.hibernate.engine.jdbc.env.internal.JdbcEnvironmentInitiator.getJdbcEnvironmentUsingJdbcMetadata(JdbcEnvironmentInitiator.java:320) ~[hibernate-core-6.6.13.Final.jar:6.6.13.Final]
#15 38.93 	at org.hibernate.engine.jdbc.env.internal.JdbcEnvironmentInitiator.initiateService(JdbcEnvironmentInitiator.java:129) ~[hibernate-core-6.6.13.Final.jar:6.6.13.Final]
#15 38.93 	at org.hibernate.engine.jdbc.env.internal.JdbcEnvironmentInitiator.initiateService(JdbcEnvironmentInitiator.java:81) ~[hibernate-core-6.6.13.Final.jar:6.6.13.Final]
#15 38.93 	at org.hibernate.boot.registry.internal.StandardServiceRegistryImpl.initiateService(StandardServiceRegistryImpl.java:130) ~[hibernate-core-6.6.13.Final.jar:6.6.13.Final]
#15 38.93 	at org.hibernate.service.internal.AbstractServiceRegistryImpl.createService(AbstractServiceRegistryImpl.java:263) ~[hibernate-core-6.6.13.Final.jar:6.6.13.Final]
#15 38.93 	at org.hibernate.service.internal.AbstractServiceRegistryImpl.initializeService(AbstractServiceRegistryImpl.java:238) ~[hibernate-core-6.6.13.Final.jar:6.6.13.Final]
#15 38.93 	at org.hibernate.service.internal.AbstractServiceRegistryImpl.getService(AbstractServiceRegistryImpl.java:215) ~[hibernate-core-6.6.13.Final.jar:6.6.13.Final]
#15 38.93 	at org.hibernate.boot.model.relational.Database.<init>(Database.java:45) ~[hibernate-core-6.6.13.Final.jar:6.6.13.Final]
#15 38.93 	at org.hibernate.boot.internal.InFlightMetadataCollectorImpl.getDatabase(InFlightMetadataCollectorImpl.java:226) ~[hibernate-core-6.6.13.Final.jar:6.6.13.Final]
#15 38.93 	at org.hibernate.boot.internal.InFlightMetadataCollectorImpl.<init>(InFlightMetadataCollectorImpl.java:194) ~[hibernate-core-6.6.13.Final.jar:6.6.13.Final]
#15 38.93 	at org.hibernate.boot.model.process.spi.MetadataBuildingProcess.complete(MetadataBuildingProcess.java:171) ~[hibernate-core-6.6.13.Final.jar:6.6.13.Final]
#15 38.93 	at org.hibernate.jpa.boot.internal.EntityManagerFactoryBuilderImpl.metadata(EntityManagerFactoryBuilderImpl.java:1442) ~[hibernate-core-6.6.13.Final.jar:6.6.13.Final]
#15 38.93 	at org.hibernate.jpa.boot.internal.EntityManagerFactoryBuilderImpl.build(EntityManagerFactoryBuilderImpl.java:1513) ~[hibernate-core-6.6.13.Final.jar:6.6.13.Final]
#15 38.93 	at org.springframework.orm.jpa.vendor.SpringHibernateJpaPersistenceProvider.createContainerEntityManagerFactory(SpringHibernateJpaPersistenceProvider.java:66) ~[spring-orm-6.2.6.jar:6.2.6]
#15 38.93 	at org.springframework.orm.jpa.LocalContainerEntityManagerFactoryBean.createNativeEntityManagerFactory(LocalContainerEntityManagerFactoryBean.java:390) ~[spring-orm-6.2.6.jar:6.2.6]
#15 38.93 	at org.springframework.orm.jpa.AbstractEntityManagerFactoryBean.buildNativeEntityManagerFactory(AbstractEntityManagerFactoryBean.java:419) ~[spring-orm-6.2.6.jar:6.2.6]
#15 38.93 	at org.springframework.orm.jpa.AbstractEntityManagerFactoryBean.afterPropertiesSet(AbstractEntityManagerFactoryBean.java:400) ~[spring-orm-6.2.6.jar:6.2.6]
#15 38.93 	at org.springframework.orm.jpa.LocalContainerEntityManagerFactoryBean.afterPropertiesSet(LocalContainerEntityManagerFactoryBean.java:366) ~[spring-orm-6.2.6.jar:6.2.6]
#15 38.93 	at org.springframework.beans.factory.support.AbstractAutowireCapableBeanFactory.invokeInitMethods(AbstractAutowireCapableBeanFactory.java:1865) ~[spring-beans-6.2.6.jar:6.2.6]
#15 38.93 	at org.springframework.beans.factory.support.AbstractAutowireCapableBeanFactory.initializeBean(AbstractAutowireCapableBeanFactory.java:1814) ~[spring-beans-6.2.6.jar:6.2.6]
#15 38.93 	at org.springframework.beans.factory.support.AbstractAutowireCapableBeanFactory.doCreateBean(AbstractAutowireCapableBeanFactory.java:607) ~[spring-beans-6.2.6.jar:6.2.6]
#15 38.93 	at org.springframework.beans.factory.support.AbstractAutowireCapableBeanFactory.createBean(AbstractAutowireCapableBeanFactory.java:529) ~[spring-beans-6.2.6.jar:6.2.6]
#15 38.93 	at org.springframework.beans.factory.support.AbstractBeanFactory.lambda$doGetBean$0(AbstractBeanFactory.java:339) ~[spring-beans-6.2.6.jar:6.2.6]
#15 38.93 	at org.springframework.beans.factory.support.DefaultSingletonBeanRegistry.getSingleton(DefaultSingletonBeanRegistry.java:371) ~[spring-beans-6.2.6.jar:6.2.6]
#15 38.93 	at org.springframework.beans.factory.support.AbstractBeanFactory.doGetBean(AbstractBeanFactory.java:337) ~[spring-beans-6.2.6.jar:6.2.6]
#15 38.93 	at org.springframework.beans.factory.support.AbstractBeanFactory.getBean(AbstractBeanFactory.java:207) ~[spring-beans-6.2.6.jar:6.2.6]
#15 38.93 	at org.springframework.context.support.AbstractApplicationContext.finishBeanFactoryInitialization(AbstractApplicationContext.java:970) ~[spring-context-6.2.6.jar:6.2.6]
#15 38.93 	at org.springframework.context.support.AbstractApplicationContext.refresh(AbstractApplicationContext.java:627) ~[spring-context-6.2.6.jar:6.2.6]
#15 38.93 	at org.springframework.boot.SpringApplication.refresh(SpringApplication.java:753) ~[spring-boot-3.4.5.jar:3.4.5]
#15 38.93 	at org.springframework.boot.SpringApplication.refreshContext(SpringApplication.java:439) ~[spring-boot-3.4.5.jar:3.4.5]
#15 38.93 	at org.springframework.boot.SpringApplication.run(SpringApplication.java:318) ~[spring-boot-3.4.5.jar:3.4.5]
#15 38.93 	at org.springframework.boot.test.context.SpringBootContextLoader.lambda$loadContext$3(SpringBootContextLoader.java:144) ~[spring-boot-test-3.4.5.jar:3.4.5]
#15 38.93 	at org.springframework.util.function.ThrowingSupplier.get(ThrowingSupplier.java:58) ~[spring-core-6.2.6.jar:6.2.6]
#15 38.93 	at org.springframework.util.function.ThrowingSupplier.get(ThrowingSupplier.java:46) ~[spring-core-6.2.6.jar:6.2.6]
#15 38.93 	at org.springframework.boot.SpringApplication.withHook(SpringApplication.java:1462) ~[spring-boot-3.4.5.jar:3.4.5]
#15 38.93 	at org.springframework.boot.test.context.SpringBootContextLoader$ContextLoaderHook.run(SpringBootContextLoader.java:563) ~[spring-boot-test-3.4.5.jar:3.4.5]
#15 38.93 	at org.springframework.boot.test.context.SpringBootContextLoader.loadContext(SpringBootContextLoader.java:144) ~[spring-boot-test-3.4.5.jar:3.4.5]
#15 38.93 	at org.springframework.boot.test.context.SpringBootContextLoader.loadContext(SpringBootContextLoader.java:110) ~[spring-boot-test-3.4.5.jar:3.4.5]
#15 38.93 	at org.springframework.test.context.cache.DefaultCacheAwareContextLoaderDelegate.loadContextInternal(DefaultCacheAwareContextLoaderDelegate.java:225) ~[spring-test-6.2.6.jar:6.2.6]
#15 38.93 	at org.springframework.test.context.cache.DefaultCacheAwareContextLoaderDelegate.loadContext(DefaultCacheAwareContextLoaderDelegate.java:152) ~[spring-test-6.2.6.jar:6.2.6]
#15 38.93 	at org.springframework.test.context.support.DefaultTestContext.getApplicationContext(DefaultTestContext.java:130) ~[spring-test-6.2.6.jar:6.2.6]
#15 38.93 	at org.springframework.test.context.web.ServletTestExecutionListener.setUpRequestContextIfNecessary(ServletTestExecutionListener.java:200) ~[spring-test-6.2.6.jar:6.2.6]
#15 38.93 	at org.springframework.test.context.web.ServletTestExecutionListener.prepareTestInstance(ServletTestExecutionListener.java:139) ~[spring-test-6.2.6.jar:6.2.6]
#15 38.93 	at org.springframework.test.context.TestContextManager.prepareTestInstance(TestContextManager.java:260) ~[spring-test-6.2.6.jar:6.2.6]
#15 38.93 	at org.springframework.test.context.junit.jupiter.SpringExtension.postProcessTestInstance(SpringExtension.java:159) ~[spring-test-6.2.6.jar:6.2.6]
#15 38.93 	at org.junit.jupiter.engine.descriptor.ClassBasedTestDescriptor.lambda$invokeTestInstancePostProcessors$11(ClassBasedTestDescriptor.java:378) ~[junit-jupiter-engine-5.11.4.jar:5.11.4]
#15 38.94 	at org.junit.jupiter.engine.descriptor.ClassBasedTestDescriptor.executeAndMaskThrowable(ClassBasedTestDescriptor.java:383) ~[junit-jupiter-engine-5.11.4.jar:5.11.4]
#15 38.94 	at org.junit.jupiter.engine.descriptor.ClassBasedTestDescriptor.lambda$invokeTestInstancePostProcessors$12(ClassBasedTestDescriptor.java:378) ~[junit-jupiter-engine-5.11.4.jar:5.11.4]
#15 38.94 	at java.base/java.util.stream.ForEachOps$ForEachOp$OfRef.accept(ForEachOps.java:184) ~[na:na]
#15 38.94 	at java.base/java.util.stream.ReferencePipeline$3$1.accept(ReferencePipeline.java:197) ~[na:na]
#15 38.94 	at java.base/java.util.stream.ReferencePipeline$2$1.accept(ReferencePipeline.java:179) ~[na:na]
#15 38.94 	at java.base/java.util.stream.ReferencePipeline$3$1.accept(ReferencePipeline.java:197) ~[na:na]
#15 38.94 	at java.base/java.util.ArrayList$ArrayListSpliterator.forEachRemaining(ArrayList.java:1708) ~[na:na]
#15 38.94 	at java.base/java.util.stream.AbstractPipeline.copyInto(AbstractPipeline.java:509) ~[na:na]
#15 38.94 	at java.base/java.util.stream.AbstractPipeline.wrapAndCopyInto(AbstractPipeline.java:499) ~[na:na]
#15 38.94 	at java.base/java.util.stream.ForEachOps$ForEachOp.evaluateSequential(ForEachOps.java:151) ~[na:na]
#15 38.94 	at java.base/java.util.stream.ForEachOps$ForEachOp$OfRef.evaluateSequential(ForEachOps.java:174) ~[na:na]
#15 38.94 	at java.base/java.util.stream.AbstractPipeline.evaluate(AbstractPipeline.java:234) ~[na:na]
#15 38.94 	at java.base/java.util.stream.ReferencePipeline.forEach(ReferencePipeline.java:596) ~[na:na]
#15 38.94 	at org.junit.jupiter.engine.descriptor.ClassBasedTestDescriptor.invokeTestInstancePostProcessors(ClassBasedTestDescriptor.java:377) ~[junit-jupiter-engine-5.11.4.jar:5.11.4]
#15 38.94 	at org.junit.jupiter.engine.descriptor.ClassBasedTestDescriptor.lambda$instantiateAndPostProcessTestInstance$7(ClassBasedTestDescriptor.java:290) ~[junit-jupiter-engine-5.11.4.jar:5.11.4]
#15 38.94 	at org.junit.platform.engine.support.hierarchical.ThrowableCollector.execute(ThrowableCollector.java:73) ~[junit-platform-engine-1.11.4.jar:1.11.4]
#15 38.94 	at org.junit.jupiter.engine.descriptor.ClassBasedTestDescriptor.instantiateAndPostProcessTestInstance(ClassBasedTestDescriptor.java:289) ~[junit-jupiter-engine-5.11.4.jar:5.11.4]
#15 38.94 	at org.junit.jupiter.engine.descriptor.ClassBasedTestDescriptor.lambda$testInstancesProvider$5(ClassBasedTestDescriptor.java:279) ~[junit-jupiter-engine-5.11.4.jar:5.11.4]
#15 38.94 	at java.base/java.util.Optional.orElseGet(Optional.java:364) ~[na:na]
#15 38.94 	at org.junit.jupiter.engine.descriptor.ClassBasedTestDescriptor.lambda$testInstancesProvider$6(ClassBasedTestDescriptor.java:278) ~[junit-jupiter-engine-5.11.4.jar:5.11.4]
#15 38.94 	at org.junit.jupiter.engine.execution.TestInstancesProvider.getTestInstances(TestInstancesProvider.java:31) ~[junit-jupiter-engine-5.11.4.jar:5.11.4]
#15 38.94 	at org.junit.jupiter.engine.descriptor.TestMethodTestDescriptor.lambda$prepare$1(TestMethodTestDescriptor.java:105) ~[junit-jupiter-engine-5.11.4.jar:5.11.4]
#15 38.94 	at org.junit.platform.engine.support.hierarchical.ThrowableCollector.execute(ThrowableCollector.java:73) ~[junit-platform-engine-1.11.4.jar:1.11.4]
#15 38.94 	at org.junit.jupiter.engine.descriptor.TestMethodTestDescriptor.prepare(TestMethodTestDescriptor.java:104) ~[junit-jupiter-engine-5.11.4.jar:5.11.4]
#15 38.94 	at org.junit.jupiter.engine.descriptor.TestMethodTestDescriptor.prepare(TestMethodTestDescriptor.java:68) ~[junit-jupiter-engine-5.11.4.jar:5.11.4]
#15 38.94 	at org.junit.platform.engine.support.hierarchical.NodeTestTask.lambda$prepare$2(NodeTestTask.java:128) ~[junit-platform-engine-1.11.4.jar:1.11.4]
#15 38.94 	at org.junit.platform.engine.support.hierarchical.ThrowableCollector.execute(ThrowableCollector.java:73) ~[junit-platform-engine-1.11.4.jar:1.11.4]
#15 38.94 	at org.junit.platform.engine.support.hierarchical.NodeTestTask.prepare(NodeTestTask.java:128) ~[junit-platform-engine-1.11.4.jar:1.11.4]
#15 38.94 	at org.junit.platform.engine.support.hierarchical.NodeTestTask.execute(NodeTestTask.java:95) ~[junit-platform-engine-1.11.4.jar:1.11.4]
#15 38.94 	at java.base/java.util.ArrayList.forEach(ArrayList.java:1596) ~[na:na]
#15 38.94 	at org.junit.platform.engine.support.hierarchical.SameThreadHierarchicalTestExecutorService.invokeAll(SameThreadHierarchicalTestExecutorService.java:41) ~[junit-platform-engine-1.11.4.jar:1.11.4]
#15 38.94 	at org.junit.platform.engine.support.hierarchical.NodeTestTask.lambda$executeRecursively$6(NodeTestTask.java:160) ~[junit-platform-engine-1.11.4.jar:1.11.4]
#15 38.94 	at org.junit.platform.engine.support.hierarchical.ThrowableCollector.execute(ThrowableCollector.java:73) ~[junit-platform-engine-1.11.4.jar:1.11.4]
#15 38.94 	at org.junit.platform.engine.support.hierarchical.NodeTestTask.lambda$executeRecursively$8(NodeTestTask.java:146) ~[junit-platform-engine-1.11.4.jar:1.11.4]
#15 38.94 	at org.junit.platform.engine.support.hierarchical.Node.around(Node.java:137) ~[junit-platform-engine-1.11.4.jar:1.11.4]
#15 38.94 	at org.junit.platform.engine.support.hierarchical.NodeTestTask.lambda$executeRecursively$9(NodeTestTask.java:144) ~[junit-platform-engine-1.11.4.jar:1.11.4]
#15 38.94 	at org.junit.platform.engine.support.hierarchical.ThrowableCollector.execute(ThrowableCollector.java:73) ~[junit-platform-engine-1.11.4.jar:1.11.4]
#15 38.94 	at org.junit.platform.engine.support.hierarchical.NodeTestTask.executeRecursively(NodeTestTask.java:143) ~[junit-platform-engine-1.11.4.jar:1.11.4]
#15 38.94 	at org.junit.platform.engine.support.hierarchical.NodeTestTask.execute(NodeTestTask.java:100) ~[junit-platform-engine-1.11.4.jar:1.11.4]
#15 38.94 	at java.base/java.util.ArrayList.forEach(ArrayList.java:1596) ~[na:na]
#15 38.94 	at org.junit.platform.engine.support.hierarchical.SameThreadHierarchicalTestExecutorService.invokeAll(SameThreadHierarchicalTestExecutorService.java:41) ~[junit-platform-engine-1.11.4.jar:1.11.4]
#15 38.94 	at org.junit.platform.engine.support.hierarchical.NodeTestTask.lambda$executeRecursively$6(NodeTestTask.java:160) ~[junit-platform-engine-1.11.4.jar:1.11.4]
#15 38.94 	at org.junit.platform.engine.support.hierarchical.ThrowableCollector.execute(ThrowableCollector.java:73) ~[junit-platform-engine-1.11.4.jar:1.11.4]
#15 38.94 	at org.junit.platform.engine.support.hierarchical.NodeTestTask.lambda$executeRecursively$8(NodeTestTask.java:146) ~[junit-platform-engine-1.11.4.jar:1.11.4]
#15 38.94 	at org.junit.platform.engine.support.hierarchical.Node.around(Node.java:137) ~[junit-platform-engine-1.11.4.jar:1.11.4]
#15 38.94 	at org.junit.platform.engine.support.hierarchical.NodeTestTask.lambda$executeRecursively$9(NodeTestTask.java:144) ~[junit-platform-engine-1.11.4.jar:1.11.4]
#15 38.94 	at org.junit.platform.engine.support.hierarchical.ThrowableCollector.execute(ThrowableCollector.java:73) ~[junit-platform-engine-1.11.4.jar:1.11.4]
#15 38.94 	at org.junit.platform.engine.support.hierarchical.NodeTestTask.executeRecursively(NodeTestTask.java:143) ~[junit-platform-engine-1.11.4.jar:1.11.4]
#15 38.94 	at org.junit.platform.engine.support.hierarchical.NodeTestTask.execute(NodeTestTask.java:100) ~[junit-platform-engine-1.11.4.jar:1.11.4]
#15 38.94 	at org.junit.platform.engine.support.hierarchical.SameThreadHierarchicalTestExecutorService.submit(SameThreadHierarchicalTestExecutorService.java:35) ~[junit-platform-engine-1.11.4.jar:1.11.4]
#15 38.94 	at org.junit.platform.engine.support.hierarchical.HierarchicalTestExecutor.execute(HierarchicalTestExecutor.java:57) ~[junit-platform-engine-1.11.4.jar:1.11.4]
#15 38.94 	at org.junit.platform.engine.support.hierarchical.HierarchicalTestEngine.execute(HierarchicalTestEngine.java:54) ~[junit-platform-engine-1.11.4.jar:1.11.4]
#15 38.94 	at org.junit.platform.launcher.core.EngineExecutionOrchestrator.execute(EngineExecutionOrchestrator.java:198) ~[junit-platform-launcher-1.11.4.jar:1.11.4]
#15 38.94 	at org.junit.platform.launcher.core.EngineExecutionOrchestrator.execute(EngineExecutionOrchestrator.java:169) ~[junit-platform-launcher-1.11.4.jar:1.11.4]
#15 38.94 	at org.junit.platform.launcher.core.EngineExecutionOrchestrator.execute(EngineExecutionOrchestrator.java:93) ~[junit-platform-launcher-1.11.4.jar:1.11.4]
#15 38.94 	at org.junit.platform.launcher.core.EngineExecutionOrchestrator.lambda$execute$0(EngineExecutionOrchestrator.java:58) ~[junit-platform-launcher-1.11.4.jar:1.11.4]
#15 38.94 	at org.junit.platform.launcher.core.EngineExecutionOrchestrator.withInterceptedStreams(EngineExecutionOrchestrator.java:141) ~[junit-platform-launcher-1.11.4.jar:1.11.4]
#15 38.94 	at org.junit.platform.launcher.core.EngineExecutionOrchestrator.execute(EngineExecutionOrchestrator.java:57) ~[junit-platform-launcher-1.11.4.jar:1.11.4]
#15 38.94 	at org.junit.platform.launcher.core.DefaultLauncher.execute(DefaultLauncher.java:103) ~[junit-platform-launcher-1.11.4.jar:1.11.4]
#15 38.94 	at org.junit.platform.launcher.core.DefaultLauncher.execute(DefaultLauncher.java:85) ~[junit-platform-launcher-1.11.4.jar:1.11.4]
#15 38.94 	at org.junit.platform.launcher.core.DelegatingLauncher.execute(DelegatingLauncher.java:47) ~[junit-platform-launcher-1.11.4.jar:1.11.4]
#15 38.94 	at org.apache.maven.surefire.junitplatform.LazyLauncher.execute(LazyLauncher.java:56) ~[surefire-junit-platform-3.5.3.jar:3.5.3]
#15 38.94 	at org.apache.maven.surefire.junitplatform.JUnitPlatformProvider.execute(JUnitPlatformProvider.java:194) ~[surefire-junit-platform-3.5.3.jar:3.5.3]
#15 38.94 	at org.apache.maven.surefire.junitplatform.JUnitPlatformProvider.invokeAllTests(JUnitPlatformProvider.java:150) ~[surefire-junit-platform-3.5.3.jar:3.5.3]
#15 38.94 	at org.apache.maven.surefire.junitplatform.JUnitPlatformProvider.invoke(JUnitPlatformProvider.java:124) ~[surefire-junit-platform-3.5.3.jar:3.5.3]
#15 38.94 	at org.apache.maven.surefire.booter.ForkedBooter.runSuitesInProcess(ForkedBooter.java:385) ~[surefire-booter-3.5.3.jar:3.5.3]
#15 38.94 	at org.apache.maven.surefire.booter.ForkedBooter.execute(ForkedBooter.java:162) ~[surefire-booter-3.5.3.jar:3.5.3]
#15 38.94 	at org.apache.maven.surefire.booter.ForkedBooter.run(ForkedBooter.java:507) ~[surefire-booter-3.5.3.jar:3.5.3]
#15 38.94 	at org.apache.maven.surefire.booter.ForkedBooter.main(ForkedBooter.java:495) ~[surefire-booter-3.5.3.jar:3.5.3]
#15 38.94 Caused by: org.postgresql.util.PSQLException: The connection attempt failed.
#15 38.94 	at org.postgresql.core.v3.ConnectionFactoryImpl.openConnectionImpl(ConnectionFactoryImpl.java:364) ~[postgresql-42.7.5.jar:42.7.5]
#15 38.94 	at org.postgresql.core.ConnectionFactory.openConnection(ConnectionFactory.java:54) ~[postgresql-42.7.5.jar:42.7.5]
#15 38.94 	at org.postgresql.jdbc.PgConnection.<init>(PgConnection.java:273) ~[postgresql-42.7.5.jar:42.7.5]
#15 38.94 	at org.postgresql.Driver.makeConnection(Driver.java:446) ~[postgresql-42.7.5.jar:42.7.5]
#15 38.94 	at org.postgresql.Driver.connect(Driver.java:298) ~[postgresql-42.7.5.jar:42.7.5]
#15 38.94 	at com.zaxxer.hikari.util.DriverDataSource.getConnection(DriverDataSource.java:137) ~[HikariCP-5.1.0.jar:na]
#15 38.94 	at com.zaxxer.hikari.pool.PoolBase.newConnection(PoolBase.java:360) ~[HikariCP-5.1.0.jar:na]
#15 38.94 	at com.zaxxer.hikari.pool.PoolBase.newPoolEntry(PoolBase.java:202) ~[HikariCP-5.1.0.jar:na]
#15 38.94 	at com.zaxxer.hikari.pool.HikariPool.createPoolEntry(HikariPool.java:461) ~[HikariCP-5.1.0.jar:na]
#15 38.94 	at com.zaxxer.hikari.pool.HikariPool.checkFailFast(HikariPool.java:550) ~[HikariCP-5.1.0.jar:na]
#15 38.94 	at com.zaxxer.hikari.pool.HikariPool.<init>(HikariPool.java:98) ~[HikariCP-5.1.0.jar:na]
#15 38.94 	at com.zaxxer.hikari.HikariDataSource.getConnection(HikariDataSource.java:111) ~[HikariCP-5.1.0.jar:na]
#15 38.94 	at org.hibernate.engine.jdbc.connections.internal.DatasourceConnectionProviderImpl.getConnection(DatasourceConnectionProviderImpl.java:126) ~[hibernate-core-6.6.13.Final.jar:6.6.13.Final]
#15 38.94 	at org.hibernate.engine.jdbc.env.internal.JdbcEnvironmentInitiator$ConnectionProviderJdbcConnectionAccess.obtainConnection(JdbcEnvironmentInitiator.java:467) ~[hibernate-core-6.6.13.Final.jar:6.6.13.Final]
#15 38.94 	at org.hibernate.resource.transaction.backend.jdbc.internal.JdbcIsolationDelegate.delegateWork(JdbcIsolationDelegate.java:61) ~[hibernate-core-6.6.13.Final.jar:6.6.13.Final]
#15 38.94 	... 115 common frames omitted
#15 38.94 Caused by: java.net.UnknownHostException: db
#15 38.94 	at java.base/sun.nio.ch.NioSocketImpl.connect(NioSocketImpl.java:567) ~[na:na]
#15 38.94 	at java.base/java.net.SocksSocketImpl.connect(SocksSocketImpl.java:327) ~[na:na]
#15 38.94 	at java.base/java.net.Socket.connect(Socket.java:751) ~[na:na]
#15 38.94 	at org.postgresql.core.PGStream.createSocket(PGStream.java:260) ~[postgresql-42.7.5.jar:42.7.5]
#15 38.94 	at org.postgresql.core.PGStream.<init>(PGStream.java:121) ~[postgresql-42.7.5.jar:42.7.5]
#15 38.94 	at org.postgresql.core.v3.ConnectionFactoryImpl.tryConnect(ConnectionFactoryImpl.java:140) ~[postgresql-42.7.5.jar:42.7.5]
#15 38.94 	at org.postgresql.core.v3.ConnectionFactoryImpl.openConnectionImpl(ConnectionFactoryImpl.java:268) ~[postgresql-42.7.5.jar:42.7.5]
#15 38.94 	... 129 common frames omitted
#15 38.94 
#15 38.94 2025-05-13T11:11:30.523Z  WARN 59 --- [patient-service] [           main] org.hibernate.orm.deprecation            : HHH90000025: PostgreSQLDialect does not need to be specified explicitly using 'hibernate.dialect' (remove the property setting and it will be selected by default)
#15 38.94 2025-05-13T11:11:30.543Z  INFO 59 --- [patient-service] [           main] org.hibernate.orm.connections.pooling    : HHH10001005: Database info:
#15 38.94 	Database JDBC URL [Connecting through datasource 'HikariDataSource (null)']
#15 38.94 	Database driver: undefined/unknown
#15 38.94 	Database version: 12.0
#15 38.94 	Autocommit mode: undefined/unknown
#15 38.94 	Isolation level: undefined/unknown
#15 38.94 	Minimum pool size: undefined/unknown
#15 38.94 	Maximum pool size: undefined/unknown
#15 41.24 2025-05-13T11:11:32.792Z  INFO 59 --- [patient-service] [           main] o.h.e.t.j.p.i.JtaPlatformInitiator       : HHH000489: No JTA platform available (set 'hibernate.transaction.jta.platform' to enable JTA platform integration)
#15 41.24 2025-05-13T11:11:32.860Z  INFO 59 --- [patient-service] [           main] com.zaxxer.hikari.HikariDataSource       : HikariPool-1 - Starting...
#15 42.24 2025-05-13T11:11:33.864Z  WARN 59 --- [patient-service] [           main] o.h.engine.jdbc.spi.SqlExceptionHelper   : SQL Error: 0, SQLState: 08001
#15 42.24 2025-05-13T11:11:33.865Z ERROR 59 --- [patient-service] [           main] o.h.engine.jdbc.spi.SqlExceptionHelper   : The connection attempt failed.
#15 42.24 2025-05-13T11:11:33.879Z ERROR 59 --- [patient-service] [           main] j.LocalContainerEntityManagerFactoryBean : Failed to initialize JPA EntityManagerFactory: [PersistenceUnit: default] Unable to build Hibernate SessionFactory; nested exception is org.hibernate.exception.JDBCConnectionException: Unable to open JDBC Connection for DDL execution [The connection attempt failed.] [n/a]
#15 42.24 2025-05-13T11:11:33.882Z  WARN 59 --- [patient-service] [           main] o.s.w.c.s.GenericWebApplicationContext   : Exception encountered during context initialization - cancelling refresh attempt: org.springframework.beans.factory.BeanCreationException: Error creating bean with name 'entityManagerFactory' defined in class path resource [org/springframework/boot/autoconfigure/orm/jpa/HibernateJpaConfiguration.class]: [PersistenceUnit: default] Unable to build Hibernate SessionFactory; nested exception is org.hibernate.exception.JDBCConnectionException: Unable to open JDBC Connection for DDL execution [The connection attempt failed.] [n/a]
#15 42.31 
#15 42.31 
#15 42.31 
#15 42.31 ============================
#15 42.31 CONDITIONS EVALUATION REPORT
#15 42.31 ============================
#15 42.31 
#15 42.31 
#15 42.31 Positive matches:
#15 42.31 -----------------
#15 42.31 
#15 42.31    AopAutoConfiguration matched:
#15 42.31       - @ConditionalOnProperty (spring.aop.auto=true) matched (OnPropertyCondition)
#15 42.31 
#15 42.31    AopAutoConfiguration.AspectJAutoProxyingConfiguration matched:
#15 42.31       - @ConditionalOnClass found required class 'org.aspectj.weaver.Advice' (OnClassCondition)
#15 42.31 
#15 42.31    AopAutoConfiguration.AspectJAutoProxyingConfiguration.CglibAutoProxyConfiguration matched:
#15 42.31       - @ConditionalOnProperty (spring.aop.proxy-target-class=true) matched (OnPropertyCondition)
#15 42.31 
#15 42.31    ApplicationAvailabilityAutoConfiguration#applicationAvailability matched:
#15 42.31       - @ConditionalOnMissingBean (types: org.springframework.boot.availability.ApplicationAvailability; SearchStrategy: all) did not find any beans (OnBeanCondition)
#15 42.31 
#15 42.31    DataSourceAutoConfiguration matched:
#15 42.31       - @ConditionalOnClass found required classes 'javax.sql.DataSource', 'org.springframework.jdbc.datasource.embedded.EmbeddedDatabaseType' (OnClassCondition)
#15 42.31       - @ConditionalOnMissingBean (types: io.r2dbc.spi.ConnectionFactory; SearchStrategy: all) did not find any beans (OnBeanCondition)
#15 42.31 
#15 42.31    DataSourceAutoConfiguration.PooledDataSourceConfiguration matched:
#15 42.31       - AnyNestedCondition 1 matched 1 did not; NestedCondition on DataSourceAutoConfiguration.PooledDataSourceCondition.PooledDataSourceAvailable PooledDataSource found supported DataSource; NestedCondition on DataSourceAutoConfiguration.PooledDataSourceCondition.ExplicitType @ConditionalOnProperty (spring.datasource.type) did not find property 'type' (DataSourceAutoConfiguration.PooledDataSourceCondition)
#15 42.31       - @ConditionalOnMissingBean (types: javax.sql.DataSource,javax.sql.XADataSource; SearchStrategy: all) did not find any beans (OnBeanCondition)
#15 42.31 
#15 42.31    DataSourceAutoConfiguration.PooledDataSourceConfiguration#jdbcConnectionDetails matched:
#15 42.31       - @ConditionalOnMissingBean (types: org.springframework.boot.autoconfigure.jdbc.JdbcConnectionDetails; SearchStrategy: all) did not find any beans (OnBeanCondition)
#15 42.31 
#15 42.31    DataSourceConfiguration.Hikari matched:
#15 42.31       - @ConditionalOnClass found required class 'com.zaxxer.hikari.HikariDataSource' (OnClassCondition)
#15 42.31       - @ConditionalOnProperty (spring.datasource.type=com.zaxxer.hikari.HikariDataSource) matched (OnPropertyCondition)
#15 42.31       - @ConditionalOnMissingBean (types: javax.sql.DataSource; SearchStrategy: all) did not find any beans (OnBeanCondition)
#15 42.31 
#15 42.31    DataSourceInitializationConfiguration matched:
#15 42.31       - @ConditionalOnClass found required class 'org.springframework.jdbc.datasource.init.DatabasePopulator' (OnClassCondition)
#15 42.31       - @ConditionalOnSingleCandidate (types: javax.sql.DataSource; SearchStrategy: all) found a single bean 'dataSource'; @ConditionalOnMissingBean (types: org.springframework.boot.autoconfigure.sql.init.SqlDataSourceScriptDatabaseInitializer,org.springframework.boot.autoconfigure.sql.init.SqlR2dbcScriptDatabaseInitializer; SearchStrategy: all) did not find any beans (OnBeanCondition)
#15 42.31 
#15 42.31    DataSourcePoolMetadataProvidersConfiguration.HikariPoolDataSourceMetadataProviderConfiguration matched:
#15 42.31       - @ConditionalOnClass found required class 'com.zaxxer.hikari.HikariDataSource' (OnClassCondition)
#15 42.31 
#15 42.31    DataSourceTransactionManagerAutoConfiguration matched:
#15 42.31       - @ConditionalOnClass found required classes 'javax.sql.DataSource', 'org.springframework.jdbc.core.JdbcTemplate', 'org.springframework.transaction.TransactionManager' (OnClassCondition)
#15 42.31 
#15 42.31    DataSourceTransactionManagerAutoConfiguration.JdbcTransactionManagerConfiguration matched:
#15 42.31       - @ConditionalOnSingleCandidate (types: javax.sql.DataSource; SearchStrategy: all) found a single bean 'dataSource' (OnBeanCondition)
#15 42.31 
#15 42.31    DispatcherServletAutoConfiguration matched:
#15 42.31       - @ConditionalOnClass found required class 'org.springframework.web.servlet.DispatcherServlet' (OnClassCondition)
#15 42.31       - found 'session' scope (OnWebApplicationCondition)
#15 42.31 
#15 42.31    DispatcherServletAutoConfiguration.DispatcherServletConfiguration matched:
#15 42.31       - @ConditionalOnClass found required class 'jakarta.servlet.ServletRegistration' (OnClassCondition)
#15 42.31       - Default DispatcherServlet did not find dispatcher servlet beans (DispatcherServletAutoConfiguration.DefaultDispatcherServletCondition)
#15 42.31 
#15 42.31    DispatcherServletAutoConfiguration.DispatcherServletRegistrationConfiguration matched:
#15 42.31       - @ConditionalOnClass found required class 'jakarta.servlet.ServletRegistration' (OnClassCondition)
#15 42.31       - DispatcherServlet Registration did not find servlet registration bean (DispatcherServletAutoConfiguration.DispatcherServletRegistrationCondition)
#15 42.31 
#15 42.31    DispatcherServletAutoConfiguration.DispatcherServletRegistrationConfiguration#dispatcherServletRegistration matched:
#15 42.31       - @ConditionalOnBean (names: dispatcherServlet types: org.springframework.web.servlet.DispatcherServlet; SearchStrategy: all) found bean 'dispatcherServlet' (OnBeanCondition)
#15 42.31 
#15 42.31    ErrorMvcAutoConfiguration matched:
#15 42.31       - @ConditionalOnClass found required classes 'jakarta.servlet.Servlet', 'org.springframework.web.servlet.DispatcherServlet' (OnClassCondition)
#15 42.31       - found 'session' scope (OnWebApplicationCondition)
#15 42.31 
#15 42.31    ErrorMvcAutoConfiguration#basicErrorController matched:
#15 42.31       - @ConditionalOnMissingBean (types: org.springframework.boot.web.servlet.error.ErrorController; SearchStrategy: current) did not find any beans (OnBeanCondition)
#15 42.31 
#15 42.31    ErrorMvcAutoConfiguration#errorAttributes matched:
#15 42.31       - @ConditionalOnMissingBean (types: org.springframework.boot.web.servlet.error.ErrorAttributes; SearchStrategy: current) did not find any beans (OnBeanCondition)
#15 42.31 
#15 42.31    ErrorMvcAutoConfiguration.DefaultErrorViewResolverConfiguration#conventionErrorViewResolver matched:
#15 42.31       - @ConditionalOnBean (types: org.springframework.web.servlet.DispatcherServlet; SearchStrategy: all) found bean 'dispatcherServlet'; @ConditionalOnMissingBean (types: org.springframework.boot.autoconfigure.web.servlet.error.ErrorViewResolver; SearchStrategy: all) did not find any beans (OnBeanCondition)
#15 42.31 
#15 42.31    ErrorMvcAutoConfiguration.WhitelabelErrorViewConfiguration matched:
#15 42.31       - @ConditionalOnProperty (server.error.whitelabel.enabled) matched (OnPropertyCondition)
#15 42.31       - ErrorTemplate Missing did not find error template view (ErrorMvcAutoConfiguration.ErrorTemplateMissingCondition)
#15 42.31 
#15 42.31    ErrorMvcAutoConfiguration.WhitelabelErrorViewConfiguration#beanNameViewResolver matched:
#15 42.31       - @ConditionalOnMissingBean (types: org.springframework.web.servlet.view.BeanNameViewResolver; SearchStrategy: all) did not find any beans (OnBeanCondition)
#15 42.31 
#15 42.31    ErrorMvcAutoConfiguration.WhitelabelErrorViewConfiguration#defaultErrorView matched:
#15 42.31       - @ConditionalOnMissingBean (names: error; SearchStrategy: all) did not find any beans (OnBeanCondition)
#15 42.31 
#15 42.31    GenericCacheConfiguration matched:
#15 42.31       - Cache org.springframework.boot.autoconfigure.cache.GenericCacheConfiguration automatic cache type (CacheCondition)
#15 42.31 
#15 42.31    HibernateJpaAutoConfiguration matched:
#15 42.31       - @ConditionalOnClass found required classes 'org.springframework.orm.jpa.LocalContainerEntityManagerFactoryBean', 'jakarta.persistence.EntityManager', 'org.hibernate.engine.spi.SessionImplementor' (OnClassCondition)
#15 42.31 
#15 42.31    HibernateJpaConfiguration matched:
#15 42.31       - @ConditionalOnSingleCandidate (types: javax.sql.DataSource; SearchStrategy: all) found a single bean 'dataSource' (OnBeanCondition)
#15 42.31 
#15 42.31    HttpClientAutoConfiguration matched:
#15 42.31       - @ConditionalOnClass found required class 'org.springframework.http.client.ClientHttpRequestFactory' (OnClassCondition)
#15 42.31       - NoneNestedConditions 0 matched 1 did not; NestedCondition on NotReactiveWebApplicationCondition.ReactiveWebApplication did not find reactive web application classes (NotReactiveWebApplicationCondition)
#15 42.31 
#15 42.31    HttpClientAutoConfiguration#clientHttpRequestFactoryBuilder matched:
#15 42.31       - @ConditionalOnMissingBean (types: org.springframework.boot.http.client.ClientHttpRequestFactoryBuilder; SearchStrategy: all) did not find any beans (OnBeanCondition)
#15 42.31 
#15 42.31    HttpClientAutoConfiguration#clientHttpRequestFactorySettings matched:
#15 42.31       - @ConditionalOnMissingBean (types: org.springframework.boot.http.client.ClientHttpRequestFactorySettings; SearchStrategy: all) did not find any beans (OnBeanCondition)
#15 42.31 
#15 42.31    HttpEncodingAutoConfiguration matched:
#15 42.31       - @ConditionalOnClass found required class 'org.springframework.web.filter.CharacterEncodingFilter' (OnClassCondition)
#15 42.31       - found 'session' scope (OnWebApplicationCondition)
#15 42.31       - @ConditionalOnProperty (server.servlet.encoding.enabled) matched (OnPropertyCondition)
#15 42.31 
#15 42.31    HttpEncodingAutoConfiguration#characterEncodingFilter matched:
#15 42.31       - @ConditionalOnMissingBean (types: org.springframework.web.filter.CharacterEncodingFilter; SearchStrategy: all) did not find any beans (OnBeanCondition)
#15 42.31 
#15 42.31    HttpMessageConvertersAutoConfiguration matched:
#15 42.31       - @ConditionalOnClass found required class 'org.springframework.http.converter.HttpMessageConverter' (OnClassCondition)
#15 42.31       - NoneNestedConditions 0 matched 1 did not; NestedCondition on HttpMessageConvertersAutoConfiguration.NotReactiveWebApplicationCondition.ReactiveWebApplication did not find reactive web application classes (HttpMessageConvertersAutoConfiguration.NotReactiveWebApplicationCondition)
#15 42.31 
#15 42.31    HttpMessageConvertersAutoConfiguration#messageConverters matched:
#15 42.31       - @ConditionalOnMissingBean (types: org.springframework.boot.autoconfigure.http.HttpMessageConverters; SearchStrategy: all) did not find any beans (OnBeanCondition)
#15 42.31 
#15 42.31    HttpMessageConvertersAutoConfiguration.StringHttpMessageConverterConfiguration matched:
#15 42.31       - @ConditionalOnClass found required class 'org.springframework.http.converter.StringHttpMessageConverter' (OnClassCondition)
#15 42.31 
#15 42.31    HttpMessageConvertersAutoConfiguration.StringHttpMessageConverterConfiguration#stringHttpMessageConverter matched:
#15 42.31       - @ConditionalOnMissingBean (types: org.springframework.http.converter.StringHttpMessageConverter; SearchStrategy: all) did not find any beans (OnBeanCondition)
#15 42.31 
#15 42.31    JacksonAutoConfiguration matched:
#15 42.31       - @ConditionalOnClass found required class 'com.fasterxml.jackson.databind.ObjectMapper' (OnClassCondition)
#15 42.31 
#15 42.31    JacksonAutoConfiguration.Jackson2ObjectMapperBuilderCustomizerConfiguration matched:
#15 42.31       - @ConditionalOnClass found required class 'org.springframework.http.converter.json.Jackson2ObjectMapperBuilder' (OnClassCondition)
#15 42.31 
#15 42.31    JacksonAutoConfiguration.JacksonObjectMapperBuilderConfiguration matched:
#15 42.31       - @ConditionalOnClass found required class 'org.springframework.http.converter.json.Jackson2ObjectMapperBuilder' (OnClassCondition)
#15 42.31 
#15 42.31    JacksonAutoConfiguration.JacksonObjectMapperBuilderConfiguration#jacksonObjectMapperBuilder matched:
#15 42.31       - @ConditionalOnMissingBean (types: org.springframework.http.converter.json.Jackson2ObjectMapperBuilder; SearchStrategy: all) did not find any beans (OnBeanCondition)
#15 42.31 
#15 42.31    JacksonAutoConfiguration.JacksonObjectMapperConfiguration matched:
#15 42.31       - @ConditionalOnClass found required class 'org.springframework.http.converter.json.Jackson2ObjectMapperBuilder' (OnClassCondition)
#15 42.31 
#15 42.31    JacksonAutoConfiguration.JacksonObjectMapperConfiguration#jacksonObjectMapper matched:
#15 42.31       - @ConditionalOnMissingBean (types: com.fasterxml.jackson.databind.ObjectMapper; SearchStrategy: all) did not find any beans (OnBeanCondition)
#15 42.31 
#15 42.31    JacksonAutoConfiguration.ParameterNamesModuleConfiguration matched:
#15 42.31       - @ConditionalOnClass found required class 'com.fasterxml.jackson.module.paramnames.ParameterNamesModule' (OnClassCondition)
#15 42.31 
#15 42.31    JacksonAutoConfiguration.ParameterNamesModuleConfiguration#parameterNamesModule matched:
#15 42.31       - @ConditionalOnMissingBean (types: com.fasterxml.jackson.module.paramnames.ParameterNamesModule; SearchStrategy: all) did not find any beans (OnBeanCondition)
#15 42.31 
#15 42.31    JacksonHttpMessageConvertersConfiguration.MappingJackson2HttpMessageConverterConfiguration matched:
#15 42.31       - @ConditionalOnClass found required class 'com.fasterxml.jackson.databind.ObjectMapper' (OnClassCondition)
#15 42.31       - @ConditionalOnProperty (spring.mvc.converters.preferred-json-mapper=jackson) matched (OnPropertyCondition)
#15 42.31       - @ConditionalOnBean (types: com.fasterxml.jackson.databind.ObjectMapper; SearchStrategy: all) found bean 'jacksonObjectMapper' (OnBeanCondition)
#15 42.31 
#15 42.31    JacksonHttpMessageConvertersConfiguration.MappingJackson2HttpMessageConverterConfiguration#mappingJackson2HttpMessageConverter matched:
#15 42.31       - @ConditionalOnMissingBean (types: org.springframework.http.converter.json.MappingJackson2HttpMessageConverter ignored: org.springframework.hateoas.server.mvc.TypeConstrainedMappingJackson2HttpMessageConverter,org.springframework.data.rest.webmvc.alps.AlpsJsonHttpMessageConverter; SearchStrategy: all) did not find any beans (OnBeanCondition)
#15 42.31 
#15 42.31    JdbcClientAutoConfiguration matched:
#15 42.31       - @ConditionalOnSingleCandidate (types: org.springframework.jdbc.core.namedparam.NamedParameterJdbcTemplate; SearchStrategy: all) found a single bean 'namedParameterJdbcTemplate'; @ConditionalOnMissingBean (types: org.springframework.jdbc.core.simple.JdbcClient; SearchStrategy: all) did not find any beans (OnBeanCondition)
#15 42.31 
#15 42.31    JdbcTemplateAutoConfiguration matched:
#15 42.31       - @ConditionalOnClass found required classes 'javax.sql.DataSource', 'org.springframework.jdbc.core.JdbcTemplate' (OnClassCondition)
#15 42.31       - @ConditionalOnSingleCandidate (types: javax.sql.DataSource; SearchStrategy: all) found a single bean 'dataSource' (OnBeanCondition)
#15 42.31 
#15 42.31    JdbcTemplateConfiguration matched:
#15 42.31       - @ConditionalOnMissingBean (types: org.springframework.jdbc.core.JdbcOperations; SearchStrategy: all) did not find any beans (OnBeanCondition)
#15 42.31 
#15 42.31    JpaBaseConfiguration#entityManagerFactory matched:
#15 42.31       - @ConditionalOnMissingBean (types: org.springframework.orm.jpa.LocalContainerEntityManagerFactoryBean,jakarta.persistence.EntityManagerFactory; SearchStrategy: all) did not find any beans (OnBeanCondition)
#15 42.31 
#15 42.31    JpaBaseConfiguration#entityManagerFactoryBuilder matched:
#15 42.31       - @ConditionalOnMissingBean (types: org.springframework.boot.orm.jpa.EntityManagerFactoryBuilder; SearchStrategy: all) did not find any beans (OnBeanCondition)
#15 42.31 
#15 42.31    JpaBaseConfiguration#jpaVendorAdapter matched:
#15 42.31       - @ConditionalOnMissingBean (types: org.springframework.orm.jpa.JpaVendorAdapter; SearchStrategy: all) did not find any beans (OnBeanCondition)
#15 42.31 
#15 42.31    JpaBaseConfiguration#transactionManager matched:
#15 42.31       - @ConditionalOnMissingBean (types: org.springframework.transaction.TransactionManager; SearchStrategy: all) did not find any beans (OnBeanCondition)
#15 42.31 
#15 42.31    JpaBaseConfiguration.JpaWebConfiguration matched:
#15 42.31       - @ConditionalOnClass found required class 'org.springframework.web.servlet.config.annotation.WebMvcConfigurer' (OnClassCondition)
#15 42.31       - found 'session' scope (OnWebApplicationCondition)
#15 42.31       - @ConditionalOnProperty (spring.jpa.open-in-view=true) matched (OnPropertyCondition)
#15 42.31       - @ConditionalOnMissingBean (types: org.springframework.orm.jpa.support.OpenEntityManagerInViewInterceptor,org.springframework.orm.jpa.support.OpenEntityManagerInViewFilter; SearchStrategy: all) did not find any beans (OnBeanCondition)
#15 42.31 
#15 42.31    JpaBaseConfiguration.PersistenceManagedTypesConfiguration matched:
#15 42.31       - @ConditionalOnMissingBean (types: org.springframework.orm.jpa.LocalContainerEntityManagerFactoryBean,jakarta.persistence.EntityManagerFactory; SearchStrategy: all) did not find any beans (OnBeanCondition)
#15 42.31 
#15 42.31    JpaBaseConfiguration.PersistenceManagedTypesConfiguration#persistenceManagedTypes matched:
#15 42.31       - @ConditionalOnMissingBean (types: org.springframework.orm.jpa.persistenceunit.PersistenceManagedTypes; SearchStrategy: all) did not find any beans (OnBeanCondition)
#15 42.31 
#15 42.31    JpaRepositoriesAutoConfiguration matched:
#15 42.31       - @ConditionalOnClass found required class 'org.springframework.data.jpa.repository.JpaRepository' (OnClassCondition)
#15 42.31       - @ConditionalOnProperty (spring.data.jpa.repositories.enabled=true) matched (OnPropertyCondition)
#15 42.31       - @ConditionalOnBean (types: javax.sql.DataSource; SearchStrategy: all) found bean 'dataSource'; @ConditionalOnMissingBean (types: org.springframework.data.jpa.repository.support.JpaRepositoryFactoryBean,org.springframework.data.jpa.repository.config.JpaRepositoryConfigExtension; SearchStrategy: all) did not find any beans (OnBeanCondition)
#15 42.31 
#15 42.31    JtaAutoConfiguration matched:
#15 42.33       - @ConditionalOnClass found required class 'jakarta.transaction.Transaction' (OnClassCondition)
#15 42.33       - @ConditionalOnProperty (spring.jta.enabled) matched (OnPropertyCondition)
#15 42.33 
#15 42.33    LifecycleAutoConfiguration#defaultLifecycleProcessor matched:
#15 42.33       - @ConditionalOnMissingBean (names: lifecycleProcessor; SearchStrategy: current) did not find any beans (OnBeanCondition)
#15 42.33 
#15 42.33    MultipartAutoConfiguration matched:
#15 42.33       - @ConditionalOnClass found required classes 'jakarta.servlet.Servlet', 'org.springframework.web.multipart.support.StandardServletMultipartResolver', 'jakarta.servlet.MultipartConfigElement' (OnClassCondition)
#15 42.33       - found 'session' scope (OnWebApplicationCondition)
#15 42.33       - @ConditionalOnProperty (spring.servlet.multipart.enabled) matched (OnPropertyCondition)
#15 42.33 
#15 42.33    MultipartAutoConfiguration#multipartConfigElement matched:
#15 42.33       - @ConditionalOnMissingBean (types: jakarta.servlet.MultipartConfigElement; SearchStrategy: all) did not find any beans (OnBeanCondition)
#15 42.33 
#15 42.33    MultipartAutoConfiguration#multipartResolver matched:
#15 42.33       - @ConditionalOnMissingBean (types: org.springframework.web.multipart.MultipartResolver; SearchStrategy: all) did not find any beans (OnBeanCondition)
#15 42.33 
#15 42.33    NamedParameterJdbcTemplateConfiguration matched:
#15 42.33       - @ConditionalOnSingleCandidate (types: org.springframework.jdbc.core.JdbcTemplate; SearchStrategy: all) found a single bean 'jdbcTemplate'; @ConditionalOnMissingBean (types: org.springframework.jdbc.core.namedparam.NamedParameterJdbcOperations; SearchStrategy: all) did not find any beans (OnBeanCondition)
#15 42.33 
#15 42.33    NoOpCacheConfiguration matched:
#15 42.33       - Cache org.springframework.boot.autoconfigure.cache.NoOpCacheConfiguration automatic cache type (CacheCondition)
#15 42.33 
#15 42.33    PersistenceExceptionTranslationAutoConfiguration matched:
#15 42.33       - @ConditionalOnClass found required class 'org.springframework.dao.annotation.PersistenceExceptionTranslationPostProcessor' (OnClassCondition)
#15 42.33 
#15 42.33    PersistenceExceptionTranslationAutoConfiguration#persistenceExceptionTranslationPostProcessor matched:
#15 42.33       - @ConditionalOnProperty (spring.dao.exceptiontranslation.enabled) matched (OnPropertyCondition)
#15 42.33       - @ConditionalOnMissingBean (types: org.springframework.dao.annotation.PersistenceExceptionTranslationPostProcessor; SearchStrategy: all) did not find any beans (OnBeanCondition)
#15 42.33 
#15 42.33    PropertyPlaceholderAutoConfiguration#propertySourcesPlaceholderConfigurer matched:
#15 42.33       - @ConditionalOnMissingBean (types: org.springframework.context.support.PropertySourcesPlaceholderConfigurer; SearchStrategy: current) did not find any beans (OnBeanCondition)
#15 42.33 
#15 42.33    RestClientAutoConfiguration matched:
#15 42.33       - @ConditionalOnClass found required class 'org.springframework.web.client.RestClient' (OnClassCondition)
#15 42.33       - NoneNestedConditions 0 matched 1 did not; NestedCondition on NotReactiveWebApplicationCondition.ReactiveWebApplication did not find reactive web application classes (NotReactiveWebApplicationCondition)
#15 42.33 
#15 42.33    RestClientAutoConfiguration#httpMessageConvertersRestClientCustomizer matched:
#15 42.33       - @ConditionalOnMissingBean (types: org.springframework.boot.autoconfigure.web.client.HttpMessageConvertersRestClientCustomizer; SearchStrategy: all) did not find any beans (OnBeanCondition)
#15 42.33 
#15 42.33    RestClientAutoConfiguration#restClientBuilder matched:
#15 42.33       - @ConditionalOnMissingBean (types: org.springframework.web.client.RestClient$Builder; SearchStrategy: all) did not find any beans (OnBeanCondition)
#15 42.33 
#15 42.33    RestClientAutoConfiguration#restClientBuilderConfigurer matched:
#15 42.33       - @ConditionalOnMissingBean (types: org.springframework.boot.autoconfigure.web.client.RestClientBuilderConfigurer; SearchStrategy: all) did not find any beans (OnBeanCondition)
#15 42.33 
#15 42.33    RestClientAutoConfiguration#restClientSsl matched:
#15 42.33       - @ConditionalOnBean (types: org.springframework.boot.ssl.SslBundles; SearchStrategy: all) found bean 'sslBundleRegistry'; @ConditionalOnMissingBean (types: org.springframework.boot.autoconfigure.web.client.RestClientSsl; SearchStrategy: all) did not find any beans (OnBeanCondition)
#15 42.33 
#15 42.33    RestTemplateAutoConfiguration matched:
#15 42.33       - @ConditionalOnClass found required class 'org.springframework.web.client.RestTemplate' (OnClassCondition)
#15 42.33       - NoneNestedConditions 0 matched 1 did not; NestedCondition on NotReactiveWebApplicationCondition.ReactiveWebApplication did not find reactive web application classes (NotReactiveWebApplicationCondition)
#15 42.33 
#15 42.33    RestTemplateAutoConfiguration#restTemplateBuilder matched:
#15 42.33       - @ConditionalOnMissingBean (types: org.springframework.boot.web.client.RestTemplateBuilder; SearchStrategy: all) did not find any beans (OnBeanCondition)
#15 42.33 
#15 42.33    ServletWebServerFactoryAutoConfiguration matched:
#15 42.33       - @ConditionalOnClass found required class 'jakarta.servlet.ServletRequest' (OnClassCondition)
#15 42.33       - found 'session' scope (OnWebApplicationCondition)
#15 42.33 
#15 42.33    ServletWebServerFactoryAutoConfiguration#tomcatServletWebServerFactoryCustomizer matched:
#15 42.33       - @ConditionalOnClass found required class 'org.apache.catalina.startup.Tomcat' (OnClassCondition)
#15 42.33 
#15 42.33    ServletWebServerFactoryConfiguration.EmbeddedTomcat matched:
#15 42.33       - @ConditionalOnClass found required classes 'jakarta.servlet.Servlet', 'org.apache.catalina.startup.Tomcat', 'org.apache.coyote.UpgradeProtocol' (OnClassCondition)
#15 42.33       - @ConditionalOnMissingBean (types: org.springframework.boot.web.servlet.server.ServletWebServerFactory; SearchStrategy: current) did not find any beans (OnBeanCondition)
#15 42.33 
#15 42.33    SimpleCacheConfiguration matched:
#15 42.33       - Cache org.springframework.boot.autoconfigure.cache.SimpleCacheConfiguration automatic cache type (CacheCondition)
#15 42.33 
#15 42.33    SpringDataWebAutoConfiguration matched:
#15 42.33       - @ConditionalOnClass found required classes 'org.springframework.data.web.PageableHandlerMethodArgumentResolver', 'org.springframework.web.servlet.config.annotation.WebMvcConfigurer' (OnClassCondition)
#15 42.33       - found 'session' scope (OnWebApplicationCondition)
#15 42.33       - @ConditionalOnMissingBean (types: org.springframework.data.web.PageableHandlerMethodArgumentResolver; SearchStrategy: all) did not find any beans (OnBeanCondition)
#15 42.33 
#15 42.33    SpringDataWebAutoConfiguration#pageableCustomizer matched:
#15 42.33       - @ConditionalOnMissingBean (types: org.springframework.data.web.config.PageableHandlerMethodArgumentResolverCustomizer; SearchStrategy: all) did not find any beans (OnBeanCondition)
#15 42.33 
#15 42.33    SpringDataWebAutoConfiguration#sortCustomizer matched:
#15 42.33       - @ConditionalOnMissingBean (types: org.springframework.data.web.config.SortHandlerMethodArgumentResolverCustomizer; SearchStrategy: all) did not find any beans (OnBeanCondition)
#15 42.33 
#15 42.33    SpringDataWebAutoConfiguration#springDataWebSettings matched:
#15 42.33       - @ConditionalOnMissingBean (types: org.springframework.data.web.config.SpringDataWebSettings; SearchStrategy: all) did not find any beans (OnBeanCondition)
#15 42.33 
#15 42.33    SpringDocConfigProperties matched:
#15 42.33       - @ConditionalOnProperty (springdoc.api-docs.enabled) matched (OnPropertyCondition)
#15 42.33       - @ConditionalOnBean (types: org.springdoc.core.configuration.SpringDocConfiguration; SearchStrategy: all) found bean 'org.springdoc.core.configuration.SpringDocConfiguration' (OnBeanCondition)
#15 42.33 
#15 42.33    SpringDocConfiguration matched:
#15 42.33       - @ConditionalOnWebApplication (required) found 'session' scope (OnWebApplicationCondition)
#15 42.33       - @ConditionalOnProperty (springdoc.api-docs.enabled) matched (OnPropertyCondition)
#15 42.33 
#15 42.33    SpringDocConfiguration#fileSupportConverter matched:
#15 42.33       - @ConditionalOnMissingBean (types: org.springdoc.core.converters.FileSupportConverter; SearchStrategy: all) did not find any beans (OnBeanCondition)
#15 42.33 
#15 42.33    SpringDocConfiguration#globalOpenApiCustomizer matched:
#15 42.33       - @ConditionalOnMissingBean (types: org.springdoc.core.customizers.GlobalOpenApiCustomizer; SearchStrategy: all) did not find any beans (OnBeanCondition)
#15 42.33 
#15 42.33    SpringDocConfiguration#openAPIBuilder matched:
#15 42.33       - @ConditionalOnMissingBean (types: org.springdoc.core.service.OpenAPIService; SearchStrategy: all) did not find any beans (OnBeanCondition)
#15 42.33 
#15 42.33    SpringDocConfiguration#operationBuilder matched:
#15 42.33       - @ConditionalOnMissingBean (types: org.springdoc.core.service.OperationService; SearchStrategy: all) did not find any beans (OnBeanCondition)
#15 42.33 
#15 42.33    SpringDocConfiguration#parameterBuilder matched:
#15 42.33       - @ConditionalOnMissingBean (types: org.springdoc.core.service.GenericParameterService; SearchStrategy: all) did not find any beans (OnBeanCondition)
#15 42.33 
#15 42.33    SpringDocConfiguration#parameterObjectNamingStrategyCustomizer matched:
#15 42.33       - @ConditionalOnMissingBean (types: org.springdoc.core.customizers.ParameterObjectNamingStrategyCustomizer; SearchStrategy: all) did not find any beans (OnBeanCondition)
#15 42.33 
#15 42.33    SpringDocConfiguration#polymorphicModelConverter matched:
#15 42.33       - @ConditionalOnProperty (springdoc.model-converters.polymorphic-converter.enabled) matched (OnPropertyCondition)
#15 42.33       - @ConditionalOnMissingBean (types: org.springdoc.core.converters.PolymorphicModelConverter; SearchStrategy: all) did not find any beans (OnBeanCondition)
#15 42.33 
#15 42.33    SpringDocConfiguration#requestBodyBuilder matched:
#15 42.33       - @ConditionalOnMissingBean (types: org.springdoc.core.service.RequestBodyService; SearchStrategy: all) did not find any beans (OnBeanCondition)
#15 42.33 
#15 42.33    SpringDocConfiguration#responseSupportConverter matched:
#15 42.33       - @ConditionalOnMissingBean (types: org.springdoc.core.converters.ResponseSupportConverter; SearchStrategy: all) did not find any beans (OnBeanCondition)
#15 42.33 
#15 42.33    SpringDocConfiguration#schemaPropertyDeprecatingConverter matched:
#15 42.33       - @ConditionalOnProperty (springdoc.model-converters.deprecating-converter.enabled) matched (OnPropertyCondition)
#15 42.33       - @ConditionalOnMissingBean (types: org.springdoc.core.converters.SchemaPropertyDeprecatingConverter; SearchStrategy: all) did not find any beans (OnBeanCondition)
#15 42.33 
#15 42.33    SpringDocConfiguration#securityParser matched:
#15 42.33       - @ConditionalOnMissingBean (types: org.springdoc.core.service.SecurityService; SearchStrategy: all) did not find any beans (OnBeanCondition)
#15 42.33 
#15 42.33    SpringDocConfiguration#springDocCustomizers matched:
#15 42.33       - @ConditionalOnMissingBean (types: org.springdoc.core.customizers.SpringDocCustomizers; SearchStrategy: all) did not find any beans (OnBeanCondition)
#15 42.33 
#15 42.33    SpringDocConfiguration#springDocProviders matched:
#15 42.33       - @ConditionalOnMissingBean (types: org.springdoc.core.providers.SpringDocProviders; SearchStrategy: all) did not find any beans (OnBeanCondition)
#15 42.33 
#15 42.33    SpringDocConfiguration#springdocObjectMapperProvider matched:
#15 42.33       - @ConditionalOnMissingBean (types: org.springdoc.core.providers.ObjectMapperProvider; SearchStrategy: all) did not find any beans (OnBeanCondition)
#15 42.33 
#15 42.33    SpringDocConfiguration.QuerydslProvider matched:
#15 42.33       - @ConditionalOnClass found required class 'org.springframework.data.querydsl.binding.QuerydslBindingsFactory' (OnClassCondition)
#15 42.33 
#15 42.33    SpringDocConfiguration.QuerydslProvider#queryDslQuerydslPredicateOperationCustomizer matched:
#15 42.33       - @ConditionalOnMissingBean (types: org.springdoc.core.customizers.QuerydslPredicateOperationCustomizer; SearchStrategy: all) did not find any beans (OnBeanCondition)
#15 42.33 
#15 42.33    SpringDocConfiguration.SpringDocSpringDataWebPropertiesProvider matched:
#15 42.33       - @ConditionalOnClass found required class 'org.springframework.boot.autoconfigure.data.web.SpringDataWebProperties' (OnClassCondition)
#15 42.33 
#15 42.33    SpringDocConfiguration.SpringDocSpringDataWebPropertiesProvider#springDataWebPropertiesProvider matched:
#15 42.33       - @ConditionalOnMissingBean (types: org.springdoc.core.providers.SpringDataWebPropertiesProvider; SearchStrategy: all) did not find any beans (OnBeanCondition)
#15 42.33 
#15 42.33    SpringDocConfiguration.WebConversionServiceConfiguration matched:
#15 42.33       - @ConditionalOnClass found required class 'org.springframework.boot.autoconfigure.web.format.WebConversionService' (OnClassCondition)
#15 42.33 
#15 42.33    SpringDocPageableConfiguration matched:
#15 42.33       - @ConditionalOnClass found required class 'org.springframework.data.domain.Pageable' (OnClassCondition)
#15 42.33       - @ConditionalOnWebApplication (required) found 'session' scope (OnWebApplicationCondition)
#15 42.33       - @ConditionalOnProperty (springdoc.api-docs.enabled) matched (OnPropertyCondition)
#15 42.33       - @ConditionalOnBean (types: org.springdoc.core.configuration.SpringDocConfiguration; SearchStrategy: all) found bean 'org.springdoc.core.configuration.SpringDocConfiguration' (OnBeanCondition)
#15 42.33 
#15 42.33    SpringDocPageableConfiguration#dataRestDelegatingMethodParameterCustomizer matched:
#15 42.33       - @ConditionalOnMissingBean (types: org.springdoc.core.customizers.DataRestDelegatingMethodParameterCustomizer; SearchStrategy: all) did not find any beans (OnBeanCondition)
#15 42.33 
#15 42.33    SpringDocPageableConfiguration#pageOpenAPIConverter matched:
#15 42.33       - @ConditionalOnClass found required classes 'org.springframework.data.web.PagedModel', 'org.springframework.data.web.config.SpringDataWebSettings' (OnClassCondition)
#15 42.33       - @ConditionalOnMissingBean (types: org.springdoc.core.converters.PageOpenAPIConverter; SearchStrategy: all) did not find any beans (OnBeanCondition)
#15 42.33 
#15 42.33    SpringDocPageableConfiguration#pageableOpenAPIConverter matched:
#15 42.33       - @ConditionalOnProperty (springdoc.model-converters.pageable-converter.enabled) matched (OnPropertyCondition)
#15 42.33       - @ConditionalOnMissingBean (types: org.springdoc.core.converters.PageableOpenAPIConverter; SearchStrategy: all) did not find any beans (OnBeanCondition)
#15 42.33 
#15 42.33    SpringDocSortConfiguration matched:
#15 42.33       - @ConditionalOnClass found required class 'org.springframework.data.domain.Sort' (OnClassCondition)
#15 42.33       - @ConditionalOnWebApplication (required) found 'session' scope (OnWebApplicationCondition)
#15 42.33       - @ConditionalOnProperty (springdoc.api-docs.enabled) matched (OnPropertyCondition)
#15 42.33       - @ConditionalOnBean (types: org.springdoc.core.configuration.SpringDocConfiguration; SearchStrategy: all) found bean 'org.springdoc.core.configuration.SpringDocConfiguration' (OnBeanCondition)
#15 42.33 
#15 42.33    SpringDocSortConfiguration#sortOpenAPIConverter matched:
#15 42.33       - @ConditionalOnProperty (springdoc.sort-converter.enabled) matched (OnPropertyCondition)
#15 42.33       - @ConditionalOnMissingBean (types: org.springdoc.core.converters.SortOpenAPIConverter; SearchStrategy: all) did not find any beans (OnBeanCondition)
#15 42.33 
#15 42.33    SpringDocUIConfiguration matched:
#15 42.33       - @ConditionalOnWebApplication (required) found 'session' scope (OnWebApplicationCondition)
#15 42.33       - @ConditionalOnBean (types: org.springdoc.core.configuration.SpringDocConfiguration; SearchStrategy: all) found bean 'org.springdoc.core.configuration.SpringDocConfiguration' (OnBeanCondition)
#15 42.33 
#15 42.33    SpringDocWebMvcConfiguration matched:
#15 42.33       - found 'session' scope (OnWebApplicationCondition)
#15 42.33       - @ConditionalOnProperty (springdoc.api-docs.enabled) matched (OnPropertyCondition)
#15 42.33       - @ConditionalOnBean (types: org.springdoc.core.configuration.SpringDocConfiguration; SearchStrategy: all) found bean 'org.springdoc.core.configuration.SpringDocConfiguration' (OnBeanCondition)
#15 42.33 
#15 42.33    SpringDocWebMvcConfiguration#openApiResource matched:
#15 42.33       - @ConditionalOnExpression (#{(${springdoc.use-management-port:false} == false ) and ${springdoc.enable-default-api-docs:true}}) resulted in true (OnExpressionCondition)
#15 42.33       - @ConditionalOnMissingBean (types: org.springdoc.webmvc.api.OpenApiWebMvcResource; SearchStrategy: all) did not find any beans (OnBeanCondition)
#15 42.33 
#15 42.33    SpringDocWebMvcConfiguration#requestBuilder matched:
#15 42.33       - @ConditionalOnMissingBean (types: org.springdoc.webmvc.core.service.RequestService; SearchStrategy: all) did not find any beans (OnBeanCondition)
#15 42.33 
#15 42.33    SpringDocWebMvcConfiguration#responseBuilder matched:
#15 42.33       - @ConditionalOnMissingBean (types: org.springdoc.core.service.GenericResponseService; SearchStrategy: all) did not find any beans (OnBeanCondition)
#15 42.33 
#15 42.33    SpringDocWebMvcConfiguration#springWebProvider matched:
#15 42.33       - @ConditionalOnMissingBean (types: org.springdoc.core.providers.SpringWebProvider; SearchStrategy: all) did not find any beans (OnBeanCondition)
#15 42.33 
#15 42.33    SpringDocWebMvcConfiguration.SpringDocWebMvcRouterConfiguration matched:
#15 42.33       - @ConditionalOnClass found required class 'org.springframework.web.servlet.function.RouterFunction' (OnClassCondition)
#15 42.33 
#15 42.33    SpringDocWebMvcConfiguration.SpringDocWebMvcRouterConfiguration#routerFunctionProvider matched:
#15 42.33       - @ConditionalOnMissingBean (types: org.springdoc.webmvc.core.providers.RouterFunctionWebMvcProvider; SearchStrategy: all) did not find any beans (OnBeanCondition)
#15 42.33 
#15 42.33    SqlInitializationAutoConfiguration matched:
#15 42.33       - @ConditionalOnProperty (spring.sql.init.enabled) matched (OnPropertyCondition)
#15 42.33       - NoneNestedConditions 0 matched 1 did not; NestedCondition on SqlInitializationAutoConfiguration.SqlInitializationModeCondition.ModeIsNever @ConditionalOnProperty (spring.sql.init.mode=never) found different value in property 'mode' (SqlInitializationAutoConfiguration.SqlInitializationModeCondition)
#15 42.33 
#15 42.33    SslAutoConfiguration#sslBundleRegistry matched:
#15 42.33       - @ConditionalOnMissingBean (types: org.springframework.boot.ssl.SslBundleRegistry,org.springframework.boot.ssl.SslBundles; SearchStrategy: all) did not find any beans (OnBeanCondition)
#15 42.33 
#15 42.33    SwaggerConfig matched:
#15 42.33       - found 'session' scope (OnWebApplicationCondition)
#15 42.33       - @ConditionalOnProperty (springdoc.swagger-ui.enabled) matched (OnPropertyCondition)
#15 42.33       - @ConditionalOnBean (types: org.springdoc.core.configuration.SpringDocConfiguration; SearchStrategy: all) found bean 'org.springdoc.core.configuration.SpringDocConfiguration' (OnBeanCondition)
#15 42.33 
#15 42.33    SwaggerConfig#indexPageTransformer matched:
#15 42.33       - @ConditionalOnMissingBean (types: org.springdoc.webmvc.ui.SwaggerIndexTransformer; SearchStrategy: all) did not find any beans (OnBeanCondition)
#15 42.33 
#15 42.33    SwaggerConfig#swaggerConfigResource matched:
#15 42.33       - @ConditionalOnProperty (springdoc.use-management-port=false) matched (OnPropertyCondition)
#15 42.33       - @ConditionalOnMissingBean (types: org.springdoc.webmvc.ui.SwaggerConfigResource; SearchStrategy: all) did not find any beans (OnBeanCondition)
#15 42.33 
#15 42.33    SwaggerConfig#swaggerResourceResolver matched:
#15 42.33       - @ConditionalOnMissingBean (types: org.springdoc.webmvc.ui.SwaggerResourceResolver; SearchStrategy: all) did not find any beans (OnBeanCondition)
#15 42.33 
#15 42.33    SwaggerConfig#swaggerWebMvcConfigurer matched:
#15 42.33       - @ConditionalOnMissingBean (types: org.springdoc.webmvc.ui.SwaggerWebMvcConfigurer; SearchStrategy: all) did not find any beans (OnBeanCondition)
#15 42.33 
#15 42.33    SwaggerConfig#swaggerWelcome matched:
#15 42.33       - @ConditionalOnProperty (springdoc.use-management-port=false) matched (OnPropertyCondition)
#15 42.33       - @ConditionalOnMissingBean (types: org.springdoc.webmvc.ui.SwaggerWelcomeWebMvc; SearchStrategy: all) did not find any beans (OnBeanCondition)
#15 42.33 
#15 42.33    SwaggerUiConfigProperties matched:
#15 42.33       - @ConditionalOnProperty (springdoc.swagger-ui.enabled) matched (OnPropertyCondition)
#15 42.33       - @ConditionalOnBean (types: org.springdoc.core.configuration.SpringDocConfiguration; SearchStrategy: all) found bean 'org.springdoc.core.configuration.SpringDocConfiguration' (OnBeanCondition)
#15 42.33 
#15 42.33    SwaggerUiOAuthProperties matched:
#15 42.33       - @ConditionalOnProperty (springdoc.swagger-ui.enabled) matched (OnPropertyCondition)
#15 42.33       - @ConditionalOnBean (types: org.springdoc.core.configuration.SpringDocConfiguration; SearchStrategy: all) found bean 'org.springdoc.core.configuration.SpringDocConfiguration' (OnBeanCondition)
#15 42.33 
#15 42.33    TaskExecutionAutoConfiguration matched:
#15 42.33       - @ConditionalOnClass found required class 'org.springframework.scheduling.concurrent.ThreadPoolTaskExecutor' (OnClassCondition)
#15 42.33 
#15 42.33    TaskExecutorConfigurations.SimpleAsyncTaskExecutorBuilderConfiguration#simpleAsyncTaskExecutorBuilder matched:
#15 42.33       - @ConditionalOnMissingBean (types: org.springframework.boot.task.SimpleAsyncTaskExecutorBuilder; SearchStrategy: all) did not find any beans (OnBeanCondition)
#15 42.33       - @ConditionalOnThreading found PLATFORM (OnThreadingCondition)
#15 42.33 
#15 42.33    TaskExecutorConfigurations.TaskExecutorConfiguration matched:
#15 42.33       - @ConditionalOnMissingBean (types: java.util.concurrent.Executor; SearchStrategy: all) did not find any beans (OnBeanCondition)
#15 42.33 
#15 42.33    TaskExecutorConfigurations.TaskExecutorConfiguration#applicationTaskExecutor matched:
#15 42.33       - @ConditionalOnThreading found PLATFORM (OnThreadingCondition)
#15 42.33 
#15 42.33    TaskExecutorConfigurations.ThreadPoolTaskExecutorBuilderConfiguration#threadPoolTaskExecutorBuilder matched:
#15 42.33       - @ConditionalOnMissingBean (types: org.springframework.boot.task.ThreadPoolTaskExecutorBuilder; SearchStrategy: all) did not find any beans (OnBeanCondition)
#15 42.33 
#15 42.33    TaskSchedulingAutoConfiguration matched:
#15 42.33       - @ConditionalOnClass found required class 'org.springframework.scheduling.concurrent.ThreadPoolTaskScheduler' (OnClassCondition)
#15 42.33 
#15 42.33    TaskSchedulingConfigurations.SimpleAsyncTaskSchedulerBuilderConfiguration#simpleAsyncTaskSchedulerBuilder matched:
#15 42.33       - @ConditionalOnMissingBean (types: org.springframework.boot.task.SimpleAsyncTaskSchedulerBuilder; SearchStrategy: all) did not find any beans (OnBeanCondition)
#15 42.33       - @ConditionalOnThreading found PLATFORM (OnThreadingCondition)
#15 42.33 
#15 42.33    TaskSchedulingConfigurations.ThreadPoolTaskSchedulerBuilderConfiguration#threadPoolTaskSchedulerBuilder matched:
#15 42.33       - @ConditionalOnMissingBean (types: org.springframework.boot.task.ThreadPoolTaskSchedulerBuilder; SearchStrategy: all) did not find any beans (OnBeanCondition)
#15 42.33 
#15 42.33    TransactionAutoConfiguration matched:
#15 42.33       - @ConditionalOnClass found required class 'org.springframework.transaction.PlatformTransactionManager' (OnClassCondition)
#15 42.33 
#15 42.33    TransactionAutoConfiguration.EnableTransactionManagementConfiguration matched:
#15 42.33       - @ConditionalOnBean (types: org.springframework.transaction.TransactionManager; SearchStrategy: all) found bean 'transactionManager'; @ConditionalOnMissingBean (types: org.springframework.transaction.annotation.AbstractTransactionManagementConfiguration; SearchStrategy: all) did not find any beans (OnBeanCondition)
#15 42.33 
#15 42.33    TransactionAutoConfiguration.EnableTransactionManagementConfiguration.CglibAutoProxyConfiguration matched:
#15 42.33       - @ConditionalOnProperty (spring.aop.proxy-target-class=true) matched (OnPropertyCondition)
#15 42.33 
#15 42.33    TransactionAutoConfiguration.TransactionTemplateConfiguration matched:
#15 42.33       - @ConditionalOnSingleCandidate (types: org.springframework.transaction.PlatformTransactionManager; SearchStrategy: all) found a single bean 'transactionManager' (OnBeanCondition)
#15 42.33 
#15 42.33    TransactionAutoConfiguration.TransactionTemplateConfiguration#transactionTemplate matched:
#15 42.33       - @ConditionalOnMissingBean (types: org.springframework.transaction.support.TransactionOperations; SearchStrategy: all) did not find any beans (OnBeanCondition)
#15 42.33 
#15 42.33    TransactionManagerCustomizationAutoConfiguration matched:
#15 42.33       - @ConditionalOnClass found required class 'org.springframework.transaction.PlatformTransactionManager' (OnClassCondition)
#15 42.33 
#15 42.33    TransactionManagerCustomizationAutoConfiguration#platformTransactionManagerCustomizers matched:
#15 42.33       - @ConditionalOnMissingBean (types: org.springframework.boot.autoconfigure.transaction.TransactionManagerCustomizers; SearchStrategy: all) did not find any beans (OnBeanCondition)
#15 42.33 
#15 42.33    ValidationAutoConfiguration matched:
#15 42.33       - @ConditionalOnClass found required class 'jakarta.validation.executable.ExecutableValidator' (OnClassCondition)
#15 42.33       - @ConditionalOnResource found location classpath:META-INF/services/jakarta.validation.spi.ValidationProvider (OnResourceCondition)
#15 42.33 
#15 42.33    ValidationAutoConfiguration#defaultValidator matched:
#15 42.33       - @ConditionalOnMissingBean (types: jakarta.validation.Validator; SearchStrategy: all) did not find any beans (OnBeanCondition)
#15 42.33 
#15 42.33    ValidationAutoConfiguration#methodValidationPostProcessor matched:
#15 42.33       - @ConditionalOnMissingBean (types: org.springframework.validation.beanvalidation.MethodValidationPostProcessor; SearchStrategy: current) did not find any beans (OnBeanCondition)
#15 42.33 
#15 42.33    WebMvcAutoConfiguration matched:
#15 42.33       - @ConditionalOnClass found required classes 'jakarta.servlet.Servlet', 'org.springframework.web.servlet.DispatcherServlet', 'org.springframework.web.servlet.config.annotation.WebMvcConfigurer' (OnClassCondition)
#15 42.33       - found 'session' scope (OnWebApplicationCondition)
#15 42.33       - @ConditionalOnMissingBean (types: org.springframework.web.servlet.config.annotation.WebMvcConfigurationSupport; SearchStrategy: all) did not find any beans (OnBeanCondition)
#15 42.33 
#15 42.33    WebMvcAutoConfiguration#formContentFilter matched:
#15 42.33       - @ConditionalOnProperty (spring.mvc.formcontent.filter.enabled) matched (OnPropertyCondition)
#15 42.33       - @ConditionalOnMissingBean (types: org.springframework.web.filter.FormContentFilter; SearchStrategy: all) did not find any beans (OnBeanCondition)
#15 42.33 
#15 42.33    WebMvcAutoConfiguration.EnableWebMvcConfiguration#flashMapManager matched:
#15 42.33       - @ConditionalOnMissingBean (names: flashMapManager; SearchStrategy: all) did not find any beans (OnBeanCondition)
#15 42.33 
#15 42.33    WebMvcAutoConfiguration.EnableWebMvcConfiguration#localeResolver matched:
#15 42.33       - @ConditionalOnMissingBean (names: localeResolver; SearchStrategy: all) did not find any beans (OnBeanCondition)
#15 42.33 
#15 42.33    WebMvcAutoConfiguration.EnableWebMvcConfiguration#themeResolver matched:
#15 42.33       - @ConditionalOnMissingBean (names: themeResolver; SearchStrategy: all) did not find any beans (OnBeanCondition)
#15 42.33 
#15 42.33    WebMvcAutoConfiguration.EnableWebMvcConfiguration#viewNameTranslator matched:
#15 42.33       - @ConditionalOnMissingBean (names: viewNameTranslator; SearchStrategy: all) did not find any beans (OnBeanCondition)
#15 42.33 
#15 42.33    WebMvcAutoConfiguration.ResourceChainCustomizerConfiguration matched:
#15 42.33       - @ConditionalOnEnabledResourceChain found class org.webjars.WebJarVersionLocator (OnEnabledResourceChainCondition)
#15 42.33 
#15 42.33    WebMvcAutoConfiguration.WebMvcAutoConfigurationAdapter#defaultViewResolver matched:
#15 42.33       - @ConditionalOnMissingBean (types: org.springframework.web.servlet.view.InternalResourceViewResolver; SearchStrategy: all) did not find any beans (OnBeanCondition)
#15 42.33 
#15 42.33    WebMvcAutoConfiguration.WebMvcAutoConfigurationAdapter#requestContextFilter matched:
#15 42.33       - @ConditionalOnMissingBean (types: org.springframework.web.context.request.RequestContextListener,org.springframework.web.filter.RequestContextFilter; SearchStrategy: all) did not find any beans (OnBeanCondition)
#15 42.33 
#15 42.33    WebMvcAutoConfiguration.WebMvcAutoConfigurationAdapter#viewResolver matched:
#15 42.33       - @ConditionalOnBean (types: org.springframework.web.servlet.ViewResolver; SearchStrategy: all) found beans 'defaultViewResolver', 'beanNameViewResolver', 'mvcViewResolver'; @ConditionalOnMissingBean (names: viewResolver types: org.springframework.web.servlet.view.ContentNegotiatingViewResolver; SearchStrategy: all) did not find any beans (OnBeanCondition)
#15 42.33 
#15 42.33    WebSocketServletAutoConfiguration matched:
#15 42.33       - @ConditionalOnClass found required classes 'jakarta.servlet.Servlet', 'jakarta.websocket.server.ServerContainer' (OnClassCondition)
#15 42.33       - found 'session' scope (OnWebApplicationCondition)
#15 42.33 
#15 42.33    WebSocketServletAutoConfiguration.TomcatWebSocketConfiguration matched:
#15 42.33       - @ConditionalOnClass found required classes 'org.apache.catalina.startup.Tomcat', 'org.apache.tomcat.websocket.server.WsSci' (OnClassCondition)
#15 42.33 
#15 42.33    WebSocketServletAutoConfiguration.TomcatWebSocketConfiguration#websocketServletWebServerCustomizer matched:
#15 42.33       - @ConditionalOnMissingBean (names: websocketServletWebServerCustomizer; SearchStrategy: all) did not find any beans (OnBeanCondition)
#15 42.33 
#15 42.33 
#15 42.33 Negative matches:
#15 42.33 -----------------
#15 42.33 
#15 42.33    ActiveMQAutoConfiguration:
#15 42.33       Did not match:
#15 42.33          - @ConditionalOnClass did not find required class 'jakarta.jms.ConnectionFactory' (OnClassCondition)
#15 42.33 
#15 42.33    AopAutoConfiguration.AspectJAutoProxyingConfiguration.JdkDynamicAutoProxyConfiguration:
#15 42.33       Did not match:
#15 42.33          - @ConditionalOnProperty (spring.aop.proxy-target-class=false) did not find property 'proxy-target-class' (OnPropertyCondition)
#15 42.33 
#15 42.33    AopAutoConfiguration.ClassProxyingConfiguration:
#15 42.33       Did not match:
#15 42.33          - @ConditionalOnMissingClass found unwanted class 'org.aspectj.weaver.Advice' (OnClassCondition)
#15 42.33 
#15 42.33    ArtemisAutoConfiguration:
#15 42.33       Did not match:
#15 42.33          - @ConditionalOnClass did not find required class 'jakarta.jms.ConnectionFactory' (OnClassCondition)
#15 42.33 
#15 42.33    BatchAutoConfiguration:
#15 42.33       Did not match:
#15 42.33          - @ConditionalOnClass did not find required class 'org.springframework.batch.core.launch.JobLauncher' (OnClassCondition)
#15 42.33 
#15 42.33    Cache2kCacheConfiguration:
#15 42.33       Did not match:
#15 42.33          - @ConditionalOnClass did not find required class 'org.cache2k.Cache2kBuilder' (OnClassCondition)
#15 42.33 
#15 42.33    CacheAutoConfiguration:
#15 42.33       Did not match:
#15 42.33          - @ConditionalOnBean (types: org.springframework.cache.interceptor.CacheAspectSupport; SearchStrategy: all) did not find any beans of type org.springframework.cache.interceptor.CacheAspectSupport (OnBeanCondition)
#15 42.33       Matched:
#15 42.33          - @ConditionalOnClass found required class 'org.springframework.cache.CacheManager' (OnClassCondition)
#15 42.33 
#15 42.33    CacheAutoConfiguration.CacheManagerEntityManagerFactoryDependsOnPostProcessor:
#15 42.33       Did not match:
#15 42.33          - Ancestor org.springframework.boot.autoconfigure.cache.CacheAutoConfiguration did not match (ConditionEvaluationReport.AncestorsMatchedCondition)
#15 42.33       Matched:
#15 42.33          - @ConditionalOnClass found required class 'org.springframework.orm.jpa.LocalContainerEntityManagerFactoryBean' (OnClassCondition)
#15 42.33 
#15 42.33    CaffeineCacheConfiguration:
#15 42.33       Did not match:
#15 42.33          - @ConditionalOnClass did not find required class 'com.github.benmanes.caffeine.cache.Caffeine' (OnClassCondition)
#15 42.33 
#15 42.33    CassandraAutoConfiguration:
#15 42.33       Did not match:
#15 42.33          - @ConditionalOnClass did not find required class 'com.datastax.oss.driver.api.core.CqlSession' (OnClassCondition)
#15 42.33 
#15 42.33    CassandraDataAutoConfiguration:
#15 42.33       Did not match:
#15 42.33          - @ConditionalOnClass did not find required class 'com.datastax.oss.driver.api.core.CqlSession' (OnClassCondition)
#15 42.33 
#15 42.33    CassandraReactiveDataAutoConfiguration:
#15 42.33       Did not match:
#15 42.33          - @ConditionalOnClass did not find required class 'com.datastax.oss.driver.api.core.CqlSession' (OnClassCondition)
#15 42.33 
#15 42.33    CassandraReactiveRepositoriesAutoConfiguration:
#15 42.33       Did not match:
#15 42.33          - @ConditionalOnClass did not find required class 'org.springframework.data.cassandra.ReactiveSession' (OnClassCondition)
#15 42.33 
#15 42.33    CassandraRepositoriesAutoConfiguration:
#15 42.33       Did not match:
#15 42.33          - @ConditionalOnClass did not find required class 'com.datastax.oss.driver.api.core.CqlSession' (OnClassCondition)
#15 42.33 
#15 42.33    ClientHttpConnectorAutoConfiguration:
#15 42.33       Did not match:
#15 42.33          - @ConditionalOnClass did not find required class 'org.springframework.web.reactive.function.client.WebClient' (OnClassCondition)
#15 42.33 
#15 42.33    CodecsAutoConfiguration:
#15 42.33       Did not match:
#15 42.33          - @ConditionalOnClass did not find required class 'org.springframework.web.reactive.function.client.WebClient' (OnClassCondition)
#15 42.33 
#15 42.33    CouchbaseAutoConfiguration:
#15 42.33       Did not match:
#15 42.33          - @ConditionalOnClass did not find required class 'com.couchbase.client.java.Cluster' (OnClassCondition)
#15 42.33 
#15 42.33    CouchbaseCacheConfiguration:
#15 42.33       Did not match:
#15 42.33          - @ConditionalOnClass did not find required class 'com.couchbase.client.java.Cluster' (OnClassCondition)
#15 42.33 
#15 42.33    CouchbaseDataAutoConfiguration:
#15 42.33       Did not match:
#15 42.33          - @ConditionalOnClass did not find required class 'com.couchbase.client.java.Bucket' (OnClassCondition)
#15 42.33 
#15 42.33    CouchbaseReactiveDataAutoConfiguration:
#15 42.33       Did not match:
#15 42.33          - @ConditionalOnClass did not find required class 'com.couchbase.client.java.Cluster' (OnClassCondition)
#15 42.33 
#15 42.33    CouchbaseReactiveRepositoriesAutoConfiguration:
#15 42.33       Did not match:
#15 42.33          - @ConditionalOnClass did not find required class 'com.couchbase.client.java.Cluster' (OnClassCondition)
#15 42.33 
#15 42.33    CouchbaseRepositoriesAutoConfiguration:
#15 42.33       Did not match:
#15 42.33          - @ConditionalOnClass did not find required class 'com.couchbase.client.java.Bucket' (OnClassCondition)
#15 42.33 
#15 42.33    DataSourceAutoConfiguration.EmbeddedDatabaseConfiguration:
#15 42.33       Did not match:
#15 42.33          - EmbeddedDataSource spring.datasource.url is set (DataSourceAutoConfiguration.EmbeddedDatabaseCondition)
#15 42.33 
#15 42.33    DataSourceCheckpointRestoreConfiguration:
#15 42.33       Did not match:
#15 42.33          - @ConditionalOnClass did not find required class 'org.crac.Resource' (OnClassCondition)
#15 42.33 
#15 42.33    DataSourceConfiguration.Dbcp2:
#15 42.33       Did not match:
#15 42.33          - @ConditionalOnClass did not find required class 'org.apache.commons.dbcp2.BasicDataSource' (OnClassCondition)
#15 42.33 
#15 42.33    DataSourceConfiguration.Generic:
#15 42.33       Did not match:
#15 42.33          - @ConditionalOnProperty (spring.datasource.type) did not find property 'spring.datasource.type' (OnPropertyCondition)
#15 42.33 
#15 42.33    DataSourceConfiguration.OracleUcp:
#15 42.33       Did not match:
#15 42.33          - @ConditionalOnClass did not find required classes 'oracle.ucp.jdbc.PoolDataSourceImpl', 'oracle.jdbc.OracleConnection' (OnClassCondition)
#15 42.33 
#15 42.33    DataSourceConfiguration.Tomcat:
#15 42.33       Did not match:
#15 42.33          - @ConditionalOnClass did not find required class 'org.apache.tomcat.jdbc.pool.DataSource' (OnClassCondition)
#15 42.33 
#15 42.33    DataSourceJmxConfiguration:
#15 42.33       Did not match:
#15 42.33          - @ConditionalOnProperty (spring.jmx.enabled=true) found different value in property 'enabled' (OnPropertyCondition)
#15 42.33 
#15 42.33    DataSourcePoolMetadataProvidersConfiguration.CommonsDbcp2PoolDataSourceMetadataProviderConfiguration:
#15 42.33       Did not match:
#15 42.33          - @ConditionalOnClass did not find required class 'org.apache.commons.dbcp2.BasicDataSource' (OnClassCondition)
#15 42.33 
#15 42.33    DataSourcePoolMetadataProvidersConfiguration.OracleUcpPoolDataSourceMetadataProviderConfiguration:
#15 42.33       Did not match:
#15 42.33          - @ConditionalOnClass did not find required classes 'oracle.ucp.jdbc.PoolDataSource', 'oracle.jdbc.OracleConnection' (OnClassCondition)
#15 42.33 
#15 42.33    DataSourcePoolMetadataProvidersConfiguration.TomcatDataSourcePoolMetadataProviderConfiguration:
#15 42.33       Did not match:
#15 42.33          - @ConditionalOnClass did not find required class 'org.apache.tomcat.jdbc.pool.DataSource' (OnClassCondition)
#15 42.33 
#15 42.33    DataSourceTransactionManagerAutoConfiguration.JdbcTransactionManagerConfiguration#transactionManager:
#15 42.33       Did not match:
#15 42.33          - @ConditionalOnMissingBean (types: org.springframework.transaction.TransactionManager; SearchStrategy: all) found beans of type 'org.springframework.transaction.TransactionManager' transactionManager (OnBeanCondition)
#15 42.33 
#15 42.33    DevToolsDataSourceAutoConfiguration:
#15 42.33       Did not match:
#15 42.33          - Devtools devtools is disabled for current context. (OnEnabledDevToolsCondition)
#15 42.33       Matched:
#15 42.33          - @ConditionalOnClass found required class 'javax.sql.DataSource' (OnClassCondition)
#15 42.33 
#15 42.33    DevToolsR2dbcAutoConfiguration:
#15 42.33       Did not match:
#15 42.33          - @ConditionalOnClass did not find required class 'io.r2dbc.spi.ConnectionFactory' (OnClassCondition)
#15 42.33 
#15 42.33    DispatcherServletAutoConfiguration.DispatcherServletConfiguration#multipartResolver:
#15 42.33       Did not match:
#15 42.33          - @ConditionalOnBean (types: org.springframework.web.multipart.MultipartResolver; SearchStrategy: all) did not find any beans of type org.springframework.web.multipart.MultipartResolver (OnBeanCondition)
#15 42.33 
#15 42.33    ElasticsearchClientAutoConfiguration:
#15 42.33       Did not match:
#15 42.33          - @ConditionalOnClass did not find required class 'co.elastic.clients.elasticsearch.ElasticsearchClient' (OnClassCondition)
#15 42.33 
#15 42.33    ElasticsearchDataAutoConfiguration:
#15 42.33       Did not match:
#15 42.33          - @ConditionalOnClass did not find required class 'org.springframework.data.elasticsearch.client.elc.ElasticsearchTemplate' (OnClassCondition)
#15 42.33 
#15 42.33    ElasticsearchRepositoriesAutoConfiguration:
#15 42.33       Did not match:
#15 42.33          - @ConditionalOnClass did not find required class 'org.springframework.data.elasticsearch.repository.ElasticsearchRepository' (OnClassCondition)
#15 42.33 
#15 42.33    ElasticsearchRestClientAutoConfiguration:
#15 42.33       Did not match:
#15 42.33          - @ConditionalOnClass did not find required class 'org.elasticsearch.client.RestClientBuilder' (OnClassCondition)
#15 42.33 
#15 42.33    EmbeddedLdapAutoConfiguration:
#15 42.33       Did not match:
#15 42.33          - @ConditionalOnClass did not find required class 'com.unboundid.ldap.listener.InMemoryDirectoryServer' (OnClassCondition)
#15 42.33 
#15 42.33    EmbeddedWebServerFactoryCustomizerAutoConfiguration:
#15 42.33       Did not match:
#15 42.33          - Application is deployed as a WAR file. (OnWarDeploymentCondition)
#15 42.33       Matched:
#15 42.33          - @ConditionalOnWebApplication (required) found 'session' scope (OnWebApplicationCondition)
#15 42.33 
#15 42.33    ErrorWebFluxAutoConfiguration:
#15 42.33       Did not match:
#15 42.33          - @ConditionalOnClass did not find required class 'org.springframework.web.reactive.config.WebFluxConfigurer' (OnClassCondition)
#15 42.33 
#15 42.33    FlywayAutoConfiguration:
#15 42.33       Did not match:
#15 42.33          - @ConditionalOnClass did not find required class 'org.flywaydb.core.Flyway' (OnClassCondition)
#15 42.33 
#15 42.33    FreeMarkerAutoConfiguration:
#15 42.33       Did not match:
#15 42.33          - @ConditionalOnClass did not find required class 'freemarker.template.Configuration' (OnClassCondition)
#15 42.33 
#15 42.33    GraphQlAutoConfiguration:
#15 42.33       Did not match:
#15 42.33          - @ConditionalOnClass did not find required class 'graphql.GraphQL' (OnClassCondition)
#15 42.33 
#15 42.33    GraphQlQueryByExampleAutoConfiguration:
#15 42.33       Did not match:
#15 42.33          - @ConditionalOnClass did not find required class 'graphql.GraphQL' (OnClassCondition)
#15 42.33 
#15 42.33    GraphQlQuerydslAutoConfiguration:
#15 42.33       Did not match:
#15 42.33          - @ConditionalOnClass did not find required class 'com.querydsl.core.Query' (OnClassCondition)
#15 42.33 
#15 42.33    GraphQlRSocketAutoConfiguration:
#15 42.33       Did not match:
#15 42.33          - @ConditionalOnClass did not find required class 'graphql.GraphQL' (OnClassCondition)
#15 42.33 
#15 42.33    GraphQlReactiveQueryByExampleAutoConfiguration:
#15 42.33       Did not match:
#15 42.33          - @ConditionalOnClass did not find required class 'graphql.GraphQL' (OnClassCondition)
#15 42.33 
#15 42.33    GraphQlReactiveQuerydslAutoConfiguration:
#15 42.33       Did not match:
#15 42.33          - @ConditionalOnClass did not find required class 'com.querydsl.core.Query' (OnClassCondition)
#15 42.33 
#15 42.33    GraphQlWebFluxAutoConfiguration:
#15 42.33       Did not match:
#15 42.33          - @ConditionalOnClass did not find required class 'graphql.GraphQL' (OnClassCondition)
#15 42.33 
#15 42.33    GraphQlWebFluxSecurityAutoConfiguration:
#15 42.33       Did not match:
#15 42.33          - @ConditionalOnClass did not find required class 'graphql.GraphQL' (OnClassCondition)
#15 42.33 
#15 42.33    GraphQlWebMvcAutoConfiguration:
#15 42.33       Did not match:
#15 42.33          - @ConditionalOnClass did not find required class 'graphql.GraphQL' (OnClassCondition)
#15 42.33 
#15 42.33    GraphQlWebMvcSecurityAutoConfiguration:
#15 42.33       Did not match:
#15 42.33          - @ConditionalOnClass did not find required class 'graphql.GraphQL' (OnClassCondition)
#15 42.33 
#15 42.33    GroovyTemplateAutoConfiguration:
#15 42.33       Did not match:
#15 42.33          - @ConditionalOnClass did not find required class 'groovy.text.markup.MarkupTemplateEngine' (OnClassCondition)
#15 42.33 
#15 42.33    GsonAutoConfiguration:
#15 42.33       Did not match:
#15 42.33          - @ConditionalOnClass did not find required class 'com.google.gson.Gson' (OnClassCondition)
#15 42.33 
#15 42.33    GsonHttpMessageConvertersConfiguration:
#15 42.33       Did not match:
#15 42.33          - @ConditionalOnClass did not find required class 'com.google.gson.Gson' (OnClassCondition)
#15 42.33 
#15 42.33    H2ConsoleAutoConfiguration:
#15 42.33       Did not match:
#15 42.33          - @ConditionalOnClass did not find required class 'org.h2.server.web.JakartaWebServlet' (OnClassCondition)
#15 42.33 
#15 42.33    HazelcastAutoConfiguration:
#15 42.33       Did not match:
#15 42.33          - @ConditionalOnClass did not find required class 'com.hazelcast.core.HazelcastInstance' (OnClassCondition)
#15 42.33 
#15 42.33    HazelcastCacheConfiguration:
#15 42.33       Did not match:
#15 42.33          - @ConditionalOnClass did not find required class 'com.hazelcast.core.HazelcastInstance' (OnClassCondition)
#15 42.33 
#15 42.33    HazelcastJpaDependencyAutoConfiguration:
#15 42.33       Did not match:
#15 42.33          - @ConditionalOnClass did not find required class 'com.hazelcast.core.HazelcastInstance' (OnClassCondition)
#15 42.33 
#15 42.33    HttpHandlerAutoConfiguration:
#15 42.33       Did not match:
#15 42.33          - @ConditionalOnClass did not find required class 'org.springframework.web.reactive.DispatcherHandler' (OnClassCondition)
#15 42.33 
#15 42.33    HypermediaAutoConfiguration:
#15 42.33       Did not match:
#15 42.33          - @ConditionalOnClass did not find required class 'org.springframework.hateoas.EntityModel' (OnClassCondition)
#15 42.33 
#15 42.33    InfinispanCacheConfiguration:
#15 42.33       Did not match:
#15 42.33          - @ConditionalOnClass did not find required class 'org.infinispan.spring.embedded.provider.SpringEmbeddedCacheManager' (OnClassCondition)
#15 42.33 
#15 42.33    IntegrationAutoConfiguration:
#15 42.33       Did not match:
#15 42.33          - @ConditionalOnClass did not find required class 'org.springframework.integration.config.EnableIntegration' (OnClassCondition)
#15 42.33 
#15 42.33    JCacheCacheConfiguration:
#15 42.33       Did not match:
#15 42.33          - @ConditionalOnClass did not find required class 'javax.cache.Caching' (OnClassCondition)
#15 42.33 
#15 42.33    JacksonHttpMessageConvertersConfiguration.MappingJackson2XmlHttpMessageConverterConfiguration:
#15 42.33       Did not match:
#15 42.33          - @ConditionalOnClass did not find required class 'com.fasterxml.jackson.dataformat.xml.XmlMapper' (OnClassCondition)
#15 42.33 
#15 42.33    JdbcRepositoriesAutoConfiguration:
#15 42.33       Did not match:
#15 42.33          - @ConditionalOnClass did not find required class 'org.springframework.data.jdbc.repository.config.AbstractJdbcConfiguration' (OnClassCondition)
#15 42.33 
#15 42.33    JerseyAutoConfiguration:
#15 42.33       Did not match:
#15 42.33          - @ConditionalOnClass did not find required class 'org.glassfish.jersey.server.spring.SpringComponentProvider' (OnClassCondition)
#15 42.33 
#15 42.33    JmsAutoConfiguration:
#15 42.33       Did not match:
#15 42.33          - @ConditionalOnClass did not find required class 'jakarta.jms.Message' (OnClassCondition)
#15 42.33 
#15 42.33    JmxAutoConfiguration:
#15 42.33       Did not match:
#15 42.33          - @ConditionalOnProperty (spring.jmx.enabled=true) found different value in property 'enabled' (OnPropertyCondition)
#15 42.33       Matched:
#15 42.33          - @ConditionalOnClass found required class 'org.springframework.jmx.export.MBeanExporter' (OnClassCondition)
#15 42.33 
#15 42.33    JndiConnectionFactoryAutoConfiguration:
#15 42.33       Did not match:
#15 42.33          - @ConditionalOnClass did not find required class 'org.springframework.jms.core.JmsTemplate' (OnClassCondition)
#15 42.33 
#15 42.33    JndiDataSourceAutoConfiguration:
#15 42.33       Did not match:
#15 42.33          - @ConditionalOnProperty (spring.datasource.jndi-name) did not find property 'jndi-name' (OnPropertyCondition)
#15 42.33       Matched:
#15 42.33          - @ConditionalOnClass found required classes 'javax.sql.DataSource', 'org.springframework.jdbc.datasource.embedded.EmbeddedDatabaseType' (OnClassCondition)
#15 42.33 
#15 42.33    JndiJtaConfiguration:
#15 42.33       Did not match:
#15 42.33          - @ConditionalOnJndi JNDI environment is not available (OnJndiCondition)
#15 42.33       Matched:
#15 42.33          - @ConditionalOnClass found required class 'org.springframework.transaction.jta.JtaTransactionManager' (OnClassCondition)
#15 42.33 
#15 42.33    JooqAutoConfiguration:
#15 42.33       Did not match:
#15 42.33          - @ConditionalOnClass did not find required class 'org.jooq.DSLContext' (OnClassCondition)
#15 42.33 
#15 42.33    JpaRepositoriesAutoConfiguration#entityManagerFactoryBootstrapExecutorCustomizer:
#15 42.33       Did not match:
#15 42.33          - AnyNestedCondition 0 matched 2 did not; NestedCondition on JpaRepositoriesAutoConfiguration.BootstrapExecutorCondition.LazyBootstrapMode @ConditionalOnProperty (spring.data.jpa.repositories.bootstrap-mode=lazy) did not find property 'bootstrap-mode'; NestedCondition on JpaRepositoriesAutoConfiguration.BootstrapExecutorCondition.DeferredBootstrapMode @ConditionalOnProperty (spring.data.jpa.repositories.bootstrap-mode=deferred) did not find property 'bootstrap-mode' (JpaRepositoriesAutoConfiguration.BootstrapExecutorCondition)
#15 42.33 
#15 42.33    JsonbAutoConfiguration:
#15 42.33       Did not match:
#15 42.33          - @ConditionalOnClass did not find required class 'jakarta.json.bind.Jsonb' (OnClassCondition)
#15 42.33 
#15 42.33    JsonbHttpMessageConvertersConfiguration:
#15 42.33       Did not match:
#15 42.33          - @ConditionalOnClass did not find required class 'jakarta.json.bind.Jsonb' (OnClassCondition)
#15 42.33 
#15 42.33    KafkaAutoConfiguration:
#15 42.33       Did not match:
#15 42.33          - @ConditionalOnClass did not find required class 'org.springframework.kafka.core.KafkaTemplate' (OnClassCondition)
#15 42.33 
#15 42.33    LdapAutoConfiguration:
#15 42.33       Did not match:
#15 42.33          - @ConditionalOnClass did not find required class 'org.springframework.ldap.core.ContextSource' (OnClassCondition)
#15 42.33 
#15 42.33    LdapRepositoriesAutoConfiguration:
#15 42.33       Did not match:
#15 42.33          - @ConditionalOnClass did not find required class 'org.springframework.data.ldap.repository.LdapRepository' (OnClassCondition)
#15 42.33 
#15 42.33    LiquibaseAutoConfiguration:
#15 42.33       Did not match:
#15 42.33          - @ConditionalOnClass did not find required class 'liquibase.change.DatabaseChange' (OnClassCondition)
#15 42.33 
#15 42.33    LocalDevToolsAutoConfiguration:
#15 42.33       Did not match:
#15 42.33          - Initialized Restarter Condition initialized without URLs (OnInitializedRestarterCondition)
#15 42.33 
#15 42.33    MailSenderAutoConfiguration:
#15 42.33       Did not match:
#15 42.33          - @ConditionalOnClass did not find required class 'jakarta.mail.internet.MimeMessage' (OnClassCondition)
#15 42.33 
#15 42.33    MailSenderValidatorAutoConfiguration:
#15 42.33       Did not match:
#15 42.33          - @ConditionalOnSingleCandidate did not find required type 'org.springframework.mail.javamail.JavaMailSenderImpl' (OnBeanCondition)
#15 42.33 
#15 42.33    MessageSourceAutoConfiguration:
#15 42.33       Did not match:
#15 42.33          - ResourceBundle did not find bundle with basename messages (MessageSourceAutoConfiguration.ResourceBundleCondition)
#15 42.33 
#15 42.33    MongoAutoConfiguration:
#15 42.33       Did not match:
#15 42.33          - @ConditionalOnClass did not find required class 'com.mongodb.client.MongoClient' (OnClassCondition)
#15 42.33 
#15 42.33    MongoDataAutoConfiguration:
#15 42.33       Did not match:
#15 42.33          - @ConditionalOnClass did not find required class 'com.mongodb.client.MongoClient' (OnClassCondition)
#15 42.33 
#15 42.33    MongoReactiveAutoConfiguration:
#15 42.33       Did not match:
#15 42.33          - @ConditionalOnClass did not find required class 'com.mongodb.reactivestreams.client.MongoClient' (OnClassCondition)
#15 42.33 
#15 42.33    MongoReactiveDataAutoConfiguration:
#15 42.33       Did not match:
#15 42.33          - @ConditionalOnClass did not find required class 'com.mongodb.reactivestreams.client.MongoClient' (OnClassCondition)
#15 42.33 
#15 42.33    MongoReactiveRepositoriesAutoConfiguration:
#15 42.33       Did not match:
#15 42.33          - @ConditionalOnClass did not find required class 'com.mongodb.reactivestreams.client.MongoClient' (OnClassCondition)
#15 42.33 
#15 42.33    MongoRepositoriesAutoConfiguration:
#15 42.33       Did not match:
#15 42.33          - @ConditionalOnClass did not find required class 'com.mongodb.client.MongoClient' (OnClassCondition)
#15 42.33 
#15 42.33    MultipleOpenApiSupportConfiguration:
#15 42.33       Did not match:
#15 42.33          - AnyNestedCondition 0 matched 2 did not; NestedCondition on MultipleOpenApiSupportCondition.OnActuatorDifferentPort @ConditionalOnProperty (springdoc.show-actuator) did not find property 'springdoc.show-actuator'; NestedCondition on MultipleOpenApiSupportCondition.OnMultipleOpenApiSupportCondition AnyNestedCondition 0 matched 3 did not; NestedCondition on MultipleOpenApiGroupsCondition.OnListGroupedOpenApiBean @ConditionalOnBean (types: org.springdoc.core.models.GroupedOpenApi; SearchStrategy: all) did not find any beans of type org.springdoc.core.models.GroupedOpenApi; NestedCondition on MultipleOpenApiGroupsCondition.OnGroupConfigProperty @ConditionalOnProperty (springdoc.group-configs[0].group) did not find property 'springdoc.group-configs[0].group'; NestedCondition on MultipleOpenApiGroupsCondition.OnGroupedOpenApiBean @ConditionalOnBean (types: org.springdoc.core.models.GroupedOpenApi; SearchStrategy: all) did not find any beans of type org.springdoc.core.models.GroupedOpenApi (MultipleOpenApiSupportCondition)
#15 42.33       Matched:
#15 42.33          - found 'session' scope (OnWebApplicationCondition)
#15 42.33          - @ConditionalOnProperty (springdoc.api-docs.enabled) matched (OnPropertyCondition)
#15 42.33 
#15 42.33    MultipleOpenApiSupportConfiguration.SpringDocWebMvcActuatorDifferentConfiguration:
#15 42.33       Did not match:
#15 42.33          - @ConditionalOnClass did not find required class 'org.springframework.boot.actuate.endpoint.web.servlet.WebMvcEndpointHandlerMapping' (OnClassCondition)
#15 42.33          - Ancestor org.springdoc.webmvc.core.configuration.MultipleOpenApiSupportConfiguration did not match (ConditionEvaluationReport.AncestorsMatchedCondition)
#15 42.33 
#15 42.33    MustacheAutoConfiguration:
#15 42.33       Did not match:
#15 42.33          - @ConditionalOnClass did not find required class 'com.samskivert.mustache.Mustache' (OnClassCondition)
#15 42.33 
#15 42.33    Neo4jAutoConfiguration:
#15 42.33       Did not match:
#15 42.33          - @ConditionalOnClass did not find required class 'org.neo4j.driver.Driver' (OnClassCondition)
#15 42.33 
#15 42.33    Neo4jDataAutoConfiguration:
#15 42.33       Did not match:
#15 42.33          - @ConditionalOnClass did not find required class 'org.neo4j.driver.Driver' (OnClassCondition)
#15 42.33 
#15 42.33    Neo4jReactiveDataAutoConfiguration:
#15 42.33       Did not match:
#15 42.33          - @ConditionalOnClass did not find required class 'org.neo4j.driver.Driver' (OnClassCondition)
#15 42.33 
#15 42.33    Neo4jReactiveRepositoriesAutoConfiguration:
#15 42.33       Did not match:
#15 42.33          - @ConditionalOnClass did not find required class 'org.neo4j.driver.Driver' (OnClassCondition)
#15 42.33 
#15 42.33    Neo4jRepositoriesAutoConfiguration:
#15 42.33       Did not match:
#15 42.33          - @ConditionalOnClass did not find required class 'org.neo4j.driver.Driver' (OnClassCondition)
#15 42.33 
#15 42.33    NettyAutoConfiguration:
#15 42.33       Did not match:
#15 42.33          - @ConditionalOnClass did not find required class 'io.netty.util.NettyRuntime' (OnClassCondition)
#15 42.33 
#15 42.33    OAuth2AuthorizationServerAutoConfiguration:
#15 42.33       Did not match:
#15 42.33          - @ConditionalOnClass did not find required class 'org.springframework.security.oauth2.server.authorization.OAuth2Authorization' (OnClassCondition)
#15 42.33 
#15 42.33    OAuth2AuthorizationServerJwtAutoConfiguration:
#15 42.33       Did not match:
#15 42.33          - @ConditionalOnClass did not find required class 'com.nimbusds.jose.jwk.source.JWKSource' (OnClassCondition)
#15 42.33 
#15 42.33    OAuth2ClientAutoConfiguration:
#15 42.33       Did not match:
#15 42.33          - @ConditionalOnClass did not find required class 'org.springframework.security.config.annotation.web.configuration.EnableWebSecurity' (OnClassCondition)
#15 42.33 
#15 42.33    OAuth2ResourceServerAutoConfiguration:
#15 42.33       Did not match:
#15 42.33          - @ConditionalOnClass did not find required class 'org.springframework.security.oauth2.server.resource.authentication.BearerTokenAuthenticationToken' (OnClassCondition)
#15 42.33 
#15 42.33    ProjectInfoAutoConfiguration#buildProperties:
#15 42.33       Did not match:
#15 42.33          - @ConditionalOnResource did not find resource '${spring.info.build.location:classpath:META-INF/build-info.properties}' (OnResourceCondition)
#15 42.33 
#15 42.33    ProjectInfoAutoConfiguration#gitProperties:
#15 42.33       Did not match:
#15 42.33          - GitResource did not find git info at classpath:git.properties (ProjectInfoAutoConfiguration.GitResourceAvailableCondition)
#15 42.33 
#15 42.33    PulsarAutoConfiguration:
#15 42.33       Did not match:
#15 42.33          - @ConditionalOnClass did not find required class 'org.apache.pulsar.client.api.PulsarClient' (OnClassCondition)
#15 42.33 
#15 42.33    PulsarReactiveAutoConfiguration:
#15 42.33       Did not match:
#15 42.33          - @ConditionalOnClass did not find required class 'org.apache.pulsar.client.api.PulsarClient' (OnClassCondition)
#15 42.33 
#15 42.33    QuartzAutoConfiguration:
#15 42.33       Did not match:
#15 42.33          - @ConditionalOnClass did not find required class 'org.quartz.Scheduler' (OnClassCondition)
#15 42.33 
#15 42.33    R2dbcAutoConfiguration:
#15 42.33       Did not match:
#15 42.33          - @ConditionalOnClass did not find required class 'io.r2dbc.spi.ConnectionFactory' (OnClassCondition)
#15 42.33 
#15 42.33    R2dbcDataAutoConfiguration:
#15 42.33       Did not match:
#15 42.33          - @ConditionalOnClass did not find required class 'org.springframework.data.r2dbc.core.R2dbcEntityTemplate' (OnClassCondition)
#15 42.33 
#15 42.33    R2dbcInitializationConfiguration:
#15 42.33       Did not match:
#15 42.33          - @ConditionalOnClass did not find required classes 'io.r2dbc.spi.ConnectionFactory', 'org.springframework.r2dbc.connection.init.DatabasePopulator' (OnClassCondition)
#15 42.33 
#15 42.33    R2dbcProxyAutoConfiguration:
#15 42.33       Did not match:
#15 42.33          - @ConditionalOnClass did not find required class 'io.r2dbc.proxy.ProxyConnectionFactory' (OnClassCondition)
#15 42.33 
#15 42.33    R2dbcRepositoriesAutoConfiguration:
#15 42.33       Did not match:
#15 42.33          - @ConditionalOnClass did not find required class 'io.r2dbc.spi.ConnectionFactory' (OnClassCondition)
#15 42.33 
#15 42.33    R2dbcTransactionManagerAutoConfiguration:
#15 42.33       Did not match:
#15 42.33          - @ConditionalOnClass did not find required class 'org.springframework.r2dbc.connection.R2dbcTransactionManager' (OnClassCondition)
#15 42.33 
#15 42.33    RSocketGraphQlClientAutoConfiguration:
#15 42.33       Did not match:
#15 42.33          - @ConditionalOnClass did not find required class 'graphql.GraphQL' (OnClassCondition)
#15 42.33 
#15 42.33    RSocketMessagingAutoConfiguration:
#15 42.33       Did not match:
#15 42.33          - @ConditionalOnClass did not find required class 'io.rsocket.RSocket' (OnClassCondition)
#15 42.33 
#15 42.33    RSocketRequesterAutoConfiguration:
#15 42.33       Did not match:
#15 42.33          - @ConditionalOnClass did not find required class 'io.rsocket.RSocket' (OnClassCondition)
#15 42.33 
#15 42.33    RSocketSecurityAutoConfiguration:
#15 42.33       Did not match:
#15 42.33          - @ConditionalOnClass did not find required class 'org.springframework.security.rsocket.core.SecuritySocketAcceptorInterceptor' (OnClassCondition)
#15 42.33 
#15 42.33    RSocketServerAutoConfiguration:
#15 42.33       Did not match:
#15 42.33          - @ConditionalOnClass did not find required class 'io.rsocket.core.RSocketServer' (OnClassCondition)
#15 42.33 
#15 42.33    RSocketStrategiesAutoConfiguration:
#15 42.33       Did not match:
#15 42.33          - @ConditionalOnClass did not find required class 'io.netty.buffer.PooledByteBufAllocator' (OnClassCondition)
#15 42.33 
#15 42.33    RabbitAutoConfiguration:
#15 42.33       Did not match:
#15 42.33          - @ConditionalOnClass did not find required class 'com.rabbitmq.client.Channel' (OnClassCondition)
#15 42.33 
#15 42.33    ReactiveElasticsearchClientAutoConfiguration:
#15 42.33       Did not match:
#15 42.33          - @ConditionalOnClass did not find required class 'co.elastic.clients.transport.ElasticsearchTransport' (OnClassCondition)
#15 42.33 
#15 42.33    ReactiveElasticsearchRepositoriesAutoConfiguration:
#15 42.33       Did not match:
#15 42.33          - @ConditionalOnClass did not find required class 'reactor.core.publisher.Mono' (OnClassCondition)
#15 42.33 
#15 42.33    ReactiveMultipartAutoConfiguration:
#15 42.33       Did not match:
#15 42.33          - @ConditionalOnClass did not find required class 'org.springframework.web.reactive.config.WebFluxConfigurer' (OnClassCondition)
#15 42.33 
#15 42.33    ReactiveOAuth2ClientAutoConfiguration:
#15 42.33       Did not match:
#15 42.33          - @ConditionalOnClass did not find required class 'reactor.core.publisher.Flux' (OnClassCondition)
#15 42.33 
#15 42.33    ReactiveOAuth2ResourceServerAutoConfiguration:
#15 42.33       Did not match:
#15 42.33          - @ConditionalOnClass did not find required class 'org.springframework.security.config.annotation.web.reactive.EnableWebFluxSecurity' (OnClassCondition)
#15 42.33 
#15 42.33    ReactiveSecurityAutoConfiguration:
#15 42.33       Did not match:
#15 42.33          - @ConditionalOnClass did not find required class 'reactor.core.publisher.Flux' (OnClassCondition)
#15 42.33 
#15 42.33    ReactiveUserDetailsServiceAutoConfiguration:
#15 42.33       Did not match:
#15 42.33          - @ConditionalOnClass did not find required class 'org.springframework.security.authentication.ReactiveAuthenticationManager' (OnClassCondition)
#15 42.33 
#15 42.33    ReactiveWebServerFactoryAutoConfiguration:
#15 42.33       Did not match:
#15 42.33          - @ConditionalOnWebApplication did not find reactive web application classes (OnWebApplicationCondition)
#15 42.33 
#15 42.33    ReactorAutoConfiguration:
#15 42.33       Did not match:
#15 42.33          - @ConditionalOnClass did not find required class 'reactor.core.publisher.Hooks' (OnClassCondition)
#15 42.33 
#15 42.33    RedisAutoConfiguration:
#15 42.33       Did not match:
#15 42.33          - @ConditionalOnClass did not find required class 'org.springframework.data.redis.core.RedisOperations' (OnClassCondition)
#15 42.33 
#15 42.33    RedisCacheConfiguration:
#15 42.33       Did not match:
#15 42.33          - @ConditionalOnClass did not find required class 'org.springframework.data.redis.connection.RedisConnectionFactory' (OnClassCondition)
#15 42.33 
#15 42.33    RedisReactiveAutoConfiguration:
#15 42.33       Did not match:
#15 42.33          - @ConditionalOnClass did not find required class 'reactor.core.publisher.Flux' (OnClassCondition)
#15 42.33 
#15 42.33    RedisRepositoriesAutoConfiguration:
#15 42.33       Did not match:
#15 42.33          - @ConditionalOnClass did not find required class 'org.springframework.data.redis.repository.configuration.EnableRedisRepositories' (OnClassCondition)
#15 42.33 
#15 42.33    RemoteDevToolsAutoConfiguration:
#15 42.33       Did not match:
#15 42.33          - @ConditionalOnProperty (spring.devtools.remote.secret) did not find property 'secret' (OnPropertyCondition)
#15 42.33       Matched:
#15 42.33          - @ConditionalOnClass found required classes 'jakarta.servlet.Filter', 'org.springframework.http.server.ServerHttpRequest' (OnClassCondition)
#15 42.33 
#15 42.33    RepositoryRestMvcAutoConfiguration:
#15 42.33       Did not match:
#15 42.33          - @ConditionalOnClass did not find required class 'org.springframework.data.rest.webmvc.config.RepositoryRestMvcConfiguration' (OnClassCondition)
#15 42.33 
#15 42.33    Saml2RelyingPartyAutoConfiguration:
#15 42.33       Did not match:
#15 42.33          - @ConditionalOnClass did not find required class 'org.springframework.security.saml2.provider.service.registration.RelyingPartyRegistrationRepository' (OnClassCondition)
#15 42.33 
#15 42.33    SecurityAutoConfiguration:
#15 42.33       Did not match:
#15 42.33          - @ConditionalOnClass did not find required class 'org.springframework.security.authentication.DefaultAuthenticationEventPublisher' (OnClassCondition)
#15 42.33 
#15 42.33    SecurityFilterAutoConfiguration:
#15 42.33       Did not match:
#15 42.33          - @ConditionalOnClass did not find required class 'org.springframework.security.config.http.SessionCreationPolicy' (OnClassCondition)
#15 42.33 
#15 42.33    SendGridAutoConfiguration:
#15 42.33       Did not match:
#15 42.33          - @ConditionalOnClass did not find required class 'com.sendgrid.SendGrid' (OnClassCondition)
#15 42.33 
#15 42.33    ServletWebServerFactoryAutoConfiguration.ForwardedHeaderFilterConfiguration:
#15 42.33       Did not match:
#15 42.33          - @ConditionalOnProperty (server.forward-headers-strategy=framework) did not find property 'server.forward-headers-strategy' (OnPropertyCondition)
#15 42.33 
#15 42.33    ServletWebServerFactoryConfiguration.EmbeddedJetty:
#15 42.33       Did not match:
#15 42.33          - @ConditionalOnClass did not find required classes 'org.eclipse.jetty.server.Server', 'org.eclipse.jetty.util.Loader', 'org.eclipse.jetty.ee10.webapp.WebAppContext' (OnClassCondition)
#15 42.33 
#15 42.33    ServletWebServerFactoryConfiguration.EmbeddedUndertow:
#15 42.33       Did not match:
#15 42.33          - @ConditionalOnClass did not find required classes 'io.undertow.Undertow', 'org.xnio.SslClientAuthMode' (OnClassCondition)
#15 42.33 
#15 42.33    SessionAutoConfiguration:
#15 42.33       Did not match:
#15 42.33          - @ConditionalOnClass did not find required class 'org.springframework.session.Session' (OnClassCondition)
#15 42.33 
#15 42.33    SpringApplicationAdminJmxAutoConfiguration:
#15 42.33       Did not match:
#15 42.33          - @ConditionalOnProperty (spring.application.admin.enabled=true) did not find property 'enabled' (OnPropertyCondition)
#15 42.33 
#15 42.33    SpringDocConfiguration#propertiesResolverForSchema:
#15 42.33       Did not match:
#15 42.33          - @ConditionalOnProperty (springdoc.api-docs.resolve-schema-properties) did not find property 'springdoc.api-docs.resolve-schema-properties' (OnPropertyCondition)
#15 42.33 
#15 42.33    SpringDocConfiguration#propertyCustomizingConverter:
#15 42.33       Did not match:
#15 42.33          - @ConditionalOnBean (types: org.springdoc.core.customizers.PropertyCustomizer; SearchStrategy: all) did not find any beans of type org.springdoc.core.customizers.PropertyCustomizer (OnBeanCondition)
#15 42.33 
#15 42.33    SpringDocConfiguration#springdocBeanFactoryPostProcessor:
#15 42.33       Did not match:
#15 42.33          - AnyNestedCondition 0 matched 2 did not; NestedCondition on CacheOrGroupedOpenApiCondition.OnCacheDisabled found non-matching nested conditions @ConditionalOnProperty (springdoc.cache.disabled) did not find property 'springdoc.cache.disabled'; NestedCondition on CacheOrGroupedOpenApiCondition.OnMultipleOpenApiSupportCondition AnyNestedCondition 0 matched 2 did not; NestedCondition on MultipleOpenApiSupportCondition.OnActuatorDifferentPort @ConditionalOnProperty (springdoc.show-actuator) did not find property 'springdoc.show-actuator'; NestedCondition on MultipleOpenApiSupportCondition.OnMultipleOpenApiSupportCondition AnyNestedCondition 0 matched 3 did not; NestedCondition on MultipleOpenApiGroupsCondition.OnListGroupedOpenApiBean @ConditionalOnBean (types: org.springdoc.core.models.GroupedOpenApi; SearchStrategy: all) did not find any beans of type org.springdoc.core.models.GroupedOpenApi; NestedCondition on MultipleOpenApiGroupsCondition.OnGroupConfigProperty @ConditionalOnProperty (springdoc.group-configs[0].group) did not find property 'springdoc.group-configs[0].group'; NestedCondition on MultipleOpenApiGroupsCondition.OnGroupedOpenApiBean @ConditionalOnBean (types: org.springdoc.core.models.GroupedOpenApi; SearchStrategy: all) did not find any beans of type org.springdoc.core.models.GroupedOpenApi (CacheOrGroupedOpenApiCondition)
#15 42.33       Matched:
#15 42.33          - @ConditionalOnClass found required class 'org.springframework.boot.context.properties.bind.BindResult' (OnClassCondition)
#15 42.33 
#15 42.33    SpringDocConfiguration#springdocBeanFactoryPostProcessor2:
#15 42.33       Did not match:
#15 42.33          - @ConditionalOnMissingClass found unwanted class 'org.springframework.boot.context.properties.bind.BindResult' (OnClassCondition)
#15 42.33 
#15 42.33    SpringDocConfiguration.SpringDocActuatorConfiguration:
#15 42.33       Did not match:
#15 42.33          - @ConditionalOnClass did not find required class 'org.springframework.boot.actuate.autoconfigure.endpoint.web.WebEndpointProperties' (OnClassCondition)
#15 42.33 
#15 42.33    SpringDocConfiguration.SpringDocRepositoryRestConfiguration:
#15 42.33       Did not match:
#15 42.33          - @ConditionalOnClass did not find required class 'org.springframework.data.rest.core.config.RepositoryRestConfiguration' (OnClassCondition)
#15 42.33 
#15 42.33    SpringDocConfiguration.SpringDocWebFluxSupportConfiguration:
#15 42.33       Did not match:
#15 42.33          - @ConditionalOnClass did not find required class 'reactor.core.publisher.Flux' (OnClassCondition)
#15 42.33 
#15 42.33    SpringDocDataRestConfiguration:
#15 42.33       Did not match:
#15 42.33          - @ConditionalOnClass did not find required class 'org.springframework.data.rest.core.config.RepositoryRestConfiguration' (OnClassCondition)
#15 42.33 
#15 42.33    SpringDocFunctionCatalogConfiguration:
#15 42.33       Did not match:
#15 42.33          - @ConditionalOnClass did not find required class 'org.springframework.cloud.function.web.function.FunctionEndpointInitializer' (OnClassCondition)
#15 42.33 
#15 42.33    SpringDocGroovyConfiguration:
#15 42.33       Did not match:
#15 42.33          - @ConditionalOnClass did not find required class 'groovy.lang.MetaClass' (OnClassCondition)
#15 42.33 
#15 42.33    SpringDocHateoasConfiguration:
#15 42.33       Did not match:
#15 42.33          - @ConditionalOnClass did not find required class 'org.springframework.hateoas.server.LinkRelationProvider' (OnClassCondition)
#15 42.33 
#15 42.33    SpringDocJacksonKotlinModuleConfiguration:
#15 42.33       Did not match:
#15 42.33          - @ConditionalOnClass did not find required class 'com.fasterxml.jackson.module.kotlin.KotlinModule' (OnClassCondition)
#15 42.33 
#15 42.33    SpringDocJavadocConfiguration:
#15 42.33       Did not match:
#15 42.33          - @ConditionalOnClass did not find required class 'com.github.therapi.runtimejavadoc.CommentFormatter' (OnClassCondition)
#15 42.33 
#15 42.33    SpringDocKotlinConfiguration:
#15 42.33       Did not match:
#15 42.33          - @ConditionalOnClass did not find required class 'kotlin.coroutines.Continuation' (OnClassCondition)
#15 42.33 
#15 42.33    SpringDocKotlinxConfiguration:
#15 42.33       Did not match:
#15 42.33          - @ConditionalOnClass did not find required class 'kotlinx.coroutines.flow.Flow' (OnClassCondition)
#15 42.33 
#15 42.33    SpringDocSecurityConfiguration:
#15 42.33       Did not match:
#15 42.33          - @ConditionalOnClass did not find required class 'org.springframework.security.web.SecurityFilterChain' (OnClassCondition)
#15 42.33 
#15 42.33    SpringDocSortConfiguration#dataRestDelegatingMethodParameterCustomizer:
#15 42.33       Did not match:
#15 42.33          - @ConditionalOnMissingBean (types: org.springdoc.core.customizers.DataRestDelegatingMethodParameterCustomizer; SearchStrategy: all) found beans of type 'org.springdoc.core.customizers.DataRestDelegatingMethodParameterCustomizer' dataRestDelegatingMethodParameterCustomizer (OnBeanCondition)
#15 42.33 
#15 42.33    SpringDocWebMvcConfiguration.SpringDocWebMvcActuatorConfiguration:
#15 42.33       Did not match:
#15 42.33          - @ConditionalOnClass did not find required class 'org.springframework.boot.actuate.endpoint.web.servlet.WebMvcEndpointHandlerMapping' (OnClassCondition)
#15 42.33 
#15 42.33    SwaggerConfig#springWebProvider:
#15 42.33       Did not match:
#15 42.33          - @ConditionalOnMissingBean (types: org.springdoc.core.providers.SpringWebProvider; SearchStrategy: all) found beans of type 'org.springdoc.core.providers.SpringWebProvider' springWebProvider (OnBeanCondition)
#15 42.33 
#15 42.33    SwaggerConfig#swaggerUiHome:
#15 42.33       Did not match:
#15 42.33          - @ConditionalOnProperty (springdoc.swagger-ui.use-root-path=true) did not find property 'springdoc.swagger-ui.use-root-path' (OnPropertyCondition)
#15 42.33 
#15 42.33    SwaggerConfig.SwaggerActuatorWelcomeConfiguration:
#15 42.33       Did not match:
#15 42.33          - @ConditionalOnClass did not find required class 'org.springframework.boot.actuate.endpoint.web.servlet.WebMvcEndpointHandlerMapping' (OnClassCondition)
#15 42.33 
#15 42.33    TaskExecutorConfigurations.SimpleAsyncTaskExecutorBuilderConfiguration#simpleAsyncTaskExecutorBuilderVirtualThreads:
#15 42.33       Did not match:
#15 42.33          - @ConditionalOnMissingBean (types: org.springframework.boot.task.SimpleAsyncTaskExecutorBuilder; SearchStrategy: all) found beans of type 'org.springframework.boot.task.SimpleAsyncTaskExecutorBuilder' simpleAsyncTaskExecutorBuilder (OnBeanCondition)
#15 42.33 
#15 42.33    TaskExecutorConfigurations.TaskExecutorConfiguration#applicationTaskExecutorVirtualThreads:
#15 42.33       Did not match:
#15 42.33          - @ConditionalOnThreading did not find VIRTUAL (OnThreadingCondition)
#15 42.33 
#15 42.33    TaskSchedulingAutoConfiguration#scheduledBeanLazyInitializationExcludeFilter:
#15 42.33       Did not match:
#15 42.33          - @ConditionalOnBean (names: org.springframework.context.annotation.internalScheduledAnnotationProcessor; SearchStrategy: all) did not find any beans named org.springframework.context.annotation.internalScheduledAnnotationProcessor (OnBeanCondition)
#15 42.33 
#15 42.33    TaskSchedulingConfigurations.SimpleAsyncTaskSchedulerBuilderConfiguration#simpleAsyncTaskSchedulerBuilderVirtualThreads:
#15 42.33       Did not match:
#15 42.33          - @ConditionalOnMissingBean (types: org.springframework.boot.task.SimpleAsyncTaskSchedulerBuilder; SearchStrategy: all) found beans of type 'org.springframework.boot.task.SimpleAsyncTaskSchedulerBuilder' simpleAsyncTaskSchedulerBuilder (OnBeanCondition)
#15 42.33 
#15 42.33    TaskSchedulingConfigurations.TaskSchedulerConfiguration:
#15 42.35       Did not match:
#15 42.35          - @ConditionalOnBean (names: org.springframework.context.annotation.internalScheduledAnnotationProcessor; SearchStrategy: all) did not find any beans named org.springframework.context.annotation.internalScheduledAnnotationProcessor (OnBeanCondition)
#15 42.35 
#15 42.35    ThymeleafAutoConfiguration:
#15 42.35       Did not match:
#15 42.35          - @ConditionalOnClass did not find required class 'org.thymeleaf.spring6.SpringTemplateEngine' (OnClassCondition)
#15 42.35 
#15 42.35    TransactionAutoConfiguration#transactionalOperator:
#15 42.35       Did not match:
#15 42.35          - @ConditionalOnSingleCandidate (types: org.springframework.transaction.ReactiveTransactionManager; SearchStrategy: all) did not find any beans (OnBeanCondition)
#15 42.35 
#15 42.35    TransactionAutoConfiguration.AspectJTransactionManagementConfiguration:
#15 42.35       Did not match:
#15 42.35          - @ConditionalOnBean (types: org.springframework.transaction.aspectj.AbstractTransactionAspect; SearchStrategy: all) did not find any beans of type org.springframework.transaction.aspectj.AbstractTransactionAspect (OnBeanCondition)
#15 42.35 
#15 42.35    TransactionAutoConfiguration.EnableTransactionManagementConfiguration.JdkDynamicAutoProxyConfiguration:
#15 42.35       Did not match:
#15 42.35          - @ConditionalOnProperty (spring.aop.proxy-target-class=false) did not find property 'proxy-target-class' (OnPropertyCondition)
#15 42.35 
#15 42.35    UserDetailsServiceAutoConfiguration:
#15 42.35       Did not match:
#15 42.35          - @ConditionalOnClass did not find required class 'org.springframework.security.authentication.AuthenticationManager' (OnClassCondition)
#15 42.35 
#15 42.35    WebClientAutoConfiguration:
#15 42.35       Did not match:
#15 42.35          - @ConditionalOnClass did not find required class 'org.springframework.web.reactive.function.client.WebClient' (OnClassCondition)
#15 42.35 
#15 42.35    WebFluxAutoConfiguration:
#15 42.35       Did not match:
#15 42.35          - @ConditionalOnClass did not find required class 'org.springframework.web.reactive.config.WebFluxConfigurer' (OnClassCondition)
#15 42.35 
#15 42.35    WebMvcAutoConfiguration#hiddenHttpMethodFilter:
#15 42.35       Did not match:
#15 42.35          - @ConditionalOnProperty (spring.mvc.hiddenmethod.filter.enabled) did not find property 'enabled' (OnPropertyCondition)
#15 42.35 
#15 42.35    WebMvcAutoConfiguration.ProblemDetailsErrorHandlingConfiguration:
#15 42.35       Did not match:
#15 42.35          - @ConditionalOnProperty (spring.mvc.problemdetails.enabled=true) did not find property 'enabled' (OnPropertyCondition)
#15 42.35 
#15 42.35    WebMvcAutoConfiguration.WebMvcAutoConfigurationAdapter#beanNameViewResolver:
#15 42.35       Did not match:
#15 42.35          - @ConditionalOnMissingBean (types: org.springframework.web.servlet.view.BeanNameViewResolver; SearchStrategy: all) found beans of type 'org.springframework.web.servlet.view.BeanNameViewResolver' beanNameViewResolver (OnBeanCondition)
#15 42.35 
#15 42.35    WebServiceTemplateAutoConfiguration:
#15 42.35       Did not match:
#15 42.35          - @ConditionalOnClass did not find required class 'org.springframework.oxm.Marshaller' (OnClassCondition)
#15 42.35 
#15 42.35    WebServicesAutoConfiguration:
#15 42.35       Did not match:
#15 42.35          - @ConditionalOnClass did not find required class 'org.springframework.ws.transport.http.MessageDispatcherServlet' (OnClassCondition)
#15 42.35 
#15 42.35    WebSessionIdResolverAutoConfiguration:
#15 42.35       Did not match:
#15 42.35          - @ConditionalOnClass did not find required class 'reactor.core.publisher.Mono' (OnClassCondition)
#15 42.35 
#15 42.35    WebSocketMessagingAutoConfiguration:
#15 42.35       Did not match:
#15 42.35          - @ConditionalOnClass did not find required class 'org.springframework.web.socket.config.annotation.WebSocketMessageBrokerConfigurer' (OnClassCondition)
#15 42.35 
#15 42.35    WebSocketReactiveAutoConfiguration:
#15 42.35       Did not match:
#15 42.35          - @ConditionalOnWebApplication did not find reactive web application classes (OnWebApplicationCondition)
#15 42.35 
#15 42.35    WebSocketServletAutoConfiguration.JettyWebSocketConfiguration:
#15 42.35       Did not match:
#15 42.35          - @ConditionalOnClass did not find required class 'org.eclipse.jetty.ee10.websocket.jakarta.server.config.JakartaWebSocketServletContainerInitializer' (OnClassCondition)
#15 42.35 
#15 42.35    WebSocketServletAutoConfiguration.UndertowWebSocketConfiguration:
#15 42.35       Did not match:
#15 42.35          - @ConditionalOnClass did not find required class 'io.undertow.websockets.jsr.Bootstrap' (OnClassCondition)
#15 42.35 
#15 42.35    XADataSourceAutoConfiguration:
#15 42.35       Did not match:
#15 42.35          - @ConditionalOnBean (types: org.springframework.boot.jdbc.XADataSourceWrapper; SearchStrategy: all) did not find any beans of type org.springframework.boot.jdbc.XADataSourceWrapper (OnBeanCondition)
#15 42.35       Matched:
#15 42.35          - @ConditionalOnClass found required classes 'javax.sql.DataSource', 'jakarta.transaction.TransactionManager', 'org.springframework.jdbc.datasource.embedded.EmbeddedDatabaseType' (OnClassCondition)
#15 42.35 
#15 42.35 
#15 42.35 Exclusions:
#15 42.35 -----------
#15 42.35 
#15 42.35     None
#15 42.35 
#15 42.35 
#15 42.35 Unconditional classes:
#15 42.35 ----------------------
#15 42.35 
#15 42.35     org.springframework.boot.autoconfigure.context.ConfigurationPropertiesAutoConfiguration
#15 42.35 
#15 42.35     org.springframework.boot.autoconfigure.ssl.SslAutoConfiguration
#15 42.35 
#15 42.35     org.springframework.boot.autoconfigure.context.PropertyPlaceholderAutoConfiguration
#15 42.35 
#15 42.35     org.springframework.boot.autoconfigure.context.LifecycleAutoConfiguration
#15 42.35 
#15 42.35     org.springdoc.core.configuration.SpringDocSpecPropertiesConfiguration
#15 42.35 
#15 42.35     org.springframework.boot.autoconfigure.availability.ApplicationAvailabilityAutoConfiguration
#15 42.35 
#15 42.35     org.springframework.boot.autoconfigure.info.ProjectInfoAutoConfiguration
#15 42.35 
#15 42.35 
#15 42.35 
#15 42.45 2025-05-13T11:11:33.952Z  INFO 59 --- [patient-service] [           main] .s.b.a.l.ConditionEvaluationReportLogger : 
#15 42.45 
#15 42.45 Error starting ApplicationContext. To display the condition evaluation report re-run your application with 'debug' enabled.
#15 42.51 2025-05-13T11:11:34.104Z ERROR 59 --- [patient-service] [           main] o.s.boot.SpringApplication               : Application run failed
#15 42.51 
#15 42.51 org.springframework.beans.factory.BeanCreationException: Error creating bean with name 'entityManagerFactory' defined in class path resource [org/springframework/boot/autoconfigure/orm/jpa/HibernateJpaConfiguration.class]: [PersistenceUnit: default] Unable to build Hibernate SessionFactory; nested exception is org.hibernate.exception.JDBCConnectionException: Unable to open JDBC Connection for DDL execution [The connection attempt failed.] [n/a]
#15 42.51 	at org.springframework.beans.factory.support.AbstractAutowireCapableBeanFactory.initializeBean(AbstractAutowireCapableBeanFactory.java:1818) ~[spring-beans-6.2.6.jar:6.2.6]
#15 42.51 	at org.springframework.beans.factory.support.AbstractAutowireCapableBeanFactory.doCreateBean(AbstractAutowireCapableBeanFactory.java:607) ~[spring-beans-6.2.6.jar:6.2.6]
#15 42.51 	at org.springframework.beans.factory.support.AbstractAutowireCapableBeanFactory.createBean(AbstractAutowireCapableBeanFactory.java:529) ~[spring-beans-6.2.6.jar:6.2.6]
#15 42.51 	at org.springframework.beans.factory.support.AbstractBeanFactory.lambda$doGetBean$0(AbstractBeanFactory.java:339) ~[spring-beans-6.2.6.jar:6.2.6]
#15 42.51 	at org.springframework.beans.factory.support.DefaultSingletonBeanRegistry.getSingleton(DefaultSingletonBeanRegistry.java:371) ~[spring-beans-6.2.6.jar:6.2.6]
#15 42.51 	at org.springframework.beans.factory.support.AbstractBeanFactory.doGetBean(AbstractBeanFactory.java:337) ~[spring-beans-6.2.6.jar:6.2.6]
#15 42.51 	at org.springframework.beans.factory.support.AbstractBeanFactory.getBean(AbstractBeanFactory.java:207) ~[spring-beans-6.2.6.jar:6.2.6]
#15 42.51 	at org.springframework.context.support.AbstractApplicationContext.finishBeanFactoryInitialization(AbstractApplicationContext.java:970) ~[spring-context-6.2.6.jar:6.2.6]
#15 42.51 	at org.springframework.context.support.AbstractApplicationContext.refresh(AbstractApplicationContext.java:627) ~[spring-context-6.2.6.jar:6.2.6]
#15 42.51 	at org.springframework.boot.SpringApplication.refresh(SpringApplication.java:753) ~[spring-boot-3.4.5.jar:3.4.5]
#15 42.51 	at org.springframework.boot.SpringApplication.refreshContext(SpringApplication.java:439) ~[spring-boot-3.4.5.jar:3.4.5]
#15 42.51 	at org.springframework.boot.SpringApplication.run(SpringApplication.java:318) ~[spring-boot-3.4.5.jar:3.4.5]
#15 42.51 	at org.springframework.boot.test.context.SpringBootContextLoader.lambda$loadContext$3(SpringBootContextLoader.java:144) ~[spring-boot-test-3.4.5.jar:3.4.5]
#15 42.51 	at org.springframework.util.function.ThrowingSupplier.get(ThrowingSupplier.java:58) ~[spring-core-6.2.6.jar:6.2.6]
#15 42.51 	at org.springframework.util.function.ThrowingSupplier.get(ThrowingSupplier.java:46) ~[spring-core-6.2.6.jar:6.2.6]
#15 42.51 	at org.springframework.boot.SpringApplication.withHook(SpringApplication.java:1462) ~[spring-boot-3.4.5.jar:3.4.5]
#15 42.51 	at org.springframework.boot.test.context.SpringBootContextLoader$ContextLoaderHook.run(SpringBootContextLoader.java:563) ~[spring-boot-test-3.4.5.jar:3.4.5]
#15 42.51 	at org.springframework.boot.test.context.SpringBootContextLoader.loadContext(SpringBootContextLoader.java:144) ~[spring-boot-test-3.4.5.jar:3.4.5]
#15 42.51 	at org.springframework.boot.test.context.SpringBootContextLoader.loadContext(SpringBootContextLoader.java:110) ~[spring-boot-test-3.4.5.jar:3.4.5]
#15 42.51 	at org.springframework.test.context.cache.DefaultCacheAwareContextLoaderDelegate.loadContextInternal(DefaultCacheAwareContextLoaderDelegate.java:225) ~[spring-test-6.2.6.jar:6.2.6]
#15 42.51 	at org.springframework.test.context.cache.DefaultCacheAwareContextLoaderDelegate.loadContext(DefaultCacheAwareContextLoaderDelegate.java:152) ~[spring-test-6.2.6.jar:6.2.6]
#15 42.51 	at org.springframework.test.context.support.DefaultTestContext.getApplicationContext(DefaultTestContext.java:130) ~[spring-test-6.2.6.jar:6.2.6]
#15 42.51 	at org.springframework.test.context.web.ServletTestExecutionListener.setUpRequestContextIfNecessary(ServletTestExecutionListener.java:200) ~[spring-test-6.2.6.jar:6.2.6]
#15 42.51 	at org.springframework.test.context.web.ServletTestExecutionListener.prepareTestInstance(ServletTestExecutionListener.java:139) ~[spring-test-6.2.6.jar:6.2.6]
#15 42.51 	at org.springframework.test.context.TestContextManager.prepareTestInstance(TestContextManager.java:260) ~[spring-test-6.2.6.jar:6.2.6]
#15 42.51 	at org.springframework.test.context.junit.jupiter.SpringExtension.postProcessTestInstance(SpringExtension.java:159) ~[spring-test-6.2.6.jar:6.2.6]
#15 42.51 	at org.junit.jupiter.engine.descriptor.ClassBasedTestDescriptor.lambda$invokeTestInstancePostProcessors$11(ClassBasedTestDescriptor.java:378) ~[junit-jupiter-engine-5.11.4.jar:5.11.4]
#15 42.51 	at org.junit.jupiter.engine.descriptor.ClassBasedTestDescriptor.executeAndMaskThrowable(ClassBasedTestDescriptor.java:383) ~[junit-jupiter-engine-5.11.4.jar:5.11.4]
#15 42.51 	at org.junit.jupiter.engine.descriptor.ClassBasedTestDescriptor.lambda$invokeTestInstancePostProcessors$12(ClassBasedTestDescriptor.java:378) ~[junit-jupiter-engine-5.11.4.jar:5.11.4]
#15 42.51 	at java.base/java.util.stream.ForEachOps$ForEachOp$OfRef.accept(ForEachOps.java:184) ~[na:na]
#15 42.51 	at java.base/java.util.stream.ReferencePipeline$3$1.accept(ReferencePipeline.java:197) ~[na:na]
#15 42.51 	at java.base/java.util.stream.ReferencePipeline$2$1.accept(ReferencePipeline.java:179) ~[na:na]
#15 42.51 	at java.base/java.util.stream.ReferencePipeline$3$1.accept(ReferencePipeline.java:197) ~[na:na]
#15 42.51 	at java.base/java.util.ArrayList$ArrayListSpliterator.forEachRemaining(ArrayList.java:1708) ~[na:na]
#15 42.51 	at java.base/java.util.stream.AbstractPipeline.copyInto(AbstractPipeline.java:509) ~[na:na]
#15 42.51 	at java.base/java.util.stream.AbstractPipeline.wrapAndCopyInto(AbstractPipeline.java:499) ~[na:na]
#15 42.51 	at java.base/java.util.stream.ForEachOps$ForEachOp.evaluateSequential(ForEachOps.java:151) ~[na:na]
#15 42.51 	at java.base/java.util.stream.ForEachOps$ForEachOp$OfRef.evaluateSequential(ForEachOps.java:174) ~[na:na]
#15 42.51 	at java.base/java.util.stream.AbstractPipeline.evaluate(AbstractPipeline.java:234) ~[na:na]
#15 42.51 	at java.base/java.util.stream.ReferencePipeline.forEach(ReferencePipeline.java:596) ~[na:na]
#15 42.51 	at org.junit.jupiter.engine.descriptor.ClassBasedTestDescriptor.invokeTestInstancePostProcessors(ClassBasedTestDescriptor.java:377) ~[junit-jupiter-engine-5.11.4.jar:5.11.4]
#15 42.51 	at org.junit.jupiter.engine.descriptor.ClassBasedTestDescriptor.lambda$instantiateAndPostProcessTestInstance$7(ClassBasedTestDescriptor.java:290) ~[junit-jupiter-engine-5.11.4.jar:5.11.4]
#15 42.51 	at org.junit.platform.engine.support.hierarchical.ThrowableCollector.execute(ThrowableCollector.java:73) ~[junit-platform-engine-1.11.4.jar:1.11.4]
#15 42.51 	at org.junit.jupiter.engine.descriptor.ClassBasedTestDescriptor.instantiateAndPostProcessTestInstance(ClassBasedTestDescriptor.java:289) ~[junit-jupiter-engine-5.11.4.jar:5.11.4]
#15 42.51 	at org.junit.jupiter.engine.descriptor.ClassBasedTestDescriptor.lambda$testInstancesProvider$5(ClassBasedTestDescriptor.java:279) ~[junit-jupiter-engine-5.11.4.jar:5.11.4]
#15 42.51 	at java.base/java.util.Optional.orElseGet(Optional.java:364) ~[na:na]
#15 42.51 	at org.junit.jupiter.engine.descriptor.ClassBasedTestDescriptor.lambda$testInstancesProvider$6(ClassBasedTestDescriptor.java:278) ~[junit-jupiter-engine-5.11.4.jar:5.11.4]
#15 42.51 	at org.junit.jupiter.engine.execution.TestInstancesProvider.getTestInstances(TestInstancesProvider.java:31) ~[junit-jupiter-engine-5.11.4.jar:5.11.4]
#15 42.51 	at org.junit.jupiter.engine.descriptor.TestMethodTestDescriptor.lambda$prepare$1(TestMethodTestDescriptor.java:105) ~[junit-jupiter-engine-5.11.4.jar:5.11.4]
#15 42.51 	at org.junit.platform.engine.support.hierarchical.ThrowableCollector.execute(ThrowableCollector.java:73) ~[junit-platform-engine-1.11.4.jar:1.11.4]
#15 42.51 	at org.junit.jupiter.engine.descriptor.TestMethodTestDescriptor.prepare(TestMethodTestDescriptor.java:104) ~[junit-jupiter-engine-5.11.4.jar:5.11.4]
#15 42.51 	at org.junit.jupiter.engine.descriptor.TestMethodTestDescriptor.prepare(TestMethodTestDescriptor.java:68) ~[junit-jupiter-engine-5.11.4.jar:5.11.4]
#15 42.51 	at org.junit.platform.engine.support.hierarchical.NodeTestTask.lambda$prepare$2(NodeTestTask.java:128) ~[junit-platform-engine-1.11.4.jar:1.11.4]
#15 42.51 	at org.junit.platform.engine.support.hierarchical.ThrowableCollector.execute(ThrowableCollector.java:73) ~[junit-platform-engine-1.11.4.jar:1.11.4]
#15 42.51 	at org.junit.platform.engine.support.hierarchical.NodeTestTask.prepare(NodeTestTask.java:128) ~[junit-platform-engine-1.11.4.jar:1.11.4]
#15 42.51 	at org.junit.platform.engine.support.hierarchical.NodeTestTask.execute(NodeTestTask.java:95) ~[junit-platform-engine-1.11.4.jar:1.11.4]
#15 42.51 	at java.base/java.util.ArrayList.forEach(ArrayList.java:1596) ~[na:na]
#15 42.51 	at org.junit.platform.engine.support.hierarchical.SameThreadHierarchicalTestExecutorService.invokeAll(SameThreadHierarchicalTestExecutorService.java:41) ~[junit-platform-engine-1.11.4.jar:1.11.4]
#15 42.51 	at org.junit.platform.engine.support.hierarchical.NodeTestTask.lambda$executeRecursively$6(NodeTestTask.java:160) ~[junit-platform-engine-1.11.4.jar:1.11.4]
#15 42.51 	at org.junit.platform.engine.support.hierarchical.ThrowableCollector.execute(ThrowableCollector.java:73) ~[junit-platform-engine-1.11.4.jar:1.11.4]
#15 42.51 	at org.junit.platform.engine.support.hierarchical.NodeTestTask.lambda$executeRecursively$8(NodeTestTask.java:146) ~[junit-platform-engine-1.11.4.jar:1.11.4]
#15 42.51 	at org.junit.platform.engine.support.hierarchical.Node.around(Node.java:137) ~[junit-platform-engine-1.11.4.jar:1.11.4]
#15 42.51 	at org.junit.platform.engine.support.hierarchical.NodeTestTask.lambda$executeRecursively$9(NodeTestTask.java:144) ~[junit-platform-engine-1.11.4.jar:1.11.4]
#15 42.51 	at org.junit.platform.engine.support.hierarchical.ThrowableCollector.execute(ThrowableCollector.java:73) ~[junit-platform-engine-1.11.4.jar:1.11.4]
#15 42.51 	at org.junit.platform.engine.support.hierarchical.NodeTestTask.executeRecursively(NodeTestTask.java:143) ~[junit-platform-engine-1.11.4.jar:1.11.4]
#15 42.51 	at org.junit.platform.engine.support.hierarchical.NodeTestTask.execute(NodeTestTask.java:100) ~[junit-platform-engine-1.11.4.jar:1.11.4]
#15 42.51 	at java.base/java.util.ArrayList.forEach(ArrayList.java:1596) ~[na:na]
#15 42.51 	at org.junit.platform.engine.support.hierarchical.SameThreadHierarchicalTestExecutorService.invokeAll(SameThreadHierarchicalTestExecutorService.java:41) ~[junit-platform-engine-1.11.4.jar:1.11.4]
#15 42.51 	at org.junit.platform.engine.support.hierarchical.NodeTestTask.lambda$executeRecursively$6(NodeTestTask.java:160) ~[junit-platform-engine-1.11.4.jar:1.11.4]
#15 42.51 	at org.junit.platform.engine.support.hierarchical.ThrowableCollector.execute(ThrowableCollector.java:73) ~[junit-platform-engine-1.11.4.jar:1.11.4]
#15 42.51 	at org.junit.platform.engine.support.hierarchical.NodeTestTask.lambda$executeRecursively$8(NodeTestTask.java:146) ~[junit-platform-engine-1.11.4.jar:1.11.4]
#15 42.51 	at org.junit.platform.engine.support.hierarchical.Node.around(Node.java:137) ~[junit-platform-engine-1.11.4.jar:1.11.4]
#15 42.51 	at org.junit.platform.engine.support.hierarchical.NodeTestTask.lambda$executeRecursively$9(NodeTestTask.java:144) ~[junit-platform-engine-1.11.4.jar:1.11.4]
#15 42.51 	at org.junit.platform.engine.support.hierarchical.ThrowableCollector.execute(ThrowableCollector.java:73) ~[junit-platform-engine-1.11.4.jar:1.11.4]
#15 42.51 	at org.junit.platform.engine.support.hierarchical.NodeTestTask.executeRecursively(NodeTestTask.java:143) ~[junit-platform-engine-1.11.4.jar:1.11.4]
#15 42.51 	at org.junit.platform.engine.support.hierarchical.NodeTestTask.execute(NodeTestTask.java:100) ~[junit-platform-engine-1.11.4.jar:1.11.4]
#15 42.51 	at org.junit.platform.engine.support.hierarchical.SameThreadHierarchicalTestExecutorService.submit(SameThreadHierarchicalTestExecutorService.java:35) ~[junit-platform-engine-1.11.4.jar:1.11.4]
#15 42.51 	at org.junit.platform.engine.support.hierarchical.HierarchicalTestExecutor.execute(HierarchicalTestExecutor.java:57) ~[junit-platform-engine-1.11.4.jar:1.11.4]
#15 42.51 	at org.junit.platform.engine.support.hierarchical.HierarchicalTestEngine.execute(HierarchicalTestEngine.java:54) ~[junit-platform-engine-1.11.4.jar:1.11.4]
#15 42.51 	at org.junit.platform.launcher.core.EngineExecutionOrchestrator.execute(EngineExecutionOrchestrator.java:198) ~[junit-platform-launcher-1.11.4.jar:1.11.4]
#15 42.51 	at org.junit.platform.launcher.core.EngineExecutionOrchestrator.execute(EngineExecutionOrchestrator.java:169) ~[junit-platform-launcher-1.11.4.jar:1.11.4]
#15 42.51 	at org.junit.platform.launcher.core.EngineExecutionOrchestrator.execute(EngineExecutionOrchestrator.java:93) ~[junit-platform-launcher-1.11.4.jar:1.11.4]
#15 42.51 	at org.junit.platform.launcher.core.EngineExecutionOrchestrator.lambda$execute$0(EngineExecutionOrchestrator.java:58) ~[junit-platform-launcher-1.11.4.jar:1.11.4]
#15 42.51 	at org.junit.platform.launcher.core.EngineExecutionOrchestrator.withInterceptedStreams(EngineExecutionOrchestrator.java:141) ~[junit-platform-launcher-1.11.4.jar:1.11.4]
#15 42.51 	at org.junit.platform.launcher.core.EngineExecutionOrchestrator.execute(EngineExecutionOrchestrator.java:57) ~[junit-platform-launcher-1.11.4.jar:1.11.4]
#15 42.51 	at org.junit.platform.launcher.core.DefaultLauncher.execute(DefaultLauncher.java:103) ~[junit-platform-launcher-1.11.4.jar:1.11.4]
#15 42.51 	at org.junit.platform.launcher.core.DefaultLauncher.execute(DefaultLauncher.java:85) ~[junit-platform-launcher-1.11.4.jar:1.11.4]
#15 42.51 	at org.junit.platform.launcher.core.DelegatingLauncher.execute(DelegatingLauncher.java:47) ~[junit-platform-launcher-1.11.4.jar:1.11.4]
#15 42.51 	at org.apache.maven.surefire.junitplatform.LazyLauncher.execute(LazyLauncher.java:56) ~[surefire-junit-platform-3.5.3.jar:3.5.3]
#15 42.51 	at org.apache.maven.surefire.junitplatform.JUnitPlatformProvider.execute(JUnitPlatformProvider.java:194) ~[surefire-junit-platform-3.5.3.jar:3.5.3]
#15 42.51 	at org.apache.maven.surefire.junitplatform.JUnitPlatformProvider.invokeAllTests(JUnitPlatformProvider.java:150) ~[surefire-junit-platform-3.5.3.jar:3.5.3]
#15 42.51 	at org.apache.maven.surefire.junitplatform.JUnitPlatformProvider.invoke(JUnitPlatformProvider.java:124) ~[surefire-junit-platform-3.5.3.jar:3.5.3]
#15 42.51 	at org.apache.maven.surefire.booter.ForkedBooter.runSuitesInProcess(ForkedBooter.java:385) ~[surefire-booter-3.5.3.jar:3.5.3]
#15 42.51 	at org.apache.maven.surefire.booter.ForkedBooter.execute(ForkedBooter.java:162) ~[surefire-booter-3.5.3.jar:3.5.3]
#15 42.51 	at org.apache.maven.surefire.booter.ForkedBooter.run(ForkedBooter.java:507) ~[surefire-booter-3.5.3.jar:3.5.3]
#15 42.51 	at org.apache.maven.surefire.booter.ForkedBooter.main(ForkedBooter.java:495) ~[surefire-booter-3.5.3.jar:3.5.3]
#15 42.51 Caused by: jakarta.persistence.PersistenceException: [PersistenceUnit: default] Unable to build Hibernate SessionFactory; nested exception is org.hibernate.exception.JDBCConnectionException: Unable to open JDBC Connection for DDL execution [The connection attempt failed.] [n/a]
#15 42.51 	at org.springframework.orm.jpa.AbstractEntityManagerFactoryBean.buildNativeEntityManagerFactory(AbstractEntityManagerFactoryBean.java:431) ~[spring-orm-6.2.6.jar:6.2.6]
#15 42.51 	at org.springframework.orm.jpa.AbstractEntityManagerFactoryBean.afterPropertiesSet(AbstractEntityManagerFactoryBean.java:400) ~[spring-orm-6.2.6.jar:6.2.6]
#15 42.51 	at org.springframework.orm.jpa.LocalContainerEntityManagerFactoryBean.afterPropertiesSet(LocalContainerEntityManagerFactoryBean.java:366) ~[spring-orm-6.2.6.jar:6.2.6]
#15 42.51 	at org.springframework.beans.factory.support.AbstractAutowireCapableBeanFactory.invokeInitMethods(AbstractAutowireCapableBeanFactory.java:1865) ~[spring-beans-6.2.6.jar:6.2.6]
#15 42.51 	at org.springframework.beans.factory.support.AbstractAutowireCapableBeanFactory.initializeBean(AbstractAutowireCapableBeanFactory.java:1814) ~[spring-beans-6.2.6.jar:6.2.6]
#15 42.51 	... 95 common frames omitted
#15 42.51 Caused by: org.hibernate.exception.JDBCConnectionException: Unable to open JDBC Connection for DDL execution [The connection attempt failed.] [n/a]
#15 42.51 	at org.hibernate.exception.internal.SQLStateConversionDelegate.convert(SQLStateConversionDelegate.java:100) ~[hibernate-core-6.6.13.Final.jar:6.6.13.Final]
#15 42.51 	at org.hibernate.exception.internal.StandardSQLExceptionConverter.convert(StandardSQLExceptionConverter.java:58) ~[hibernate-core-6.6.13.Final.jar:6.6.13.Final]
#15 42.51 	at org.hibernate.engine.jdbc.spi.SqlExceptionHelper.convert(SqlExceptionHelper.java:108) ~[hibernate-core-6.6.13.Final.jar:6.6.13.Final]
#15 42.51 	at org.hibernate.engine.jdbc.spi.SqlExceptionHelper.convert(SqlExceptionHelper.java:94) ~[hibernate-core-6.6.13.Final.jar:6.6.13.Final]
#15 42.51 	at org.hibernate.resource.transaction.backend.jdbc.internal.DdlTransactionIsolatorNonJtaImpl.getIsolatedConnection(DdlTransactionIsolatorNonJtaImpl.java:74) ~[hibernate-core-6.6.13.Final.jar:6.6.13.Final]
#15 42.51 	at org.hibernate.resource.transaction.backend.jdbc.internal.DdlTransactionIsolatorNonJtaImpl.getIsolatedConnection(DdlTransactionIsolatorNonJtaImpl.java:39) ~[hibernate-core-6.6.13.Final.jar:6.6.13.Final]
#15 42.51 	at org.hibernate.tool.schema.internal.exec.ImprovedExtractionContextImpl.getJdbcConnection(ImprovedExtractionContextImpl.java:63) ~[hibernate-core-6.6.13.Final.jar:6.6.13.Final]
#15 42.51 	at org.hibernate.tool.schema.extract.spi.ExtractionContext.getQueryResults(ExtractionContext.java:43) ~[hibernate-core-6.6.13.Final.jar:6.6.13.Final]
#15 42.51 	at org.hibernate.tool.schema.extract.internal.SequenceInformationExtractorLegacyImpl.extractMetadata(SequenceInformationExtractorLegacyImpl.java:39) ~[hibernate-core-6.6.13.Final.jar:6.6.13.Final]
#15 42.51 	at org.hibernate.tool.schema.extract.internal.DatabaseInformationImpl.initializeSequences(DatabaseInformationImpl.java:66) ~[hibernate-core-6.6.13.Final.jar:6.6.13.Final]
#15 42.51 	at org.hibernate.tool.schema.extract.internal.DatabaseInformationImpl.<init>(DatabaseInformationImpl.java:60) ~[hibernate-core-6.6.13.Final.jar:6.6.13.Final]
#15 42.51 	at org.hibernate.tool.schema.internal.Helper.buildDatabaseInformation(Helper.java:185) ~[hibernate-core-6.6.13.Final.jar:6.6.13.Final]
#15 42.51 	at org.hibernate.tool.schema.internal.AbstractSchemaMigrator.doMigration(AbstractSchemaMigrator.java:93) ~[hibernate-core-6.6.13.Final.jar:6.6.13.Final]
#15 42.51 	at org.hibernate.tool.schema.spi.SchemaManagementToolCoordinator.performDatabaseAction(SchemaManagementToolCoordinator.java:280) ~[hibernate-core-6.6.13.Final.jar:6.6.13.Final]
#15 42.51 	at org.hibernate.tool.schema.spi.SchemaManagementToolCoordinator.lambda$process$5(SchemaManagementToolCoordinator.java:144) ~[hibernate-core-6.6.13.Final.jar:6.6.13.Final]
#15 42.51 	at java.base/java.util.HashMap.forEach(HashMap.java:1429) ~[na:na]
#15 42.51 	at org.hibernate.tool.schema.spi.SchemaManagementToolCoordinator.process(SchemaManagementToolCoordinator.java:141) ~[hibernate-core-6.6.13.Final.jar:6.6.13.Final]
#15 42.51 	at org.hibernate.boot.internal.SessionFactoryObserverForSchemaExport.sessionFactoryCreated(SessionFactoryObserverForSchemaExport.java:37) ~[hibernate-core-6.6.13.Final.jar:6.6.13.Final]
#15 42.51 	at org.hibernate.internal.SessionFactoryObserverChain.sessionFactoryCreated(SessionFactoryObserverChain.java:35) ~[hibernate-core-6.6.13.Final.jar:6.6.13.Final]
#15 42.51 	at org.hibernate.internal.SessionFactoryImpl.<init>(SessionFactoryImpl.java:324) ~[hibernate-core-6.6.13.Final.jar:6.6.13.Final]
#15 42.51 	at org.hibernate.boot.internal.SessionFactoryBuilderImpl.build(SessionFactoryBuilderImpl.java:463) ~[hibernate-core-6.6.13.Final.jar:6.6.13.Final]
#15 42.51 	at org.hibernate.jpa.boot.internal.EntityManagerFactoryBuilderImpl.build(EntityManagerFactoryBuilderImpl.java:1517) ~[hibernate-core-6.6.13.Final.jar:6.6.13.Final]
#15 42.51 	at org.springframework.orm.jpa.vendor.SpringHibernateJpaPersistenceProvider.createContainerEntityManagerFactory(SpringHibernateJpaPersistenceProvider.java:66) ~[spring-orm-6.2.6.jar:6.2.6]
#15 42.51 	at org.springframework.orm.jpa.LocalContainerEntityManagerFactoryBean.createNativeEntityManagerFactory(LocalContainerEntityManagerFactoryBean.java:390) ~[spring-orm-6.2.6.jar:6.2.6]
#15 42.51 	at org.springframework.orm.jpa.AbstractEntityManagerFactoryBean.buildNativeEntityManagerFactory(AbstractEntityManagerFactoryBean.java:419) ~[spring-orm-6.2.6.jar:6.2.6]
#15 42.51 	... 99 common frames omitted
#15 42.51 Caused by: org.postgresql.util.PSQLException: The connection attempt failed.
#15 42.51 	at org.postgresql.core.v3.ConnectionFactoryImpl.openConnectionImpl(ConnectionFactoryImpl.java:364) ~[postgresql-42.7.5.jar:42.7.5]
#15 42.51 	at org.postgresql.core.ConnectionFactory.openConnection(ConnectionFactory.java:54) ~[postgresql-42.7.5.jar:42.7.5]
#15 42.51 	at org.postgresql.jdbc.PgConnection.<init>(PgConnection.java:273) ~[postgresql-42.7.5.jar:42.7.5]
#15 42.51 	at org.postgresql.Driver.makeConnection(Driver.java:446) ~[postgresql-42.7.5.jar:42.7.5]
#15 42.51 	at org.postgresql.Driver.connect(Driver.java:298) ~[postgresql-42.7.5.jar:42.7.5]
#15 42.51 	at com.zaxxer.hikari.util.DriverDataSource.getConnection(DriverDataSource.java:137) ~[HikariCP-5.1.0.jar:na]
#15 42.51 	at com.zaxxer.hikari.pool.PoolBase.newConnection(PoolBase.java:360) ~[HikariCP-5.1.0.jar:na]
#15 42.51 	at com.zaxxer.hikari.pool.PoolBase.newPoolEntry(PoolBase.java:202) ~[HikariCP-5.1.0.jar:na]
#15 42.51 	at com.zaxxer.hikari.pool.HikariPool.createPoolEntry(HikariPool.java:461) ~[HikariCP-5.1.0.jar:na]
#15 42.51 	at com.zaxxer.hikari.pool.HikariPool.checkFailFast(HikariPool.java:550) ~[HikariCP-5.1.0.jar:na]
#15 42.51 	at com.zaxxer.hikari.pool.HikariPool.<init>(HikariPool.java:98) ~[HikariCP-5.1.0.jar:na]
#15 42.51 	at com.zaxxer.hikari.HikariDataSource.getConnection(HikariDataSource.java:111) ~[HikariCP-5.1.0.jar:na]
#15 42.51 	at org.hibernate.engine.jdbc.connections.internal.DatasourceConnectionProviderImpl.getConnection(DatasourceConnectionProviderImpl.java:126) ~[hibernate-core-6.6.13.Final.jar:6.6.13.Final]
#15 42.51 	at org.hibernate.engine.jdbc.env.internal.JdbcEnvironmentInitiator$ConnectionProviderJdbcConnectionAccess.obtainConnection(JdbcEnvironmentInitiator.java:467) ~[hibernate-core-6.6.13.Final.jar:6.6.13.Final]
#15 42.51 	at org.hibernate.resource.transaction.backend.jdbc.internal.DdlTransactionIsolatorNonJtaImpl.getIsolatedConnection(DdlTransactionIsolatorNonJtaImpl.java:46) ~[hibernate-core-6.6.13.Final.jar:6.6.13.Final]
#15 42.51 	... 119 common frames omitted
#15 42.51 Caused by: java.net.UnknownHostException: db
#15 42.51 	at java.base/sun.nio.ch.NioSocketImpl.connect(NioSocketImpl.java:567) ~[na:na]
#15 42.51 	at java.base/java.net.SocksSocketImpl.connect(SocksSocketImpl.java:327) ~[na:na]
#15 42.51 	at java.base/java.net.Socket.connect(Socket.java:751) ~[na:na]
#15 42.51 	at org.postgresql.core.PGStream.createSocket(PGStream.java:260) ~[postgresql-42.7.5.jar:42.7.5]
#15 42.51 	at org.postgresql.core.PGStream.<init>(PGStream.java:121) ~[postgresql-42.7.5.jar:42.7.5]
#15 42.51 	at org.postgresql.core.v3.ConnectionFactoryImpl.tryConnect(ConnectionFactoryImpl.java:140) ~[postgresql-42.7.5.jar:42.7.5]
#15 42.51 	at org.postgresql.core.v3.ConnectionFactoryImpl.openConnectionImpl(ConnectionFactoryImpl.java:268) ~[postgresql-42.7.5.jar:42.7.5]
#15 42.51 	... 133 common frames omitted
#15 42.51 
#15 42.52 2025-05-13T11:11:34.127Z  WARN 59 --- [patient-service] [           main] o.s.test.context.TestContextManager      : Caught exception while allowing TestExecutionListener [org.springframework.test.context.web.ServletTestExecutionListener] to prepare test instance [com.stklue.patient_service.PatientServiceApplicationTests@6f69e2d8]
#15 42.52 
#15 42.52 java.lang.IllegalStateException: Failed to load ApplicationContext for [WebMergedContextConfiguration@6f25ed2b testClass = com.stklue.patient_service.PatientServiceApplicationTests, locations = [], classes = [com.stklue.patient_service.PatientServiceApplication], contextInitializerClasses = [], activeProfiles = [], propertySourceDescriptors = [], propertySourceProperties = ["org.springframework.boot.test.context.SpringBootTestContextBootstrapper=true"], contextCustomizers = [org.springframework.boot.test.context.filter.ExcludeFilterContextCustomizer@6f53b8a, org.springframework.boot.test.json.DuplicateJsonObjectContextCustomizerFactory$DuplicateJsonObjectContextCustomizer@1a245833, org.springframework.boot.test.mock.mockito.MockitoContextCustomizer@0, org.springframework.boot.test.web.client.TestRestTemplateContextCustomizer@48e1f6c7, org.springframework.boot.test.web.reactor.netty.DisableReactorResourceFactoryGlobalResourcesContextCustomizerFactory$DisableReactorResourceFactoryGlobalResourcesContextCustomizerCustomizer@14fc5f04, org.springframework.boot.test.autoconfigure.OnFailureConditionReportContextCustomizerFactory$OnFailureConditionReportContextCustomizer@6a8658ff, org.springframework.boot.test.autoconfigure.actuate.observability.ObservabilityContextCustomizerFactory$DisableObservabilityContextCustomizer@1f, org.springframework.boot.test.autoconfigure.properties.PropertyMappingContextCustomizer@0, org.springframework.boot.test.autoconfigure.web.servlet.WebDriverContextCustomizer@28cda624, org.springframework.test.context.support.DynamicPropertiesContextCustomizer@0, org.springframework.boot.test.context.SpringBootTestAnnotation@64539661], resourceBasePath = "src/main/webapp", contextLoader = org.springframework.boot.test.context.SpringBootContextLoader, parent = null]
#15 42.52 	at org.springframework.test.context.cache.DefaultCacheAwareContextLoaderDelegate.loadContext(DefaultCacheAwareContextLoaderDelegate.java:180) ~[spring-test-6.2.6.jar:6.2.6]
#15 42.52 	at org.springframework.test.context.support.DefaultTestContext.getApplicationContext(DefaultTestContext.java:130) ~[spring-test-6.2.6.jar:6.2.6]
#15 42.52 	at org.springframework.test.context.web.ServletTestExecutionListener.setUpRequestContextIfNecessary(ServletTestExecutionListener.java:200) ~[spring-test-6.2.6.jar:6.2.6]
#15 42.52 	at org.springframework.test.context.web.ServletTestExecutionListener.prepareTestInstance(ServletTestExecutionListener.java:139) ~[spring-test-6.2.6.jar:6.2.6]
#15 42.52 	at org.springframework.test.context.TestContextManager.prepareTestInstance(TestContextManager.java:260) ~[spring-test-6.2.6.jar:6.2.6]
#15 42.52 	at org.springframework.test.context.junit.jupiter.SpringExtension.postProcessTestInstance(SpringExtension.java:159) ~[spring-test-6.2.6.jar:6.2.6]
#15 42.52 	at org.junit.jupiter.engine.descriptor.ClassBasedTestDescriptor.lambda$invokeTestInstancePostProcessors$11(ClassBasedTestDescriptor.java:378) ~[junit-jupiter-engine-5.11.4.jar:5.11.4]
#15 42.52 	at org.junit.jupiter.engine.descriptor.ClassBasedTestDescriptor.executeAndMaskThrowable(ClassBasedTestDescriptor.java:383) ~[junit-jupiter-engine-5.11.4.jar:5.11.4]
#15 42.52 	at org.junit.jupiter.engine.descriptor.ClassBasedTestDescriptor.lambda$invokeTestInstancePostProcessors$12(ClassBasedTestDescriptor.java:378) ~[junit-jupiter-engine-5.11.4.jar:5.11.4]
#15 42.52 	at java.base/java.util.stream.ForEachOps$ForEachOp$OfRef.accept(ForEachOps.java:184) ~[na:na]
#15 42.52 	at java.base/java.util.stream.ReferencePipeline$3$1.accept(ReferencePipeline.java:197) ~[na:na]
#15 42.52 	at java.base/java.util.stream.ReferencePipeline$2$1.accept(ReferencePipeline.java:179) ~[na:na]
#15 42.52 	at java.base/java.util.stream.ReferencePipeline$3$1.accept(ReferencePipeline.java:197) ~[na:na]
#15 42.52 	at java.base/java.util.ArrayList$ArrayListSpliterator.forEachRemaining(ArrayList.java:1708) ~[na:na]
#15 42.52 	at java.base/java.util.stream.AbstractPipeline.copyInto(AbstractPipeline.java:509) ~[na:na]
#15 42.52 	at java.base/java.util.stream.AbstractPipeline.wrapAndCopyInto(AbstractPipeline.java:499) ~[na:na]
#15 42.52 	at java.base/java.util.stream.ForEachOps$ForEachOp.evaluateSequential(ForEachOps.java:151) ~[na:na]
#15 42.52 	at java.base/java.util.stream.ForEachOps$ForEachOp$OfRef.evaluateSequential(ForEachOps.java:174) ~[na:na]
#15 42.52 	at java.base/java.util.stream.AbstractPipeline.evaluate(AbstractPipeline.java:234) ~[na:na]
#15 42.52 	at java.base/java.util.stream.ReferencePipeline.forEach(ReferencePipeline.java:596) ~[na:na]
#15 42.52 	at org.junit.jupiter.engine.descriptor.ClassBasedTestDescriptor.invokeTestInstancePostProcessors(ClassBasedTestDescriptor.java:377) ~[junit-jupiter-engine-5.11.4.jar:5.11.4]
#15 42.52 	at org.junit.jupiter.engine.descriptor.ClassBasedTestDescriptor.lambda$instantiateAndPostProcessTestInstance$7(ClassBasedTestDescriptor.java:290) ~[junit-jupiter-engine-5.11.4.jar:5.11.4]
#15 42.52 	at org.junit.platform.engine.support.hierarchical.ThrowableCollector.execute(ThrowableCollector.java:73) ~[junit-platform-engine-1.11.4.jar:1.11.4]
#15 42.52 	at org.junit.jupiter.engine.descriptor.ClassBasedTestDescriptor.instantiateAndPostProcessTestInstance(ClassBasedTestDescriptor.java:289) ~[junit-jupiter-engine-5.11.4.jar:5.11.4]
#15 42.52 	at org.junit.jupiter.engine.descriptor.ClassBasedTestDescriptor.lambda$testInstancesProvider$5(ClassBasedTestDescriptor.java:279) ~[junit-jupiter-engine-5.11.4.jar:5.11.4]
#15 42.52 	at java.base/java.util.Optional.orElseGet(Optional.java:364) ~[na:na]
#15 42.52 	at org.junit.jupiter.engine.descriptor.ClassBasedTestDescriptor.lambda$testInstancesProvider$6(ClassBasedTestDescriptor.java:278) ~[junit-jupiter-engine-5.11.4.jar:5.11.4]
#15 42.52 	at org.junit.jupiter.engine.execution.TestInstancesProvider.getTestInstances(TestInstancesProvider.java:31) ~[junit-jupiter-engine-5.11.4.jar:5.11.4]
#15 42.52 	at org.junit.jupiter.engine.descriptor.TestMethodTestDescriptor.lambda$prepare$1(TestMethodTestDescriptor.java:105) ~[junit-jupiter-engine-5.11.4.jar:5.11.4]
#15 42.52 	at org.junit.platform.engine.support.hierarchical.ThrowableCollector.execute(ThrowableCollector.java:73) ~[junit-platform-engine-1.11.4.jar:1.11.4]
#15 42.52 	at org.junit.jupiter.engine.descriptor.TestMethodTestDescriptor.prepare(TestMethodTestDescriptor.java:104) ~[junit-jupiter-engine-5.11.4.jar:5.11.4]
#15 42.52 	at org.junit.jupiter.engine.descriptor.TestMethodTestDescriptor.prepare(TestMethodTestDescriptor.java:68) ~[junit-jupiter-engine-5.11.4.jar:5.11.4]
#15 42.52 	at org.junit.platform.engine.support.hierarchical.NodeTestTask.lambda$prepare$2(NodeTestTask.java:128) ~[junit-platform-engine-1.11.4.jar:1.11.4]
#15 42.52 	at org.junit.platform.engine.support.hierarchical.ThrowableCollector.execute(ThrowableCollector.java:73) ~[junit-platform-engine-1.11.4.jar:1.11.4]
#15 42.52 	at org.junit.platform.engine.support.hierarchical.NodeTestTask.prepare(NodeTestTask.java:128) ~[junit-platform-engine-1.11.4.jar:1.11.4]
#15 42.52 	at org.junit.platform.engine.support.hierarchical.NodeTestTask.execute(NodeTestTask.java:95) ~[junit-platform-engine-1.11.4.jar:1.11.4]
#15 42.52 	at java.base/java.util.ArrayList.forEach(ArrayList.java:1596) ~[na:na]
#15 42.52 	at org.junit.platform.engine.support.hierarchical.SameThreadHierarchicalTestExecutorService.invokeAll(SameThreadHierarchicalTestExecutorService.java:41) ~[junit-platform-engine-1.11.4.jar:1.11.4]
#15 42.52 	at org.junit.platform.engine.support.hierarchical.NodeTestTask.lambda$executeRecursively$6(NodeTestTask.java:160) ~[junit-platform-engine-1.11.4.jar:1.11.4]
#15 42.52 	at org.junit.platform.engine.support.hierarchical.ThrowableCollector.execute(ThrowableCollector.java:73) ~[junit-platform-engine-1.11.4.jar:1.11.4]
#15 42.52 	at org.junit.platform.engine.support.hierarchical.NodeTestTask.lambda$executeRecursively$8(NodeTestTask.java:146) ~[junit-platform-engine-1.11.4.jar:1.11.4]
#15 42.52 	at org.junit.platform.engine.support.hierarchical.Node.around(Node.java:137) ~[junit-platform-engine-1.11.4.jar:1.11.4]
#15 42.52 	at org.junit.platform.engine.support.hierarchical.NodeTestTask.lambda$executeRecursively$9(NodeTestTask.java:144) ~[junit-platform-engine-1.11.4.jar:1.11.4]
#15 42.52 	at org.junit.platform.engine.support.hierarchical.ThrowableCollector.execute(ThrowableCollector.java:73) ~[junit-platform-engine-1.11.4.jar:1.11.4]
#15 42.52 	at org.junit.platform.engine.support.hierarchical.NodeTestTask.executeRecursively(NodeTestTask.java:143) ~[junit-platform-engine-1.11.4.jar:1.11.4]
#15 42.52 	at org.junit.platform.engine.support.hierarchical.NodeTestTask.execute(NodeTestTask.java:100) ~[junit-platform-engine-1.11.4.jar:1.11.4]
#15 42.52 	at java.base/java.util.ArrayList.forEach(ArrayList.java:1596) ~[na:na]
#15 42.52 	at org.junit.platform.engine.support.hierarchical.SameThreadHierarchicalTestExecutorService.invokeAll(SameThreadHierarchicalTestExecutorService.java:41) ~[junit-platform-engine-1.11.4.jar:1.11.4]
#15 42.52 	at org.junit.platform.engine.support.hierarchical.NodeTestTask.lambda$executeRecursively$6(NodeTestTask.java:160) ~[junit-platform-engine-1.11.4.jar:1.11.4]
#15 42.52 	at org.junit.platform.engine.support.hierarchical.ThrowableCollector.execute(ThrowableCollector.java:73) ~[junit-platform-engine-1.11.4.jar:1.11.4]
#15 42.52 	at org.junit.platform.engine.support.hierarchical.NodeTestTask.lambda$executeRecursively$8(NodeTestTask.java:146) ~[junit-platform-engine-1.11.4.jar:1.11.4]
#15 42.52 	at org.junit.platform.engine.support.hierarchical.Node.around(Node.java:137) ~[junit-platform-engine-1.11.4.jar:1.11.4]
#15 42.52 	at org.junit.platform.engine.support.hierarchical.NodeTestTask.lambda$executeRecursively$9(NodeTestTask.java:144) ~[junit-platform-engine-1.11.4.jar:1.11.4]
#15 42.52 	at org.junit.platform.engine.support.hierarchical.ThrowableCollector.execute(ThrowableCollector.java:73) ~[junit-platform-engine-1.11.4.jar:1.11.4]
#15 42.52 	at org.junit.platform.engine.support.hierarchical.NodeTestTask.executeRecursively(NodeTestTask.java:143) ~[junit-platform-engine-1.11.4.jar:1.11.4]
#15 42.52 	at org.junit.platform.engine.support.hierarchical.NodeTestTask.execute(NodeTestTask.java:100) ~[junit-platform-engine-1.11.4.jar:1.11.4]
#15 42.52 	at org.junit.platform.engine.support.hierarchical.SameThreadHierarchicalTestExecutorService.submit(SameThreadHierarchicalTestExecutorService.java:35) ~[junit-platform-engine-1.11.4.jar:1.11.4]
#15 42.52 	at org.junit.platform.engine.support.hierarchical.HierarchicalTestExecutor.execute(HierarchicalTestExecutor.java:57) ~[junit-platform-engine-1.11.4.jar:1.11.4]
#15 42.52 	at org.junit.platform.engine.support.hierarchical.HierarchicalTestEngine.execute(HierarchicalTestEngine.java:54) ~[junit-platform-engine-1.11.4.jar:1.11.4]
#15 42.52 	at org.junit.platform.launcher.core.EngineExecutionOrchestrator.execute(EngineExecutionOrchestrator.java:198) ~[junit-platform-launcher-1.11.4.jar:1.11.4]
#15 42.52 	at org.junit.platform.launcher.core.EngineExecutionOrchestrator.execute(EngineExecutionOrchestrator.java:169) ~[junit-platform-launcher-1.11.4.jar:1.11.4]
#15 42.52 	at org.junit.platform.launcher.core.EngineExecutionOrchestrator.execute(EngineExecutionOrchestrator.java:93) ~[junit-platform-launcher-1.11.4.jar:1.11.4]
#15 42.52 	at org.junit.platform.launcher.core.EngineExecutionOrchestrator.lambda$execute$0(EngineExecutionOrchestrator.java:58) ~[junit-platform-launcher-1.11.4.jar:1.11.4]
#15 42.52 	at org.junit.platform.launcher.core.EngineExecutionOrchestrator.withInterceptedStreams(EngineExecutionOrchestrator.java:141) ~[junit-platform-launcher-1.11.4.jar:1.11.4]
#15 42.52 	at org.junit.platform.launcher.core.EngineExecutionOrchestrator.execute(EngineExecutionOrchestrator.java:57) ~[junit-platform-launcher-1.11.4.jar:1.11.4]
#15 42.52 	at org.junit.platform.launcher.core.DefaultLauncher.execute(DefaultLauncher.java:103) ~[junit-platform-launcher-1.11.4.jar:1.11.4]
#15 42.52 	at org.junit.platform.launcher.core.DefaultLauncher.execute(DefaultLauncher.java:85) ~[junit-platform-launcher-1.11.4.jar:1.11.4]
#15 42.52 	at org.junit.platform.launcher.core.DelegatingLauncher.execute(DelegatingLauncher.java:47) ~[junit-platform-launcher-1.11.4.jar:1.11.4]
#15 42.52 	at org.apache.maven.surefire.junitplatform.LazyLauncher.execute(LazyLauncher.java:56) ~[surefire-junit-platform-3.5.3.jar:3.5.3]
#15 42.52 	at org.apache.maven.surefire.junitplatform.JUnitPlatformProvider.execute(JUnitPlatformProvider.java:194) ~[surefire-junit-platform-3.5.3.jar:3.5.3]
#15 42.52 	at org.apache.maven.surefire.junitplatform.JUnitPlatformProvider.invokeAllTests(JUnitPlatformProvider.java:150) ~[surefire-junit-platform-3.5.3.jar:3.5.3]
#15 42.52 	at org.apache.maven.surefire.junitplatform.JUnitPlatformProvider.invoke(JUnitPlatformProvider.java:124) ~[surefire-junit-platform-3.5.3.jar:3.5.3]
#15 42.52 	at org.apache.maven.surefire.booter.ForkedBooter.runSuitesInProcess(ForkedBooter.java:385) ~[surefire-booter-3.5.3.jar:3.5.3]
#15 42.52 	at org.apache.maven.surefire.booter.ForkedBooter.execute(ForkedBooter.java:162) ~[surefire-booter-3.5.3.jar:3.5.3]
#15 42.52 	at org.apache.maven.surefire.booter.ForkedBooter.run(ForkedBooter.java:507) ~[surefire-booter-3.5.3.jar:3.5.3]
#15 42.52 	at org.apache.maven.surefire.booter.ForkedBooter.main(ForkedBooter.java:495) ~[surefire-booter-3.5.3.jar:3.5.3]
#15 42.52 Caused by: org.springframework.beans.factory.BeanCreationException: Error creating bean with name 'entityManagerFactory' defined in class path resource [org/springframework/boot/autoconfigure/orm/jpa/HibernateJpaConfiguration.class]: [PersistenceUnit: default] Unable to build Hibernate SessionFactory; nested exception is org.hibernate.exception.JDBCConnectionException: Unable to open JDBC Connection for DDL execution [The connection attempt failed.] [n/a]
#15 42.52 	at org.springframework.beans.factory.support.AbstractAutowireCapableBeanFactory.initializeBean(AbstractAutowireCapableBeanFactory.java:1818) ~[spring-beans-6.2.6.jar:6.2.6]
#15 42.52 	at org.springframework.beans.factory.support.AbstractAutowireCapableBeanFactory.doCreateBean(AbstractAutowireCapableBeanFactory.java:607) ~[spring-beans-6.2.6.jar:6.2.6]
#15 42.52 	at org.springframework.beans.factory.support.AbstractAutowireCapableBeanFactory.createBean(AbstractAutowireCapableBeanFactory.java:529) ~[spring-beans-6.2.6.jar:6.2.6]
#15 42.52 	at org.springframework.beans.factory.support.AbstractBeanFactory.lambda$doGetBean$0(AbstractBeanFactory.java:339) ~[spring-beans-6.2.6.jar:6.2.6]
#15 42.52 	at org.springframework.beans.factory.support.DefaultSingletonBeanRegistry.getSingleton(DefaultSingletonBeanRegistry.java:371) ~[spring-beans-6.2.6.jar:6.2.6]
#15 42.52 	at org.springframework.beans.factory.support.AbstractBeanFactory.doGetBean(AbstractBeanFactory.java:337) ~[spring-beans-6.2.6.jar:6.2.6]
#15 42.52 	at org.springframework.beans.factory.support.AbstractBeanFactory.getBean(AbstractBeanFactory.java:207) ~[spring-beans-6.2.6.jar:6.2.6]
#15 42.52 	at org.springframework.context.support.AbstractApplicationContext.finishBeanFactoryInitialization(AbstractApplicationContext.java:970) ~[spring-context-6.2.6.jar:6.2.6]
#15 42.52 	at org.springframework.context.support.AbstractApplicationContext.refresh(AbstractApplicationContext.java:627) ~[spring-context-6.2.6.jar:6.2.6]
#15 42.52 	at org.springframework.boot.SpringApplication.refresh(SpringApplication.java:753) ~[spring-boot-3.4.5.jar:3.4.5]
#15 42.52 	at org.springframework.boot.SpringApplication.refreshContext(SpringApplication.java:439) ~[spring-boot-3.4.5.jar:3.4.5]
#15 42.52 	at org.springframework.boot.SpringApplication.run(SpringApplication.java:318) ~[spring-boot-3.4.5.jar:3.4.5]
#15 42.52 	at org.springframework.boot.test.context.SpringBootContextLoader.lambda$loadContext$3(SpringBootContextLoader.java:144) ~[spring-boot-test-3.4.5.jar:3.4.5]
#15 42.52 	at org.springframework.util.function.ThrowingSupplier.get(ThrowingSupplier.java:58) ~[spring-core-6.2.6.jar:6.2.6]
#15 42.52 	at org.springframework.util.function.ThrowingSupplier.get(ThrowingSupplier.java:46) ~[spring-core-6.2.6.jar:6.2.6]
#15 42.52 	at org.springframework.boot.SpringApplication.withHook(SpringApplication.java:1462) ~[spring-boot-3.4.5.jar:3.4.5]
#15 42.52 	at org.springframework.boot.test.context.SpringBootContextLoader$ContextLoaderHook.run(SpringBootContextLoader.java:563) ~[spring-boot-test-3.4.5.jar:3.4.5]
#15 42.52 	at org.springframework.boot.test.context.SpringBootContextLoader.loadContext(SpringBootContextLoader.java:144) ~[spring-boot-test-3.4.5.jar:3.4.5]
#15 42.52 	at org.springframework.boot.test.context.SpringBootContextLoader.loadContext(SpringBootContextLoader.java:110) ~[spring-boot-test-3.4.5.jar:3.4.5]
#15 42.52 	at org.springframework.test.context.cache.DefaultCacheAwareContextLoaderDelegate.loadContextInternal(DefaultCacheAwareContextLoaderDelegate.java:225) ~[spring-test-6.2.6.jar:6.2.6]
#15 42.52 	at org.springframework.test.context.cache.DefaultCacheAwareContextLoaderDelegate.loadContext(DefaultCacheAwareContextLoaderDelegate.java:152) ~[spring-test-6.2.6.jar:6.2.6]
#15 42.52 	... 75 common frames omitted
#15 42.52 Caused by: jakarta.persistence.PersistenceException: [PersistenceUnit: default] Unable to build Hibernate SessionFactory; nested exception is org.hibernate.exception.JDBCConnectionException: Unable to open JDBC Connection for DDL execution [The connection attempt failed.] [n/a]
#15 42.52 	at org.springframework.orm.jpa.AbstractEntityManagerFactoryBean.buildNativeEntityManagerFactory(AbstractEntityManagerFactoryBean.java:431) ~[spring-orm-6.2.6.jar:6.2.6]
#15 42.52 	at org.springframework.orm.jpa.AbstractEntityManagerFactoryBean.afterPropertiesSet(AbstractEntityManagerFactoryBean.java:400) ~[spring-orm-6.2.6.jar:6.2.6]
#15 42.52 	at org.springframework.orm.jpa.LocalContainerEntityManagerFactoryBean.afterPropertiesSet(LocalContainerEntityManagerFactoryBean.java:366) ~[spring-orm-6.2.6.jar:6.2.6]
#15 42.52 	at org.springframework.beans.factory.support.AbstractAutowireCapableBeanFactory.invokeInitMethods(AbstractAutowireCapableBeanFactory.java:1865) ~[spring-beans-6.2.6.jar:6.2.6]
#15 42.52 	at org.springframework.beans.factory.support.AbstractAutowireCapableBeanFactory.initializeBean(AbstractAutowireCapableBeanFactory.java:1814) ~[spring-beans-6.2.6.jar:6.2.6]
#15 42.52 	... 95 common frames omitted
#15 42.52 Caused by: org.hibernate.exception.JDBCConnectionException: Unable to open JDBC Connection for DDL execution [The connection attempt failed.] [n/a]
#15 42.52 	at org.hibernate.exception.internal.SQLStateConversionDelegate.convert(SQLStateConversionDelegate.java:100) ~[hibernate-core-6.6.13.Final.jar:6.6.13.Final]
#15 42.52 	at org.hibernate.exception.internal.StandardSQLExceptionConverter.convert(StandardSQLExceptionConverter.java:58) ~[hibernate-core-6.6.13.Final.jar:6.6.13.Final]
#15 42.52 	at org.hibernate.engine.jdbc.spi.SqlExceptionHelper.convert(SqlExceptionHelper.java:108) ~[hibernate-core-6.6.13.Final.jar:6.6.13.Final]
#15 42.52 	at org.hibernate.engine.jdbc.spi.SqlExceptionHelper.convert(SqlExceptionHelper.java:94) ~[hibernate-core-6.6.13.Final.jar:6.6.13.Final]
#15 42.52 	at org.hibernate.resource.transaction.backend.jdbc.internal.DdlTransactionIsolatorNonJtaImpl.getIsolatedConnection(DdlTransactionIsolatorNonJtaImpl.java:74) ~[hibernate-core-6.6.13.Final.jar:6.6.13.Final]
#15 42.52 	at org.hibernate.resource.transaction.backend.jdbc.internal.DdlTransactionIsolatorNonJtaImpl.getIsolatedConnection(DdlTransactionIsolatorNonJtaImpl.java:39) ~[hibernate-core-6.6.13.Final.jar:6.6.13.Final]
#15 42.52 	at org.hibernate.tool.schema.internal.exec.ImprovedExtractionContextImpl.getJdbcConnection(ImprovedExtractionContextImpl.java:63) ~[hibernate-core-6.6.13.Final.jar:6.6.13.Final]
#15 42.52 	at org.hibernate.tool.schema.extract.spi.ExtractionContext.getQueryResults(ExtractionContext.java:43) ~[hibernate-core-6.6.13.Final.jar:6.6.13.Final]
#15 42.52 	at org.hibernate.tool.schema.extract.internal.SequenceInformationExtractorLegacyImpl.extractMetadata(SequenceInformationExtractorLegacyImpl.java:39) ~[hibernate-core-6.6.13.Final.jar:6.6.13.Final]
#15 42.52 	at org.hibernate.tool.schema.extract.internal.DatabaseInformationImpl.initializeSequences(DatabaseInformationImpl.java:66) ~[hibernate-core-6.6.13.Final.jar:6.6.13.Final]
#15 42.52 	at org.hibernate.tool.schema.extract.internal.DatabaseInformationImpl.<init>(DatabaseInformationImpl.java:60) ~[hibernate-core-6.6.13.Final.jar:6.6.13.Final]
#15 42.52 	at org.hibernate.tool.schema.internal.Helper.buildDatabaseInformation(Helper.java:185) ~[hibernate-core-6.6.13.Final.jar:6.6.13.Final]
#15 42.52 	at org.hibernate.tool.schema.internal.AbstractSchemaMigrator.doMigration(AbstractSchemaMigrator.java:93) ~[hibernate-core-6.6.13.Final.jar:6.6.13.Final]
#15 42.52 	at org.hibernate.tool.schema.spi.SchemaManagementToolCoordinator.performDatabaseAction(SchemaManagementToolCoordinator.java:280) ~[hibernate-core-6.6.13.Final.jar:6.6.13.Final]
#15 42.52 	at org.hibernate.tool.schema.spi.SchemaManagementToolCoordinator.lambda$process$5(SchemaManagementToolCoordinator.java:144) ~[hibernate-core-6.6.13.Final.jar:6.6.13.Final]
#15 42.52 	at java.base/java.util.HashMap.forEach(HashMap.java:1429) ~[na:na]
#15 42.52 	at org.hibernate.tool.schema.spi.SchemaManagementToolCoordinator.process(SchemaManagementToolCoordinator.java:141) ~[hibernate-core-6.6.13.Final.jar:6.6.13.Final]
#15 42.52 	at org.hibernate.boot.internal.SessionFactoryObserverForSchemaExport.sessionFactoryCreated(SessionFactoryObserverForSchemaExport.java:37) ~[hibernate-core-6.6.13.Final.jar:6.6.13.Final]
#15 42.52 	at org.hibernate.internal.SessionFactoryObserverChain.sessionFactoryCreated(SessionFactoryObserverChain.java:35) ~[hibernate-core-6.6.13.Final.jar:6.6.13.Final]
#15 42.52 	at org.hibernate.internal.SessionFactoryImpl.<init>(SessionFactoryImpl.java:324) ~[hibernate-core-6.6.13.Final.jar:6.6.13.Final]
#15 42.52 	at org.hibernate.boot.internal.SessionFactoryBuilderImpl.build(SessionFactoryBuilderImpl.java:463) ~[hibernate-core-6.6.13.Final.jar:6.6.13.Final]
#15 42.52 	at org.hibernate.jpa.boot.internal.EntityManagerFactoryBuilderImpl.build(EntityManagerFactoryBuilderImpl.java:1517) ~[hibernate-core-6.6.13.Final.jar:6.6.13.Final]
#15 42.52 	at org.springframework.orm.jpa.vendor.SpringHibernateJpaPersistenceProvider.createContainerEntityManagerFactory(SpringHibernateJpaPersistenceProvider.java:66) ~[spring-orm-6.2.6.jar:6.2.6]
#15 42.52 	at org.springframework.orm.jpa.LocalContainerEntityManagerFactoryBean.createNativeEntityManagerFactory(LocalContainerEntityManagerFactoryBean.java:390) ~[spring-orm-6.2.6.jar:6.2.6]
#15 42.52 	at org.springframework.orm.jpa.AbstractEntityManagerFactoryBean.buildNativeEntityManagerFactory(AbstractEntityManagerFactoryBean.java:419) ~[spring-orm-6.2.6.jar:6.2.6]
#15 42.52 	... 99 common frames omitted
#15 42.52 Caused by: org.postgresql.util.PSQLException: The connection attempt failed.
#15 42.52 	at org.postgresql.core.v3.ConnectionFactoryImpl.openConnectionImpl(ConnectionFactoryImpl.java:364) ~[postgresql-42.7.5.jar:42.7.5]
#15 42.52 	at org.postgresql.core.ConnectionFactory.openConnection(ConnectionFactory.java:54) ~[postgresql-42.7.5.jar:42.7.5]
#15 42.52 	at org.postgresql.jdbc.PgConnection.<init>(PgConnection.java:273) ~[postgresql-42.7.5.jar:42.7.5]
#15 42.52 	at org.postgresql.Driver.makeConnection(Driver.java:446) ~[postgresql-42.7.5.jar:42.7.5]
#15 42.52 	at org.postgresql.Driver.connect(Driver.java:298) ~[postgresql-42.7.5.jar:42.7.5]
#15 42.52 	at com.zaxxer.hikari.util.DriverDataSource.getConnection(DriverDataSource.java:137) ~[HikariCP-5.1.0.jar:na]
#15 42.52 	at com.zaxxer.hikari.pool.PoolBase.newConnection(PoolBase.java:360) ~[HikariCP-5.1.0.jar:na]
#15 42.52 	at com.zaxxer.hikari.pool.PoolBase.newPoolEntry(PoolBase.java:202) ~[HikariCP-5.1.0.jar:na]
#15 42.52 	at com.zaxxer.hikari.pool.HikariPool.createPoolEntry(HikariPool.java:461) ~[HikariCP-5.1.0.jar:na]
#15 42.52 	at com.zaxxer.hikari.pool.HikariPool.checkFailFast(HikariPool.java:550) ~[HikariCP-5.1.0.jar:na]
#15 42.52 	at com.zaxxer.hikari.pool.HikariPool.<init>(HikariPool.java:98) ~[HikariCP-5.1.0.jar:na]
#15 42.52 	at com.zaxxer.hikari.HikariDataSource.getConnection(HikariDataSource.java:111) ~[HikariCP-5.1.0.jar:na]
#15 42.52 	at org.hibernate.engine.jdbc.connections.internal.DatasourceConnectionProviderImpl.getConnection(DatasourceConnectionProviderImpl.java:126) ~[hibernate-core-6.6.13.Final.jar:6.6.13.Final]
#15 42.52 	at org.hibernate.engine.jdbc.env.internal.JdbcEnvironmentInitiator$ConnectionProviderJdbcConnectionAccess.obtainConnection(JdbcEnvironmentInitiator.java:467) ~[hibernate-core-6.6.13.Final.jar:6.6.13.Final]
#15 42.52 	at org.hibernate.resource.transaction.backend.jdbc.internal.DdlTransactionIsolatorNonJtaImpl.getIsolatedConnection(DdlTransactionIsolatorNonJtaImpl.java:46) ~[hibernate-core-6.6.13.Final.jar:6.6.13.Final]
#15 42.52 	... 119 common frames omitted
#15 42.52 Caused by: java.net.UnknownHostException: db
#15 42.52 	at java.base/sun.nio.ch.NioSocketImpl.connect(NioSocketImpl.java:567) ~[na:na]
#15 42.52 	at java.base/java.net.SocksSocketImpl.connect(SocksSocketImpl.java:327) ~[na:na]
#15 42.52 	at java.base/java.net.Socket.connect(Socket.java:751) ~[na:na]
#15 42.52 	at org.postgresql.core.PGStream.createSocket(PGStream.java:260) ~[postgresql-42.7.5.jar:42.7.5]
#15 42.52 	at org.postgresql.core.PGStream.<init>(PGStream.java:121) ~[postgresql-42.7.5.jar:42.7.5]
#15 42.52 	at org.postgresql.core.v3.ConnectionFactoryImpl.tryConnect(ConnectionFactoryImpl.java:140) ~[postgresql-42.7.5.jar:42.7.5]
#15 42.52 	at org.postgresql.core.v3.ConnectionFactoryImpl.openConnectionImpl(ConnectionFactoryImpl.java:268) ~[postgresql-42.7.5.jar:42.7.5]
#15 42.52 	... 133 common frames omitted
#15 42.52 
#15 42.75 [ERROR] Tests run: 1, Failures: 0, Errors: 1, Skipped: 0, Time elapsed: 15.65 s <<< FAILURE! -- in com.stklue.patient_service.PatientServiceApplicationTests
#15 42.75 [ERROR] com.stklue.patient_service.PatientServiceApplicationTests.contextLoads -- Time elapsed: 0.037 s <<< ERROR!
#15 42.75 java.lang.IllegalStateException: Failed to load ApplicationContext for [WebMergedContextConfiguration@6f25ed2b testClass = com.stklue.patient_service.PatientServiceApplicationTests, locations = [], classes = [com.stklue.patient_service.PatientServiceApplication], contextInitializerClasses = [], activeProfiles = [], propertySourceDescriptors = [], propertySourceProperties = ["org.springframework.boot.test.context.SpringBootTestContextBootstrapper=true"], contextCustomizers = [org.springframework.boot.test.context.filter.ExcludeFilterContextCustomizer@6f53b8a, org.springframework.boot.test.json.DuplicateJsonObjectContextCustomizerFactory$DuplicateJsonObjectContextCustomizer@1a245833, org.springframework.boot.test.mock.mockito.MockitoContextCustomizer@0, org.springframework.boot.test.web.client.TestRestTemplateContextCustomizer@48e1f6c7, org.springframework.boot.test.web.reactor.netty.DisableReactorResourceFactoryGlobalResourcesContextCustomizerFactory$DisableReactorResourceFactoryGlobalResourcesContextCustomizerCustomizer@14fc5f04, org.springframework.boot.test.autoconfigure.OnFailureConditionReportContextCustomizerFactory$OnFailureConditionReportContextCustomizer@6a8658ff, org.springframework.boot.test.autoconfigure.actuate.observability.ObservabilityContextCustomizerFactory$DisableObservabilityContextCustomizer@1f, org.springframework.boot.test.autoconfigure.properties.PropertyMappingContextCustomizer@0, org.springframework.boot.test.autoconfigure.web.servlet.WebDriverContextCustomizer@28cda624, org.springframework.test.context.support.DynamicPropertiesContextCustomizer@0, org.springframework.boot.test.context.SpringBootTestAnnotation@64539661], resourceBasePath = "src/main/webapp", contextLoader = org.springframework.boot.test.context.SpringBootContextLoader, parent = null]
#15 42.75 	at org.springframework.test.context.cache.DefaultCacheAwareContextLoaderDelegate.loadContext(DefaultCacheAwareContextLoaderDelegate.java:180)
#15 42.75 	at org.springframework.test.context.support.DefaultTestContext.getApplicationContext(DefaultTestContext.java:130)
#15 42.75 	at org.springframework.test.context.web.ServletTestExecutionListener.setUpRequestContextIfNecessary(ServletTestExecutionListener.java:200)
#15 42.75 	at org.springframework.test.context.web.ServletTestExecutionListener.prepareTestInstance(ServletTestExecutionListener.java:139)
#15 42.75 	at org.springframework.test.context.TestContextManager.prepareTestInstance(TestContextManager.java:260)
#15 42.75 	at org.springframework.test.context.junit.jupiter.SpringExtension.postProcessTestInstance(SpringExtension.java:159)
#15 42.75 	at java.base/java.util.stream.ForEachOps$ForEachOp$OfRef.accept(ForEachOps.java:184)
#15 42.75 	at java.base/java.util.stream.ReferencePipeline$3$1.accept(ReferencePipeline.java:197)
#15 42.75 	at java.base/java.util.stream.ReferencePipeline$2$1.accept(ReferencePipeline.java:179)
#15 42.75 	at java.base/java.util.stream.ReferencePipeline$3$1.accept(ReferencePipeline.java:197)
#15 42.75 	at java.base/java.util.ArrayList$ArrayListSpliterator.forEachRemaining(ArrayList.java:1708)
#15 42.75 	at java.base/java.util.stream.AbstractPipeline.copyInto(AbstractPipeline.java:509)
#15 42.75 	at java.base/java.util.stream.AbstractPipeline.wrapAndCopyInto(AbstractPipeline.java:499)
#15 42.75 	at java.base/java.util.stream.ForEachOps$ForEachOp.evaluateSequential(ForEachOps.java:151)
#15 42.75 	at java.base/java.util.stream.ForEachOps$ForEachOp$OfRef.evaluateSequential(ForEachOps.java:174)
#15 42.75 	at java.base/java.util.stream.AbstractPipeline.evaluate(AbstractPipeline.java:234)
#15 42.75 	at java.base/java.util.stream.ReferencePipeline.forEach(ReferencePipeline.java:596)
#15 42.75 	at java.base/java.util.Optional.orElseGet(Optional.java:364)
#15 42.75 	at java.base/java.util.ArrayList.forEach(ArrayList.java:1596)
#15 42.75 	at java.base/java.util.ArrayList.forEach(ArrayList.java:1596)
#15 42.75 Caused by: org.springframework.beans.factory.BeanCreationException: Error creating bean with name 'entityManagerFactory' defined in class path resource [org/springframework/boot/autoconfigure/orm/jpa/HibernateJpaConfiguration.class]: [PersistenceUnit: default] Unable to build Hibernate SessionFactory; nested exception is org.hibernate.exception.JDBCConnectionException: Unable to open JDBC Connection for DDL execution [The connection attempt failed.] [n/a]
#15 42.75 	at org.springframework.beans.factory.support.AbstractAutowireCapableBeanFactory.initializeBean(AbstractAutowireCapableBeanFactory.java:1818)
#15 42.75 	at org.springframework.beans.factory.support.AbstractAutowireCapableBeanFactory.doCreateBean(AbstractAutowireCapableBeanFactory.java:607)
#15 42.75 	at org.springframework.beans.factory.support.AbstractAutowireCapableBeanFactory.createBean(AbstractAutowireCapableBeanFactory.java:529)
#15 42.75 	at org.springframework.beans.factory.support.AbstractBeanFactory.lambda$doGetBean$0(AbstractBeanFactory.java:339)
#15 42.75 	at org.springframework.beans.factory.support.DefaultSingletonBeanRegistry.getSingleton(DefaultSingletonBeanRegistry.java:371)
#15 42.75 	at org.springframework.beans.factory.support.AbstractBeanFactory.doGetBean(AbstractBeanFactory.java:337)
#15 42.75 	at org.springframework.beans.factory.support.AbstractBeanFactory.getBean(AbstractBeanFactory.java:207)
#15 42.75 	at org.springframework.context.support.AbstractApplicationContext.finishBeanFactoryInitialization(AbstractApplicationContext.java:970)
#15 42.75 	at org.springframework.context.support.AbstractApplicationContext.refresh(AbstractApplicationContext.java:627)
#15 42.75 	at org.springframework.boot.SpringApplication.refresh(SpringApplication.java:753)
#15 42.75 	at org.springframework.boot.SpringApplication.refreshContext(SpringApplication.java:439)
#15 42.75 	at org.springframework.boot.SpringApplication.run(SpringApplication.java:318)
#15 42.75 	at org.springframework.boot.test.context.SpringBootContextLoader.lambda$loadContext$3(SpringBootContextLoader.java:144)
#15 42.75 	at org.springframework.util.function.ThrowingSupplier.get(ThrowingSupplier.java:58)
#15 42.75 	at org.springframework.util.function.ThrowingSupplier.get(ThrowingSupplier.java:46)
#15 42.75 	at org.springframework.boot.SpringApplication.withHook(SpringApplication.java:1462)
#15 42.75 	at org.springframework.boot.test.context.SpringBootContextLoader$ContextLoaderHook.run(SpringBootContextLoader.java:563)
#15 42.75 	at org.springframework.boot.test.context.SpringBootContextLoader.loadContext(SpringBootContextLoader.java:144)
#15 42.75 	at org.springframework.boot.test.context.SpringBootContextLoader.loadContext(SpringBootContextLoader.java:110)
#15 42.75 	at org.springframework.test.context.cache.DefaultCacheAwareContextLoaderDelegate.loadContextInternal(DefaultCacheAwareContextLoaderDelegate.java:225)
#15 42.75 	at org.springframework.test.context.cache.DefaultCacheAwareContextLoaderDelegate.loadContext(DefaultCacheAwareContextLoaderDelegate.java:152)
#15 42.75 	... 19 more
#15 42.75 Caused by: jakarta.persistence.PersistenceException: [PersistenceUnit: default] Unable to build Hibernate SessionFactory; nested exception is org.hibernate.exception.JDBCConnectionException: Unable to open JDBC Connection for DDL execution [The connection attempt failed.] [n/a]
#15 42.75 	at org.springframework.orm.jpa.AbstractEntityManagerFactoryBean.buildNativeEntityManagerFactory(AbstractEntityManagerFactoryBean.java:431)
#15 42.75 	at org.springframework.orm.jpa.AbstractEntityManagerFactoryBean.afterPropertiesSet(AbstractEntityManagerFactoryBean.java:400)
#15 42.75 	at org.springframework.orm.jpa.LocalContainerEntityManagerFactoryBean.afterPropertiesSet(LocalContainerEntityManagerFactoryBean.java:366)
#15 42.75 	at org.springframework.beans.factory.support.AbstractAutowireCapableBeanFactory.invokeInitMethods(AbstractAutowireCapableBeanFactory.java:1865)
#15 42.75 	at org.springframework.beans.factory.support.AbstractAutowireCapableBeanFactory.initializeBean(AbstractAutowireCapableBeanFactory.java:1814)
#15 42.75 	... 39 more
#15 42.75 Caused by: org.hibernate.exception.JDBCConnectionException: Unable to open JDBC Connection for DDL execution [The connection attempt failed.] [n/a]
#15 42.75 	at org.hibernate.exception.internal.SQLStateConversionDelegate.convert(SQLStateConversionDelegate.java:100)
#15 42.75 	at org.hibernate.exception.internal.StandardSQLExceptionConverter.convert(StandardSQLExceptionConverter.java:58)
#15 42.75 	at org.hibernate.engine.jdbc.spi.SqlExceptionHelper.convert(SqlExceptionHelper.java:108)
#15 42.75 	at org.hibernate.engine.jdbc.spi.SqlExceptionHelper.convert(SqlExceptionHelper.java:94)
#15 42.75 	at org.hibernate.resource.transaction.backend.jdbc.internal.DdlTransactionIsolatorNonJtaImpl.getIsolatedConnection(DdlTransactionIsolatorNonJtaImpl.java:74)
#15 42.75 	at org.hibernate.resource.transaction.backend.jdbc.internal.DdlTransactionIsolatorNonJtaImpl.getIsolatedConnection(DdlTransactionIsolatorNonJtaImpl.java:39)
#15 42.75 	at org.hibernate.tool.schema.internal.exec.ImprovedExtractionContextImpl.getJdbcConnection(ImprovedExtractionContextImpl.java:63)
#15 42.75 	at org.hibernate.tool.schema.extract.spi.ExtractionContext.getQueryResults(ExtractionContext.java:43)
#15 42.75 	at org.hibernate.tool.schema.extract.internal.SequenceInformationExtractorLegacyImpl.extractMetadata(SequenceInformationExtractorLegacyImpl.java:39)
#15 42.75 	at org.hibernate.tool.schema.extract.internal.DatabaseInformationImpl.initializeSequences(DatabaseInformationImpl.java:66)
#15 42.75 	at org.hibernate.tool.schema.extract.internal.DatabaseInformationImpl.<init>(DatabaseInformationImpl.java:60)
#15 42.75 	at org.hibernate.tool.schema.internal.Helper.buildDatabaseInformation(Helper.java:185)
#15 42.75 	at org.hibernate.tool.schema.internal.AbstractSchemaMigrator.doMigration(AbstractSchemaMigrator.java:93)
#15 42.75 	at org.hibernate.tool.schema.spi.SchemaManagementToolCoordinator.performDatabaseAction(SchemaManagementToolCoordinator.java:280)
#15 42.75 	at org.hibernate.tool.schema.spi.SchemaManagementToolCoordinator.lambda$process$5(SchemaManagementToolCoordinator.java:144)
#15 42.75 	at java.base/java.util.HashMap.forEach(HashMap.java:1429)
#15 42.75 	at org.hibernate.tool.schema.spi.SchemaManagementToolCoordinator.process(SchemaManagementToolCoordinator.java:141)
#15 42.75 	at org.hibernate.boot.internal.SessionFactoryObserverForSchemaExport.sessionFactoryCreated(SessionFactoryObserverForSchemaExport.java:37)
#15 42.75 	at org.hibernate.internal.SessionFactoryObserverChain.sessionFactoryCreated(SessionFactoryObserverChain.java:35)
#15 42.75 	at org.hibernate.internal.SessionFactoryImpl.<init>(SessionFactoryImpl.java:324)
#15 42.75 	at org.hibernate.boot.internal.SessionFactoryBuilderImpl.build(SessionFactoryBuilderImpl.java:463)
#15 42.75 	at org.hibernate.jpa.boot.internal.EntityManagerFactoryBuilderImpl.build(EntityManagerFactoryBuilderImpl.java:1517)
#15 42.75 	at org.springframework.orm.jpa.vendor.SpringHibernateJpaPersistenceProvider.createContainerEntityManagerFactory(SpringHibernateJpaPersistenceProvider.java:66)
#15 42.75 	at org.springframework.orm.jpa.LocalContainerEntityManagerFactoryBean.createNativeEntityManagerFactory(LocalContainerEntityManagerFactoryBean.java:390)
#15 42.75 	at org.springframework.orm.jpa.AbstractEntityManagerFactoryBean.buildNativeEntityManagerFactory(AbstractEntityManagerFactoryBean.java:419)
#15 42.75 	... 43 more
#15 42.75 Caused by: org.postgresql.util.PSQLException: The connection attempt failed.
#15 42.75 	at org.postgresql.core.v3.ConnectionFactoryImpl.openConnectionImpl(ConnectionFactoryImpl.java:364)
#15 42.75 	at org.postgresql.core.ConnectionFactory.openConnection(ConnectionFactory.java:54)
#15 42.75 	at org.postgresql.jdbc.PgConnection.<init>(PgConnection.java:273)
#15 42.75 	at org.postgresql.Driver.makeConnection(Driver.java:446)
#15 42.75 	at org.postgresql.Driver.connect(Driver.java:298)
#15 42.75 	at com.zaxxer.hikari.util.DriverDataSource.getConnection(DriverDataSource.java:137)
#15 42.75 	at com.zaxxer.hikari.pool.PoolBase.newConnection(PoolBase.java:360)
#15 42.75 	at com.zaxxer.hikari.pool.PoolBase.newPoolEntry(PoolBase.java:202)
#15 42.75 	at com.zaxxer.hikari.pool.HikariPool.createPoolEntry(HikariPool.java:461)
#15 42.75 	at com.zaxxer.hikari.pool.HikariPool.checkFailFast(HikariPool.java:550)
#15 42.75 	at com.zaxxer.hikari.pool.HikariPool.<init>(HikariPool.java:98)
#15 42.75 	at com.zaxxer.hikari.HikariDataSource.getConnection(HikariDataSource.java:111)
#15 42.75 	at org.hibernate.engine.jdbc.connections.internal.DatasourceConnectionProviderImpl.getConnection(DatasourceConnectionProviderImpl.java:126)
#15 42.75 	at org.hibernate.engine.jdbc.env.internal.JdbcEnvironmentInitiator$ConnectionProviderJdbcConnectionAccess.obtainConnection(JdbcEnvironmentInitiator.java:467)
#15 42.75 	at org.hibernate.resource.transaction.backend.jdbc.internal.DdlTransactionIsolatorNonJtaImpl.getIsolatedConnection(DdlTransactionIsolatorNonJtaImpl.java:46)
#15 42.75 	... 63 more
#15 42.75 Caused by: java.net.UnknownHostException: db
#15 42.75 	at java.base/sun.nio.ch.NioSocketImpl.connect(NioSocketImpl.java:567)
#15 42.75 	at java.base/java.net.SocksSocketImpl.connect(SocksSocketImpl.java:327)
#15 42.75 	at java.base/java.net.Socket.connect(Socket.java:751)
#15 42.75 	at org.postgresql.core.PGStream.createSocket(PGStream.java:260)
#15 42.75 	at org.postgresql.core.PGStream.<init>(PGStream.java:121)
#15 42.75 	at org.postgresql.core.v3.ConnectionFactoryImpl.tryConnect(ConnectionFactoryImpl.java:140)
#15 42.75 	at org.postgresql.core.v3.ConnectionFactoryImpl.openConnectionImpl(ConnectionFactoryImpl.java:268)
#15 42.75 	... 77 more
#15 42.75 
#15 42.83 [INFO] 
#15 42.83 [INFO] Results:
#15 42.83 [INFO] 
#15 42.84 [ERROR] Errors: 
#15 42.84 [ERROR]   PatientServiceApplicationTests.contextLoads  IllegalState Failed to load ApplicationContext for [WebMergedContextConfiguration@6f25ed2b testClass = com.stklue.patient_service.PatientServiceApplicationTests, locations = [], classes = [com.stklue.patient_service.PatientServiceApplication], contextInitializerClasses = [], activeProfiles = [], propertySourceDescriptors = [], propertySourceProperties = ["org.springframework.boot.test.context.SpringBootTestContextBootstrapper=true"], contextCustomizers = [org.springframework.boot.test.context.filter.ExcludeFilterContextCustomizer@6f53b8a, org.springframework.boot.test.json.DuplicateJsonObjectContextCustomizerFactory$DuplicateJsonObjectContextCustomizer@1a245833, org.springframework.boot.test.mock.mockito.MockitoContextCustomizer@0, org.springframework.boot.test.web.client.TestRestTemplateContextCustomizer@48e1f6c7, org.springframework.boot.test.web.reactor.netty.DisableReactorResourceFactoryGlobalResourcesContextCustomizerFactory$DisableReactorResourceFactoryGlobalResourcesContextCustomizerCustomizer@14fc5f04, org.springframework.boot.test.autoconfigure.OnFailureConditionReportContextCustomizerFactory$OnFailureConditionReportContextCustomizer@6a8658ff, org.springframework.boot.test.autoconfigure.actuate.observability.ObservabilityContextCustomizerFactory$DisableObservabilityContextCustomizer@1f, org.springframework.boot.test.autoconfigure.properties.PropertyMappingContextCustomizer@0, org.springframework.boot.test.autoconfigure.web.servlet.WebDriverContextCustomizer@28cda624, org.springframework.test.context.support.DynamicPropertiesContextCustomizer@0, org.springframework.boot.test.context.SpringBootTestAnnotation@64539661], resourceBasePath = "src/main/webapp", contextLoader = org.springframework.boot.test.context.SpringBootContextLoader, parent = null]
#15 42.84 [INFO] 
#15 42.84 [ERROR] Tests run: 1, Failures: 0, Errors: 1, Skipped: 0
#15 42.84 [INFO] 
#15 42.86 [INFO] ------------------------------------------------------------------------
#15 42.86 [INFO] BUILD FAILURE
#15 42.86 [INFO] ------------------------------------------------------------------------
#15 42.86 [INFO] Total time:  39.026 s
#15 42.87 [INFO] Finished at: 2025-05-13T11:11:34Z
#15 42.87 [INFO] ------------------------------------------------------------------------
#15 42.88 [ERROR] Failed to execute goal org.apache.maven.plugins:maven-surefire-plugin:3.5.3:test (default-test) on project patient-service: 
#15 42.88 [ERROR] 
#15 42.88 [ERROR] See /app/target/surefire-reports for the individual test results.
#15 42.88 [ERROR] See dump files (if any exist) [date].dump, [date]-jvmRun[N].dump and [date].dumpstream.
#15 42.88 [ERROR] -> [Help 1]
#15 42.88 [ERROR] 
#15 42.88 [ERROR] To see the full stack trace of the errors, re-run Maven with the -e switch.
#15 42.88 [ERROR] Re-run Maven using the -X switch to enable full debug logging.
#15 42.88 [ERROR] 
#15 42.88 [ERROR] For more information about the errors and possible solutions, please read the following articles:
#15 42.88 [ERROR] [Help 1] http://cwiki.apache.org/confluence/display/MAVEN/MojoFailureException
#15 ERROR: process "/bin/sh -c mvn clean package" did not complete successfully: exit code: 1
------
 > [patient-service builder 6/6] RUN mvn clean package:
42.88 [ERROR] 
42.88 [ERROR] See /app/target/surefire-reports for the individual test results.
42.88 [ERROR] See dump files (if any exist) [date].dump, [date]-jvmRun[N].dump and [date].dumpstream.
42.88 [ERROR] -> [Help 1]
42.88 [ERROR] 
42.88 [ERROR] To see the full stack trace of the errors, re-run Maven with the -e switch.
42.88 [ERROR] Re-run Maven using the -X switch to enable full debug logging.
42.88 [ERROR] 
42.88 [ERROR] For more information about the errors and possible solutions, please read the following articles:
42.88 [ERROR] [Help 1] http://cwiki.apache.org/confluence/display/MAVEN/MojoFailureException
------
